[ 2018-07-07T08:45:31+08:00 ] 127.0.0.1 /
INFO: [ app_init ] --START--
INFO: Run Behavior\BuildLiteBehavior [ RunTime:0.000020s ]
INFO: [ app_init ] --END-- [ RunTime:0.002307s ]
INFO: [ app_begin ] --START--
INFO: Run Behavior\ReadHtmlCacheBehavior [ RunTime:0.001538s ]
INFO: [ app_begin ] --END-- [ RunTime:0.001623s ]

[ 2018-07-07T08:45:31+08:00 ] 127.0.0.1 /Login/index.html
INFO: [ app_init ] --START--
INFO: Run Behavior\BuildLiteBehavior [ RunTime:0.000021s ]
INFO: [ app_init ] --END-- [ RunTime:0.000891s ]
INFO: [ app_begin ] --START--
INFO: Run Behavior\ReadHtmlCacheBehavior [ RunTime:0.001112s ]
INFO: [ app_begin ] --END-- [ RunTime:0.001204s ]
INFO: [ view_parse ] --START--
INFO: [ template_filter ] --START--
INFO: Run Behavior\ContentReplaceBehavior [ RunTime:0.002066s ]
INFO: [ template_filter ] --END-- [ RunTime:0.002200s ]
INFO: Run Behavior\ParseTemplateBehavior [ RunTime:0.027724s ]
INFO: [ view_parse ] --END-- [ RunTime:0.027811s ]
INFO: [ view_filter ] --START--
INFO: Run Behavior\WriteHtmlCacheBehavior [ RunTime:0.001782s ]
INFO: [ view_filter ] --END-- [ RunTime:0.001856s ]
INFO: [ app_end ] --START--
INFO: Run Behavior\ShowPageTraceBehavior [ RunTime:0.001622s ]
INFO: [ app_end ] --END-- [ RunTime:0.001703s ]

[ 2018-07-07T08:45:32+08:00 ] 127.0.0.1 /favicon.ico
INFO: [ app_init ] --START--
INFO: Run Behavior\BuildLiteBehavior [ RunTime:0.000025s ]
INFO: [ app_init ] --END-- [ RunTime:0.000852s ]

[ 2018-07-07T08:45:33+08:00 ] 127.0.0.1 /Login/doLogin.html
INFO: [ app_init ] --START--
INFO: Run Behavior\BuildLiteBehavior [ RunTime:0.000015s ]
INFO: [ app_init ] --END-- [ RunTime:0.000768s ]
INFO: [ app_begin ] --START--
INFO: Run Behavior\ReadHtmlCacheBehavior [ RunTime:0.000688s ]
INFO: [ app_begin ] --END-- [ RunTime:0.000736s ]
SQL: SHOW COLUMNS FROM `admin` [ RunTime:0.0666s ]
SQL: SELECT * FROM `admin` WHERE `username` = 'admin' AND `password` = '3f47c8a76a2af609c466ed3b6214aa31' LIMIT 1   [ RunTime:0.0642s ]

[ 2018-07-07T08:45:37+08:00 ] 127.0.0.1 /Index/index.html
INFO: [ app_init ] --START--
INFO: Run Behavior\BuildLiteBehavior [ RunTime:0.000013s ]
INFO: [ app_init ] --END-- [ RunTime:0.000516s ]
INFO: [ app_begin ] --START--
INFO: Run Behavior\ReadHtmlCacheBehavior [ RunTime:0.000986s ]
INFO: [ app_begin ] --END-- [ RunTime:0.001073s ]
INFO: [ view_parse ] --START--
INFO: [ template_filter ] --START--
INFO: Run Behavior\ContentReplaceBehavior [ RunTime:0.000111s ]
INFO: [ template_filter ] --END-- [ RunTime:0.000164s ]
INFO: Run Behavior\ParseTemplateBehavior [ RunTime:0.016585s ]
INFO: [ view_parse ] --END-- [ RunTime:0.016653s ]
INFO: [ view_filter ] --START--
INFO: Run Behavior\WriteHtmlCacheBehavior [ RunTime:0.000560s ]
INFO: [ view_filter ] --END-- [ RunTime:0.000595s ]
INFO: [ app_end ] --START--
INFO: Run Behavior\ShowPageTraceBehavior [ RunTime:0.000681s ]
INFO: [ app_end ] --END-- [ RunTime:0.000730s ]

[ 2018-07-07T08:45:49+08:00 ] 127.0.0.1 /CaregiverBaby/index.html
INFO: [ app_init ] --START--
INFO: Run Behavior\BuildLiteBehavior [ RunTime:0.000014s ]
INFO: [ app_init ] --END-- [ RunTime:0.000585s ]
INFO: [ app_begin ] --START--
INFO: Run Behavior\ReadHtmlCacheBehavior [ RunTime:0.000806s ]
INFO: [ app_begin ] --END-- [ RunTime:0.000876s ]
SQL: SHOW COLUMNS FROM `trainer` [ RunTime:0.0623s ]
SQL: SELECT `id`,`real_name`,`mobile` FROM `trainer` WHERE `status` = 1  [ RunTime:0.0611s ]
INFO: [ view_parse ] --START--
INFO: [ template_filter ] --START--
INFO: Run Behavior\ContentReplaceBehavior [ RunTime:0.000210s ]
INFO: [ template_filter ] --END-- [ RunTime:0.000284s ]
INFO: Run Behavior\ParseTemplateBehavior [ RunTime:0.016961s ]
INFO: [ view_parse ] --END-- [ RunTime:0.017040s ]
INFO: [ view_filter ] --START--
INFO: Run Behavior\WriteHtmlCacheBehavior [ RunTime:0.000758s ]
INFO: [ view_filter ] --END-- [ RunTime:0.000806s ]
INFO: [ app_end ] --START--
INFO: Run Behavior\ShowPageTraceBehavior [ RunTime:0.000697s ]
INFO: [ app_end ] --END-- [ RunTime:0.000741s ]

[ 2018-07-07T08:45:50+08:00 ] 127.0.0.1 /CaregiverBaby/index.html?page=1&limit=10
INFO: [ app_init ] --START--
INFO: Run Behavior\BuildLiteBehavior [ RunTime:0.000021s ]
INFO: [ app_init ] --END-- [ RunTime:0.000820s ]
INFO: [ app_begin ] --START--
INFO: Run Behavior\ReadHtmlCacheBehavior [ RunTime:0.000950s ]
INFO: [ app_begin ] --END-- [ RunTime:0.001031s ]
SQL: SHOW COLUMNS FROM `caregiver_baby` [ RunTime:0.1040s ]
SQL: SELECT COUNT(id) AS tp_count FROM caregiver_baby c LIMIT 1   [ RunTime:0.1013s ]
SQL: SELECT c.*,t.real_name,t.mobile FROM caregiver_baby c left join trainer t ON t.id=c.trainer_id  ORDER BY id desc LIMIT 0,10   [ RunTime:0.1482s ]

[ 2018-07-07T08:45:52+08:00 ] 127.0.0.1 /Train/index.html?trainer_id=2&caregiver_baby_id=6
INFO: [ app_init ] --START--
INFO: Run Behavior\BuildLiteBehavior [ RunTime:0.000013s ]
INFO: [ app_init ] --END-- [ RunTime:0.000509s ]
INFO: [ app_begin ] --START--
INFO: Run Behavior\ReadHtmlCacheBehavior [ RunTime:0.000882s ]
INFO: [ app_begin ] --END-- [ RunTime:0.000944s ]
SQL: SHOW COLUMNS FROM `trainer` [ RunTime:0.1122s ]
SQL: SELECT `id`,`real_name`,`mobile` FROM `trainer` WHERE `status` = 1  [ RunTime:0.1151s ]
INFO: [ view_parse ] --START--
INFO: [ template_filter ] --START--
INFO: Run Behavior\ContentReplaceBehavior [ RunTime:0.000135s ]
INFO: [ template_filter ] --END-- [ RunTime:0.000187s ]
INFO: Run Behavior\ParseTemplateBehavior [ RunTime:0.012567s ]
INFO: [ view_parse ] --END-- [ RunTime:0.012628s ]
INFO: [ view_filter ] --START--
INFO: Run Behavior\WriteHtmlCacheBehavior [ RunTime:0.000568s ]
INFO: [ view_filter ] --END-- [ RunTime:0.000603s ]
INFO: [ app_end ] --START--
INFO: Run Behavior\ShowPageTraceBehavior [ RunTime:0.001088s ]
INFO: [ app_end ] --END-- [ RunTime:0.001170s ]

[ 2018-07-07T08:45:53+08:00 ] 127.0.0.1 /Train/getCaregiverData.html?trainer_id=2
INFO: [ app_init ] --START--
INFO: Run Behavior\BuildLiteBehavior [ RunTime:0.000024s ]
INFO: [ app_init ] --END-- [ RunTime:0.000904s ]
INFO: [ app_begin ] --START--
INFO: Run Behavior\ReadHtmlCacheBehavior [ RunTime:0.007471s ]
INFO: [ app_begin ] --END-- [ RunTime:0.007566s ]
SQL: SHOW COLUMNS FROM `caregiver_baby` [ RunTime:0.0633s ]
SQL: SELECT `id`,`caregiver_name`,`baby_name` FROM `caregiver_baby` WHERE `trainer_id` = 2  [ RunTime:0.0623s ]

[ 2018-07-07T08:45:53+08:00 ] 127.0.0.1 /Train/index.html?trainer_id=2&caregiver_id=&add_time=&page=1&limit=10
INFO: [ app_init ] --START--
INFO: Run Behavior\BuildLiteBehavior [ RunTime:0.000012s ]
INFO: [ app_init ] --END-- [ RunTime:0.000518s ]
INFO: [ app_begin ] --START--
INFO: Run Behavior\ReadHtmlCacheBehavior [ RunTime:0.000952s ]
INFO: [ app_begin ] --END-- [ RunTime:0.001032s ]
SQL: SHOW COLUMNS FROM `train` [ RunTime:0.1017s ]
SQL: SELECT COUNT(id) AS tp_count FROM train t WHERE t.trainer_id = 2 LIMIT 1   [ RunTime:0.1062s ]
SQL: SELECT t.*,t_n.real_name,t_n.mobile,c_b.caregiver_name,c_b.baby_name,c.course FROM train t left join trainer t_n ON t_n.id=t.trainer_id left join caregiver_baby c_b ON c_b.id=t.caregiver_baby_id left join course c ON c.id=t.course_id  WHERE t.trainer_id = 2 ORDER BY id desc LIMIT 0,10   [ RunTime:0.0909s ]

[ 2018-07-07T08:46:01+08:00 ] 127.0.0.1 /Train/index.html?trainer_id=2&caregiver_id=6&add_time=2018-07-01+~+2018-07-31&page=1&limit=10
INFO: [ app_init ] --START--
INFO: Run Behavior\BuildLiteBehavior [ RunTime:0.000013s ]
INFO: [ app_init ] --END-- [ RunTime:0.000540s ]
INFO: [ app_begin ] --START--
INFO: Run Behavior\ReadHtmlCacheBehavior [ RunTime:0.000852s ]
INFO: [ app_begin ] --END-- [ RunTime:0.000918s ]
SQL: SHOW COLUMNS FROM `train` [ RunTime:0.2345s ]
SQL: SELECT COUNT(id) AS tp_count FROM train t WHERE t.trainer_id = 2 AND UNIX_TIMESTAMP(add_time) BETWEEN 1530374400 AND 1533052799 LIMIT 1   [ RunTime:0.2145s ]
ERR: 1052:Column 'add_time' in where clause is ambiguous
 [ SQL语句 ] : SELECT t.*,t_n.real_name,t_n.mobile,c_b.caregiver_name,c_b.baby_name,c.course FROM train t left join trainer t_n ON t_n.id=t.trainer_id left join caregiver_baby c_b ON c_b.id=t.caregiver_baby_id left join course c ON c.id=t.course_id  WHERE t.trainer_id = 2 AND UNIX_TIMESTAMP(add_time) BETWEEN 1530374400 AND 1533052799 ORDER BY id desc LIMIT 0,10  
ERR: 1052:Column 'add_time' in where clause is ambiguous
 [ SQL语句 ] : SELECT t.*,t_n.real_name,t_n.mobile,c_b.caregiver_name,c_b.baby_name,c.course FROM train t left join trainer t_n ON t_n.id=t.trainer_id left join caregiver_baby c_b ON c_b.id=t.caregiver_baby_id left join course c ON c.id=t.course_id  WHERE t.trainer_id = 2 AND UNIX_TIMESTAMP(add_time) BETWEEN 1530374400 AND 1533052799 ORDER BY id desc LIMIT 0,10  

[ 2018-07-07T08:46:07+08:00 ] 127.0.0.1 /Train/index.html?trainer_id=2&caregiver_id=6&add_time=2018-07-01+~+2018-07-31&page=1&limit=10
INFO: [ app_init ] --START--
INFO: Run Behavior\BuildLiteBehavior [ RunTime:0.000015s ]
INFO: [ app_init ] --END-- [ RunTime:0.000569s ]
INFO: [ app_begin ] --START--
INFO: Run Behavior\ReadHtmlCacheBehavior [ RunTime:0.000980s ]
INFO: [ app_begin ] --END-- [ RunTime:0.001048s ]
SQL: SHOW COLUMNS FROM `train` [ RunTime:0.0652s ]
SQL: SELECT COUNT(id) AS tp_count FROM train t WHERE t.trainer_id = 2 AND UNIX_TIMESTAMP(add_time) BETWEEN 1530374400 AND 1533052799 LIMIT 1   [ RunTime:0.0647s ]
ERR: 1052:Column 'add_time' in where clause is ambiguous
 [ SQL语句 ] : SELECT t.*,t_n.real_name,t_n.mobile,c_b.caregiver_name,c_b.baby_name,c.course FROM train t left join trainer t_n ON t_n.id=t.trainer_id left join caregiver_baby c_b ON c_b.id=t.caregiver_baby_id left join course c ON c.id=t.course_id  WHERE t.trainer_id = 2 AND UNIX_TIMESTAMP(add_time) BETWEEN 1530374400 AND 1533052799 ORDER BY id desc LIMIT 0,10  
ERR: 1052:Column 'add_time' in where clause is ambiguous
 [ SQL语句 ] : SELECT t.*,t_n.real_name,t_n.mobile,c_b.caregiver_name,c_b.baby_name,c.course FROM train t left join trainer t_n ON t_n.id=t.trainer_id left join caregiver_baby c_b ON c_b.id=t.caregiver_baby_id left join course c ON c.id=t.course_id  WHERE t.trainer_id = 2 AND UNIX_TIMESTAMP(add_time) BETWEEN 1530374400 AND 1533052799 ORDER BY id desc LIMIT 0,10  

[ 2018-07-07T08:46:24+08:00 ] 127.0.0.1 /Train/index.html?trainer_id=2&caregiver_id=6&add_time=2018-07-01+~+2018-07-31&page=1&limit=10
INFO: [ app_init ] --START--
INFO: Run Behavior\BuildLiteBehavior [ RunTime:0.000023s ]
INFO: [ app_init ] --END-- [ RunTime:0.000890s ]
INFO: [ app_begin ] --START--
INFO: Run Behavior\ReadHtmlCacheBehavior [ RunTime:0.001342s ]
INFO: [ app_begin ] --END-- [ RunTime:0.001449s ]
SQL: SHOW COLUMNS FROM `train` [ RunTime:0.1525s ]
SQL: SELECT COUNT(id) AS tp_count FROM train t WHERE t.trainer_id = 2 AND UNIX_TIMESTAMP(t.add_time) BETWEEN 1530374400 AND 1533052799 LIMIT 1   [ RunTime:0.0653s ]
SQL: SELECT t.*,t_n.real_name,t_n.mobile,c_b.caregiver_name,c_b.baby_name,c.course FROM train t left join trainer t_n ON t_n.id=t.trainer_id left join caregiver_baby c_b ON c_b.id=t.caregiver_baby_id left join course c ON c.id=t.course_id  WHERE t.trainer_id = 2 AND UNIX_TIMESTAMP(t.add_time) BETWEEN 1530374400 AND 1533052799 ORDER BY id desc LIMIT 0,10   [ RunTime:0.0630s ]

[ 2018-07-07T09:17:30+08:00 ] 127.0.0.1 /Train/index.html?trainer_id=2&caregiver_baby_id=6
INFO: [ app_init ] --START--
INFO: Run Behavior\BuildLiteBehavior [ RunTime:0.000020s ]
INFO: [ app_init ] --END-- [ RunTime:0.000770s ]
INFO: [ app_begin ] --START--
INFO: Run Behavior\ReadHtmlCacheBehavior [ RunTime:0.000684s ]
INFO: [ app_begin ] --END-- [ RunTime:0.000732s ]
SQL: SHOW COLUMNS FROM `trainer` [ RunTime:0.0706s ]
SQL: SELECT `id`,`real_name`,`mobile` FROM `trainer` WHERE `status` = 1  [ RunTime:0.0717s ]
INFO: [ view_parse ] --START--
INFO: [ template_filter ] --START--
INFO: Run Behavior\ContentReplaceBehavior [ RunTime:0.000540s ]
INFO: [ template_filter ] --END-- [ RunTime:0.000758s ]
INFO: Run Behavior\ParseTemplateBehavior [ RunTime:0.053085s ]
INFO: [ view_parse ] --END-- [ RunTime:0.053316s ]
INFO: [ view_filter ] --START--
INFO: Run Behavior\WriteHtmlCacheBehavior [ RunTime:0.002208s ]
INFO: [ view_filter ] --END-- [ RunTime:0.002460s ]
INFO: [ app_end ] --START--
INFO: Run Behavior\ShowPageTraceBehavior [ RunTime:0.001723s ]
INFO: [ app_end ] --END-- [ RunTime:0.001839s ]

[ 2018-07-07T09:17:31+08:00 ] 127.0.0.1 /Train/getCaregiverData.html?trainer_id=2
INFO: [ app_init ] --START--
INFO: Run Behavior\BuildLiteBehavior [ RunTime:0.000020s ]
INFO: [ app_init ] --END-- [ RunTime:0.000788s ]
INFO: [ app_begin ] --START--
INFO: Run Behavior\ReadHtmlCacheBehavior [ RunTime:0.001020s ]
INFO: [ app_begin ] --END-- [ RunTime:0.001104s ]
SQL: SHOW COLUMNS FROM `caregiver_baby` [ RunTime:0.0687s ]
SQL: SELECT `id`,`caregiver_name`,`baby_name` FROM `caregiver_baby` WHERE `trainer_id` = 2  [ RunTime:0.0664s ]

[ 2018-07-07T09:17:31+08:00 ] 127.0.0.1 /Train/index.html?trainer_id=2&caregiver_id=&add_time=&page=1&limit=10
INFO: [ app_init ] --START--
INFO: Run Behavior\BuildLiteBehavior [ RunTime:0.000015s ]
INFO: [ app_init ] --END-- [ RunTime:0.000764s ]
INFO: [ app_begin ] --START--
INFO: Run Behavior\ReadHtmlCacheBehavior [ RunTime:0.000621s ]
INFO: [ app_begin ] --END-- [ RunTime:0.000667s ]
SQL: SHOW COLUMNS FROM `train` [ RunTime:0.0618s ]
SQL: SELECT COUNT(id) AS tp_count FROM train t WHERE t.trainer_id = 2 LIMIT 1   [ RunTime:0.0610s ]
SQL: SELECT t.*,t_n.real_name,t_n.mobile,c_b.caregiver_name,c_b.baby_name,c.course FROM train t left join trainer t_n ON t_n.id=t.trainer_id left join caregiver_baby c_b ON c_b.id=t.caregiver_baby_id left join course c ON c.id=t.course_id  WHERE t.trainer_id = 2 ORDER BY id desc LIMIT 0,10   [ RunTime:0.0623s ]

[ 2018-07-07T09:17:33+08:00 ] 127.0.0.1 /Exam/index.html
INFO: [ app_init ] --START--
INFO: Run Behavior\BuildLiteBehavior [ RunTime:0.000014s ]
INFO: [ app_init ] --END-- [ RunTime:0.000572s ]
INFO: [ app_begin ] --START--
INFO: Run Behavior\ReadHtmlCacheBehavior [ RunTime:0.000710s ]
INFO: [ app_begin ] --END-- [ RunTime:0.000767s ]
SQL: SHOW COLUMNS FROM `trainer` [ RunTime:0.0735s ]
SQL: SELECT `id`,`real_name`,`mobile` FROM `trainer` WHERE `status` = 1  [ RunTime:0.0653s ]
INFO: [ view_parse ] --START--
INFO: [ template_filter ] --START--
INFO: Run Behavior\ContentReplaceBehavior [ RunTime:0.000225s ]
INFO: [ template_filter ] --END-- [ RunTime:0.000313s ]
INFO: Run Behavior\ParseTemplateBehavior [ RunTime:0.042037s ]
INFO: [ view_parse ] --END-- [ RunTime:0.042165s ]
INFO: [ view_filter ] --START--
INFO: Run Behavior\WriteHtmlCacheBehavior [ RunTime:0.001227s ]
INFO: [ view_filter ] --END-- [ RunTime:0.001288s ]
INFO: [ app_end ] --START--
INFO: Run Behavior\ShowPageTraceBehavior [ RunTime:0.001210s ]
INFO: [ app_end ] --END-- [ RunTime:0.001283s ]

[ 2018-07-07T09:17:34+08:00 ] 127.0.0.1 /Exam/index.html?trainer_id=&caregiver_id=&add_time=&page=1&limit=10
INFO: [ app_init ] --START--
INFO: Run Behavior\BuildLiteBehavior [ RunTime:0.000026s ]
INFO: [ app_init ] --END-- [ RunTime:0.000937s ]
INFO: [ app_begin ] --START--
INFO: Run Behavior\ReadHtmlCacheBehavior [ RunTime:0.001146s ]
INFO: [ app_begin ] --END-- [ RunTime:0.001251s ]
SQL: SHOW COLUMNS FROM `exam` [ RunTime:0.0628s ]
SQL: SELECT COUNT(id) AS tp_count FROM exam e LIMIT 1   [ RunTime:0.0625s ]
ERR: 1054:Unknown column 'e.trainer_id' in 'on clause'
 [ SQL语句 ] : SELECT t.*,t_n.real_name,t_n.mobile,c_b.caregiver_name,c_b.baby_name,c.course FROM exam t left join trainer t_n ON t_n.id=e.trainer_id left join caregiver_baby c_b ON c_b.id=e.caregiver_baby_id left join course c ON c.id=e.course_id  ORDER BY id desc LIMIT 0,10  
ERR: 1054:Unknown column 'e.trainer_id' in 'on clause'
 [ SQL语句 ] : SELECT t.*,t_n.real_name,t_n.mobile,c_b.caregiver_name,c_b.baby_name,c.course FROM exam t left join trainer t_n ON t_n.id=e.trainer_id left join caregiver_baby c_b ON c_b.id=e.caregiver_baby_id left join course c ON c.id=e.course_id  ORDER BY id desc LIMIT 0,10  

[ 2018-07-07T09:17:40+08:00 ] 127.0.0.1 /Exam/index.html
INFO: [ app_init ] --START--
INFO: Run Behavior\BuildLiteBehavior [ RunTime:0.000013s ]
INFO: [ app_init ] --END-- [ RunTime:0.000520s ]
INFO: [ app_begin ] --START--
INFO: Run Behavior\ReadHtmlCacheBehavior [ RunTime:0.001118s ]
INFO: [ app_begin ] --END-- [ RunTime:0.001223s ]
SQL: SHOW COLUMNS FROM `trainer` [ RunTime:0.0668s ]
SQL: SELECT `id`,`real_name`,`mobile` FROM `trainer` WHERE `status` = 1  [ RunTime:0.0664s ]
INFO: [ view_parse ] --START--
INFO: [ template_filter ] --START--
INFO: Run Behavior\ContentReplaceBehavior [ RunTime:0.000517s ]
INFO: [ template_filter ] --END-- [ RunTime:0.000738s ]
INFO: Run Behavior\ParseTemplateBehavior [ RunTime:0.046716s ]
INFO: [ view_parse ] --END-- [ RunTime:0.046848s ]
INFO: [ view_filter ] --START--
INFO: Run Behavior\WriteHtmlCacheBehavior [ RunTime:0.001011s ]
INFO: [ view_filter ] --END-- [ RunTime:0.001088s ]
INFO: [ app_end ] --START--
INFO: Run Behavior\ShowPageTraceBehavior [ RunTime:0.001279s ]
INFO: [ app_end ] --END-- [ RunTime:0.001360s ]

[ 2018-07-07T09:17:40+08:00 ] 127.0.0.1 /Exam/index.html?trainer_id=&caregiver_id=&add_time=&page=1&limit=10
INFO: [ app_init ] --START--
INFO: Run Behavior\BuildLiteBehavior [ RunTime:0.000024s ]
INFO: [ app_init ] --END-- [ RunTime:0.000896s ]
INFO: [ app_begin ] --START--
INFO: Run Behavior\ReadHtmlCacheBehavior [ RunTime:0.001093s ]
INFO: [ app_begin ] --END-- [ RunTime:0.001177s ]
SQL: SHOW COLUMNS FROM `exam` [ RunTime:0.0692s ]
SQL: SELECT COUNT(id) AS tp_count FROM exam e LIMIT 1   [ RunTime:0.0657s ]
ERR: 1054:Unknown column 'e.trainer_id' in 'on clause'
 [ SQL语句 ] : SELECT t.*,t_n.real_name,t_n.mobile,c_b.caregiver_name,c_b.baby_name,c.course FROM exam t left join trainer t_n ON t_n.id=e.trainer_id left join caregiver_baby c_b ON c_b.id=e.caregiver_baby_id left join course c ON c.id=e.course_id  ORDER BY id desc LIMIT 0,10  
ERR: 1054:Unknown column 'e.trainer_id' in 'on clause'
 [ SQL语句 ] : SELECT t.*,t_n.real_name,t_n.mobile,c_b.caregiver_name,c_b.baby_name,c.course FROM exam t left join trainer t_n ON t_n.id=e.trainer_id left join caregiver_baby c_b ON c_b.id=e.caregiver_baby_id left join course c ON c.id=e.course_id  ORDER BY id desc LIMIT 0,10  

[ 2018-07-07T09:19:26+08:00 ] 127.0.0.1 /Exam/index.html
INFO: [ app_init ] --START--
INFO: Run Behavior\BuildLiteBehavior [ RunTime:0.000037s ]
INFO: [ app_init ] --END-- [ RunTime:0.000960s ]
INFO: [ app_begin ] --START--
INFO: Run Behavior\ReadHtmlCacheBehavior [ RunTime:0.001019s ]
INFO: [ app_begin ] --END-- [ RunTime:0.001103s ]
SQL: SHOW COLUMNS FROM `trainer` [ RunTime:0.1098s ]
SQL: SELECT `id`,`real_name`,`mobile` FROM `trainer` WHERE `status` = 1  [ RunTime:0.1203s ]
INFO: [ view_parse ] --START--
INFO: [ template_filter ] --START--
INFO: Run Behavior\ContentReplaceBehavior [ RunTime:0.000272s ]
INFO: [ template_filter ] --END-- [ RunTime:0.000366s ]
INFO: Run Behavior\ParseTemplateBehavior [ RunTime:0.029836s ]
INFO: [ view_parse ] --END-- [ RunTime:0.029983s ]
INFO: [ view_filter ] --START--
INFO: Run Behavior\WriteHtmlCacheBehavior [ RunTime:0.001299s ]
INFO: [ view_filter ] --END-- [ RunTime:0.001384s ]
INFO: [ app_end ] --START--
INFO: Run Behavior\ShowPageTraceBehavior [ RunTime:0.001653s ]
INFO: [ app_end ] --END-- [ RunTime:0.001758s ]

[ 2018-07-07T09:19:26+08:00 ] 127.0.0.1 /Exam/index.html?trainer_id=&caregiver_id=&add_time=&page=1&limit=10
INFO: [ app_init ] --START--
INFO: Run Behavior\BuildLiteBehavior [ RunTime:0.000021s ]
INFO: [ app_init ] --END-- [ RunTime:0.000849s ]
INFO: [ app_begin ] --START--
INFO: Run Behavior\ReadHtmlCacheBehavior [ RunTime:0.001066s ]
INFO: [ app_begin ] --END-- [ RunTime:0.001151s ]
SQL: SHOW COLUMNS FROM `exam` [ RunTime:0.0663s ]
SQL: SELECT COUNT(id) AS tp_count FROM exam e LIMIT 1   [ RunTime:0.0648s ]
ERR: 1054:Unknown column 'e.trainer_id' in 'on clause'
 [ SQL语句 ] : SELECT t.*,t_n.real_name,t_n.mobile,c_b.caregiver_name,c_b.baby_name,c.course,p.test_paper_name FROM exam t left join trainer t_n ON t_n.id=e.trainer_id left join caregiver_baby c_b ON c_b.id=e.caregiver_baby_id left join course c ON c.id=e.course_id left join test_paper p ON p.id=e.test_paper_id  ORDER BY id desc LIMIT 0,10  
ERR: 1054:Unknown column 'e.trainer_id' in 'on clause'
 [ SQL语句 ] : SELECT t.*,t_n.real_name,t_n.mobile,c_b.caregiver_name,c_b.baby_name,c.course,p.test_paper_name FROM exam t left join trainer t_n ON t_n.id=e.trainer_id left join caregiver_baby c_b ON c_b.id=e.caregiver_baby_id left join course c ON c.id=e.course_id left join test_paper p ON p.id=e.test_paper_id  ORDER BY id desc LIMIT 0,10  

[ 2018-07-07T09:19:45+08:00 ] 127.0.0.1 /Exam/index.html
INFO: [ app_init ] --START--
INFO: Run Behavior\BuildLiteBehavior [ RunTime:0.000024s ]
INFO: [ app_init ] --END-- [ RunTime:0.001279s ]
INFO: [ app_begin ] --START--
INFO: Run Behavior\ReadHtmlCacheBehavior [ RunTime:0.001236s ]
INFO: [ app_begin ] --END-- [ RunTime:0.001337s ]
SQL: SHOW COLUMNS FROM `trainer` [ RunTime:0.0627s ]
SQL: SELECT `id`,`real_name`,`mobile` FROM `trainer` WHERE `status` = 1  [ RunTime:0.0619s ]
INFO: [ view_parse ] --START--
INFO: [ template_filter ] --START--
INFO: Run Behavior\ContentReplaceBehavior [ RunTime:0.000241s ]
INFO: [ template_filter ] --END-- [ RunTime:0.000326s ]
INFO: Run Behavior\ParseTemplateBehavior [ RunTime:0.023904s ]
INFO: [ view_parse ] --END-- [ RunTime:0.024030s ]
INFO: [ view_filter ] --START--
INFO: Run Behavior\WriteHtmlCacheBehavior [ RunTime:0.001207s ]
INFO: [ view_filter ] --END-- [ RunTime:0.001277s ]
INFO: [ app_end ] --START--
INFO: Run Behavior\ShowPageTraceBehavior [ RunTime:0.001709s ]
INFO: [ app_end ] --END-- [ RunTime:0.001820s ]

[ 2018-07-07T09:19:46+08:00 ] 127.0.0.1 /Exam/index.html?trainer_id=&caregiver_id=&add_time=&page=1&limit=10
INFO: [ app_init ] --START--
INFO: Run Behavior\BuildLiteBehavior [ RunTime:0.000025s ]
INFO: [ app_init ] --END-- [ RunTime:0.000910s ]
INFO: [ app_begin ] --START--
INFO: Run Behavior\ReadHtmlCacheBehavior [ RunTime:0.000728s ]
INFO: [ app_begin ] --END-- [ RunTime:0.000787s ]
SQL: SHOW COLUMNS FROM `exam` [ RunTime:0.0697s ]
SQL: SELECT COUNT(id) AS tp_count FROM exam e LIMIT 1   [ RunTime:0.0704s ]
ERR: 1051:Unknown table 'e'
 [ SQL语句 ] : SELECT e.*,t_n.real_name,t_n.mobile,c_b.caregiver_name,c_b.baby_name,c.course,p.test_paper_name FROM exam t left join trainer t_n ON t_n.id=e.trainer_id left join caregiver_baby c_b ON c_b.id=e.caregiver_baby_id left join course c ON c.id=e.course_id left join test_paper p ON p.id=e.test_paper_id  ORDER BY id desc LIMIT 0,10  
ERR: 1051:Unknown table 'e'
 [ SQL语句 ] : SELECT e.*,t_n.real_name,t_n.mobile,c_b.caregiver_name,c_b.baby_name,c.course,p.test_paper_name FROM exam t left join trainer t_n ON t_n.id=e.trainer_id left join caregiver_baby c_b ON c_b.id=e.caregiver_baby_id left join course c ON c.id=e.course_id left join test_paper p ON p.id=e.test_paper_id  ORDER BY id desc LIMIT 0,10  

[ 2018-07-07T09:20:01+08:00 ] 127.0.0.1 /Exam/index.html
INFO: [ app_init ] --START--
INFO: Run Behavior\BuildLiteBehavior [ RunTime:0.000027s ]
INFO: [ app_init ] --END-- [ RunTime:0.001113s ]
INFO: [ app_begin ] --START--
INFO: Run Behavior\ReadHtmlCacheBehavior [ RunTime:0.001164s ]
INFO: [ app_begin ] --END-- [ RunTime:0.001270s ]
SQL: SHOW COLUMNS FROM `trainer` [ RunTime:0.0649s ]
SQL: SELECT `id`,`real_name`,`mobile` FROM `trainer` WHERE `status` = 1  [ RunTime:0.0637s ]
INFO: [ view_parse ] --START--
INFO: [ template_filter ] --START--
INFO: Run Behavior\ContentReplaceBehavior [ RunTime:0.000354s ]
INFO: [ template_filter ] --END-- [ RunTime:0.000474s ]
INFO: Run Behavior\ParseTemplateBehavior [ RunTime:0.045746s ]
INFO: [ view_parse ] --END-- [ RunTime:0.045910s ]
INFO: [ view_filter ] --START--
INFO: Run Behavior\WriteHtmlCacheBehavior [ RunTime:0.001332s ]
INFO: [ view_filter ] --END-- [ RunTime:0.001430s ]
INFO: [ app_end ] --START--
INFO: Run Behavior\ShowPageTraceBehavior [ RunTime:0.001131s ]
INFO: [ app_end ] --END-- [ RunTime:0.001208s ]

[ 2018-07-07T09:20:02+08:00 ] 127.0.0.1 /Exam/index.html?trainer_id=&caregiver_id=&add_time=&page=1&limit=10
INFO: [ app_init ] --START--
INFO: Run Behavior\BuildLiteBehavior [ RunTime:0.000022s ]
INFO: [ app_init ] --END-- [ RunTime:0.000841s ]
INFO: [ app_begin ] --START--
INFO: Run Behavior\ReadHtmlCacheBehavior [ RunTime:0.001013s ]
INFO: [ app_begin ] --END-- [ RunTime:0.001090s ]
SQL: SHOW COLUMNS FROM `exam` [ RunTime:0.0692s ]
SQL: SELECT COUNT(id) AS tp_count FROM exam e LIMIT 1   [ RunTime:0.0853s ]
SQL: SELECT e.*,t_n.real_name,t_n.mobile,c_b.caregiver_name,c_b.baby_name,c.course,p.test_paper_name FROM exam e left join trainer t_n ON t_n.id=e.trainer_id left join caregiver_baby c_b ON c_b.id=e.caregiver_baby_id left join course c ON c.id=e.course_id left join test_paper p ON p.id=e.test_paper_id  ORDER BY id desc LIMIT 0,10   [ RunTime:0.0674s ]

[ 2018-07-07T09:20:08+08:00 ] 127.0.0.1 /Exam/getCaregiverData.html?trainer_id=1
INFO: [ app_init ] --START--
INFO: Run Behavior\BuildLiteBehavior [ RunTime:0.000016s ]
INFO: [ app_init ] --END-- [ RunTime:0.000722s ]
INFO: [ app_begin ] --START--
INFO: Run Behavior\ReadHtmlCacheBehavior [ RunTime:0.000694s ]
INFO: [ app_begin ] --END-- [ RunTime:0.000739s ]
ERR: 非法操作:getCaregiverData

[ 2018-07-07T09:20:13+08:00 ] 127.0.0.1 /Exam/getCaregiverData.html?trainer_id=2
INFO: [ app_init ] --START--
INFO: Run Behavior\BuildLiteBehavior [ RunTime:0.000023s ]
INFO: [ app_init ] --END-- [ RunTime:0.000644s ]
INFO: [ app_begin ] --START--
INFO: Run Behavior\ReadHtmlCacheBehavior [ RunTime:0.000956s ]
INFO: [ app_begin ] --END-- [ RunTime:0.001028s ]
ERR: 非法操作:getCaregiverData

[ 2018-07-07T09:20:47+08:00 ] 127.0.0.1 /Exam/index.html
INFO: [ app_init ] --START--
INFO: Run Behavior\BuildLiteBehavior [ RunTime:0.000015s ]
INFO: [ app_init ] --END-- [ RunTime:0.000617s ]
INFO: [ app_begin ] --START--
INFO: Run Behavior\ReadHtmlCacheBehavior [ RunTime:0.000601s ]
INFO: [ app_begin ] --END-- [ RunTime:0.000649s ]
SQL: SHOW COLUMNS FROM `trainer` [ RunTime:0.0678s ]
SQL: SELECT `id`,`real_name`,`mobile` FROM `trainer` WHERE `status` = 1  [ RunTime:0.0670s ]
INFO: [ view_parse ] --START--
INFO: [ template_filter ] --START--
INFO: Run Behavior\ContentReplaceBehavior [ RunTime:0.000199s ]
INFO: [ template_filter ] --END-- [ RunTime:0.000278s ]
INFO: Run Behavior\ParseTemplateBehavior [ RunTime:0.014624s ]
INFO: [ view_parse ] --END-- [ RunTime:0.014693s ]
INFO: [ view_filter ] --START--
INFO: Run Behavior\WriteHtmlCacheBehavior [ RunTime:0.000833s ]
INFO: [ view_filter ] --END-- [ RunTime:0.000897s ]
INFO: [ app_end ] --START--
INFO: Run Behavior\ShowPageTraceBehavior [ RunTime:0.000947s ]
INFO: [ app_end ] --END-- [ RunTime:0.001012s ]

[ 2018-07-07T09:20:47+08:00 ] 127.0.0.1 /Exam/index.html?trainer_id=&caregiver_id=&add_time=&page=1&limit=10
INFO: [ app_init ] --START--
INFO: Run Behavior\BuildLiteBehavior [ RunTime:0.000022s ]
INFO: [ app_init ] --END-- [ RunTime:0.000950s ]
INFO: [ app_begin ] --START--
INFO: Run Behavior\ReadHtmlCacheBehavior [ RunTime:0.000959s ]
INFO: [ app_begin ] --END-- [ RunTime:0.001034s ]
SQL: SHOW COLUMNS FROM `exam` [ RunTime:0.0661s ]
SQL: SELECT COUNT(id) AS tp_count FROM exam e LIMIT 1   [ RunTime:0.0661s ]
SQL: SELECT e.*,t_n.real_name,t_n.mobile,c_b.caregiver_name,c_b.baby_name,c.course,p.test_paper_name FROM exam e left join trainer t_n ON t_n.id=e.trainer_id left join caregiver_baby c_b ON c_b.id=e.caregiver_baby_id left join course c ON c.id=e.course_id left join test_paper p ON p.id=e.test_paper_id  ORDER BY id desc LIMIT 0,10   [ RunTime:0.0661s ]

[ 2018-07-07T09:20:51+08:00 ] 127.0.0.1 /Exam/getCaregiverData.html?trainer_id=2
INFO: [ app_init ] --START--
INFO: Run Behavior\BuildLiteBehavior [ RunTime:0.000016s ]
INFO: [ app_init ] --END-- [ RunTime:0.000639s ]
INFO: [ app_begin ] --START--
INFO: Run Behavior\ReadHtmlCacheBehavior [ RunTime:0.000834s ]
INFO: [ app_begin ] --END-- [ RunTime:0.000885s ]
SQL: SHOW COLUMNS FROM `caregiver_baby` [ RunTime:0.0764s ]
SQL: SELECT `id`,`caregiver_name`,`baby_name` FROM `caregiver_baby` WHERE `trainer_id` = 2  [ RunTime:0.0776s ]

[ 2018-07-07T09:23:57+08:00 ] 127.0.0.1 /Exam/index.html
INFO: [ app_init ] --START--
INFO: Run Behavior\BuildLiteBehavior [ RunTime:0.000016s ]
INFO: [ app_init ] --END-- [ RunTime:0.000847s ]
INFO: [ app_begin ] --START--
INFO: Run Behavior\ReadHtmlCacheBehavior [ RunTime:0.001000s ]
INFO: [ app_begin ] --END-- [ RunTime:0.001077s ]
SQL: SHOW COLUMNS FROM `trainer` [ RunTime:0.0668s ]
SQL: SELECT `id`,`real_name`,`mobile` FROM `trainer` WHERE `status` = 1  [ RunTime:0.0684s ]
INFO: [ view_parse ] --START--
INFO: [ template_filter ] --START--
INFO: Run Behavior\ContentReplaceBehavior [ RunTime:0.000357s ]
INFO: [ template_filter ] --END-- [ RunTime:0.000472s ]
INFO: Run Behavior\ParseTemplateBehavior [ RunTime:0.038508s ]
INFO: [ view_parse ] --END-- [ RunTime:0.038682s ]
INFO: [ view_filter ] --START--
INFO: Run Behavior\WriteHtmlCacheBehavior [ RunTime:0.001693s ]
INFO: [ view_filter ] --END-- [ RunTime:0.001853s ]
INFO: [ app_end ] --START--
INFO: Run Behavior\ShowPageTraceBehavior [ RunTime:0.002203s ]
INFO: [ app_end ] --END-- [ RunTime:0.002337s ]

[ 2018-07-07T09:23:57+08:00 ] 127.0.0.1 /Exam/index.html?trainer_id=&caregiver_id=&add_time=&page=1&limit=10
INFO: [ app_init ] --START--
INFO: Run Behavior\BuildLiteBehavior [ RunTime:0.000025s ]
INFO: [ app_init ] --END-- [ RunTime:0.000981s ]
INFO: [ app_begin ] --START--
INFO: Run Behavior\ReadHtmlCacheBehavior [ RunTime:0.001127s ]
INFO: [ app_begin ] --END-- [ RunTime:0.001221s ]
SQL: SHOW COLUMNS FROM `exam` [ RunTime:0.0649s ]
SQL: SELECT COUNT(id) AS tp_count FROM exam e LIMIT 1   [ RunTime:0.0643s ]
SQL: SELECT e.*,t_n.real_name,t_n.mobile,c_b.caregiver_name,c_b.baby_name,c.course,p.test_paper_name FROM exam e left join trainer t_n ON t_n.id=e.trainer_id left join caregiver_baby c_b ON c_b.id=e.caregiver_baby_id left join course c ON c.id=e.course_id left join test_paper p ON p.id=e.test_paper_id  ORDER BY id desc LIMIT 0,10   [ RunTime:0.0663s ]

[ 2018-07-07T09:25:31+08:00 ] 127.0.0.1 /Trainer/index.html
INFO: [ app_init ] --START--
INFO: Run Behavior\BuildLiteBehavior [ RunTime:0.000013s ]
INFO: [ app_init ] --END-- [ RunTime:0.000617s ]
INFO: [ app_begin ] --START--
INFO: Run Behavior\ReadHtmlCacheBehavior [ RunTime:0.001043s ]
INFO: [ app_begin ] --END-- [ RunTime:0.001133s ]
INFO: [ view_parse ] --START--
INFO: [ template_filter ] --START--
INFO: Run Behavior\ContentReplaceBehavior [ RunTime:0.000132s ]
INFO: [ template_filter ] --END-- [ RunTime:0.000183s ]
INFO: Run Behavior\ParseTemplateBehavior [ RunTime:0.013337s ]
INFO: [ view_parse ] --END-- [ RunTime:0.013387s ]
INFO: [ view_filter ] --START--
INFO: Run Behavior\WriteHtmlCacheBehavior [ RunTime:0.000471s ]
INFO: [ view_filter ] --END-- [ RunTime:0.000513s ]
INFO: [ app_end ] --START--
INFO: Run Behavior\ShowPageTraceBehavior [ RunTime:0.000629s ]
INFO: [ app_end ] --END-- [ RunTime:0.000666s ]

[ 2018-07-07T09:25:31+08:00 ] 127.0.0.1 /Trainer/index.html?page=1&limit=10
INFO: [ app_init ] --START--
INFO: Run Behavior\BuildLiteBehavior [ RunTime:0.000025s ]
INFO: [ app_init ] --END-- [ RunTime:0.000998s ]
INFO: [ app_begin ] --START--
INFO: Run Behavior\ReadHtmlCacheBehavior [ RunTime:0.001189s ]
INFO: [ app_begin ] --END-- [ RunTime:0.001299s ]
SQL: SHOW COLUMNS FROM `trainer` [ RunTime:0.0716s ]
SQL: SELECT COUNT(id) AS tp_count FROM `trainer` LIMIT 1   [ RunTime:0.1035s ]
SQL: SELECT * FROM `trainer` ORDER BY id desc LIMIT 0,10   [ RunTime:0.1164s ]

[ 2018-07-07T09:25:44+08:00 ] 127.0.0.1 /Trainer/index.html
INFO: [ app_init ] --START--
INFO: Run Behavior\BuildLiteBehavior [ RunTime:0.000013s ]
INFO: [ app_init ] --END-- [ RunTime:0.000540s ]
INFO: [ app_begin ] --START--
INFO: Run Behavior\ReadHtmlCacheBehavior [ RunTime:0.000736s ]
INFO: [ app_begin ] --END-- [ RunTime:0.000798s ]
INFO: [ view_parse ] --START--
INFO: [ template_filter ] --START--
INFO: Run Behavior\ContentReplaceBehavior [ RunTime:0.000198s ]
INFO: [ template_filter ] --END-- [ RunTime:0.000283s ]
INFO: Run Behavior\ParseTemplateBehavior [ RunTime:0.013717s ]
INFO: [ view_parse ] --END-- [ RunTime:0.013778s ]
INFO: [ view_filter ] --START--
INFO: Run Behavior\WriteHtmlCacheBehavior [ RunTime:0.000769s ]
INFO: [ view_filter ] --END-- [ RunTime:0.000812s ]
INFO: [ app_end ] --START--
INFO: Run Behavior\ShowPageTraceBehavior [ RunTime:0.000750s ]
INFO: [ app_end ] --END-- [ RunTime:0.000796s ]

[ 2018-07-07T09:25:44+08:00 ] 127.0.0.1 /Trainer/index.html?page=1&limit=10
INFO: [ app_init ] --START--
INFO: Run Behavior\BuildLiteBehavior [ RunTime:0.000025s ]
INFO: [ app_init ] --END-- [ RunTime:0.001019s ]
INFO: [ app_begin ] --START--
INFO: Run Behavior\ReadHtmlCacheBehavior [ RunTime:0.001340s ]
INFO: [ app_begin ] --END-- [ RunTime:0.001442s ]
SQL: SHOW COLUMNS FROM `trainer` [ RunTime:0.0700s ]
SQL: SELECT COUNT(id) AS tp_count FROM `trainer` LIMIT 1   [ RunTime:0.0626s ]
SQL: SELECT * FROM `trainer` ORDER BY id desc LIMIT 0,10   [ RunTime:0.0641s ]

[ 2018-07-07T09:25:47+08:00 ] 127.0.0.1 /Exam/index.html?trainer_id=3
INFO: [ app_init ] --START--
INFO: Run Behavior\BuildLiteBehavior [ RunTime:0.000011s ]
INFO: [ app_init ] --END-- [ RunTime:0.000492s ]
INFO: [ app_begin ] --START--
INFO: Run Behavior\ReadHtmlCacheBehavior [ RunTime:0.000736s ]
INFO: [ app_begin ] --END-- [ RunTime:0.000790s ]
SQL: SHOW COLUMNS FROM `trainer` [ RunTime:0.0623s ]
SQL: SELECT `id`,`real_name`,`mobile` FROM `trainer` WHERE `status` = 1  [ RunTime:0.0618s ]
INFO: [ view_parse ] --START--
INFO: [ template_filter ] --START--
INFO: Run Behavior\ContentReplaceBehavior [ RunTime:0.000248s ]
INFO: [ template_filter ] --END-- [ RunTime:0.000340s ]
INFO: Run Behavior\ParseTemplateBehavior [ RunTime:0.034329s ]
INFO: [ view_parse ] --END-- [ RunTime:0.034479s ]
INFO: [ view_filter ] --START--
INFO: Run Behavior\WriteHtmlCacheBehavior [ RunTime:0.001217s ]
INFO: [ view_filter ] --END-- [ RunTime:0.001299s ]
INFO: [ app_end ] --START--
INFO: Run Behavior\ShowPageTraceBehavior [ RunTime:0.001887s ]
INFO: [ app_end ] --END-- [ RunTime:0.002024s ]

[ 2018-07-07T09:25:47+08:00 ] 127.0.0.1 /Exam/getCaregiverData.html?trainer_id=3
INFO: [ app_init ] --START--
INFO: Run Behavior\BuildLiteBehavior [ RunTime:0.000023s ]
INFO: [ app_init ] --END-- [ RunTime:0.000912s ]
INFO: [ app_begin ] --START--
INFO: Run Behavior\ReadHtmlCacheBehavior [ RunTime:0.001080s ]
INFO: [ app_begin ] --END-- [ RunTime:0.001176s ]
SQL: SHOW COLUMNS FROM `caregiver_baby` [ RunTime:0.0684s ]
SQL: SELECT `id`,`caregiver_name`,`baby_name` FROM `caregiver_baby` WHERE `trainer_id` = 3  [ RunTime:0.0654s ]

[ 2018-07-07T09:25:48+08:00 ] 127.0.0.1 /Exam/index.html?trainer_id=3&caregiver_id=&add_time=&page=1&limit=10
INFO: [ app_init ] --START--
INFO: Run Behavior\BuildLiteBehavior [ RunTime:0.000014s ]
INFO: [ app_init ] --END-- [ RunTime:0.000708s ]
INFO: [ app_begin ] --START--
INFO: Run Behavior\ReadHtmlCacheBehavior [ RunTime:0.001531s ]
INFO: [ app_begin ] --END-- [ RunTime:0.001621s ]
SQL: SHOW COLUMNS FROM `exam` [ RunTime:0.0655s ]
SQL: SELECT COUNT(id) AS tp_count FROM exam e WHERE e.trainer_id = 3 LIMIT 1   [ RunTime:0.0642s ]
SQL: SELECT e.*,t_n.real_name,t_n.mobile,c_b.caregiver_name,c_b.baby_name,c.course,p.test_paper_name FROM exam e left join trainer t_n ON t_n.id=e.trainer_id left join caregiver_baby c_b ON c_b.id=e.caregiver_baby_id left join course c ON c.id=e.course_id left join test_paper p ON p.id=e.test_paper_id  WHERE e.trainer_id = 3 ORDER BY id desc LIMIT 0,10   [ RunTime:0.0728s ]

[ 2018-07-07T09:25:50+08:00 ] 127.0.0.1 /Trainer/index.html?page=1&limit=10
INFO: [ app_init ] --START--
INFO: Run Behavior\BuildLiteBehavior [ RunTime:0.000023s ]
INFO: [ app_init ] --END-- [ RunTime:0.001066s ]
INFO: [ app_begin ] --START--
INFO: Run Behavior\ReadHtmlCacheBehavior [ RunTime:0.001367s ]
INFO: [ app_begin ] --END-- [ RunTime:0.001605s ]
SQL: SHOW COLUMNS FROM `trainer` [ RunTime:0.0668s ]
SQL: SELECT COUNT(id) AS tp_count FROM `trainer` LIMIT 1   [ RunTime:0.0650s ]
SQL: SELECT * FROM `trainer` ORDER BY id desc LIMIT 0,10   [ RunTime:0.0652s ]

[ 2018-07-07T09:25:55+08:00 ] 127.0.0.1 /CaregiverBaby/index.html
INFO: [ app_init ] --START--
INFO: Run Behavior\BuildLiteBehavior [ RunTime:0.000015s ]
INFO: [ app_init ] --END-- [ RunTime:0.000614s ]
INFO: [ app_begin ] --START--
INFO: Run Behavior\ReadHtmlCacheBehavior [ RunTime:0.000967s ]
INFO: [ app_begin ] --END-- [ RunTime:0.001050s ]
SQL: SHOW COLUMNS FROM `trainer` [ RunTime:0.0627s ]
SQL: SELECT `id`,`real_name`,`mobile` FROM `trainer` WHERE `status` = 1  [ RunTime:0.0650s ]
INFO: [ view_parse ] --START--
INFO: [ template_filter ] --START--
INFO: Run Behavior\ContentReplaceBehavior [ RunTime:0.000264s ]
INFO: [ template_filter ] --END-- [ RunTime:0.000352s ]
INFO: Run Behavior\ParseTemplateBehavior [ RunTime:0.024979s ]
INFO: [ view_parse ] --END-- [ RunTime:0.025094s ]
INFO: [ view_filter ] --START--
INFO: Run Behavior\WriteHtmlCacheBehavior [ RunTime:0.001015s ]
INFO: [ view_filter ] --END-- [ RunTime:0.001080s ]
INFO: [ app_end ] --START--
INFO: Run Behavior\ShowPageTraceBehavior [ RunTime:0.001443s ]
INFO: [ app_end ] --END-- [ RunTime:0.001537s ]

[ 2018-07-07T09:25:56+08:00 ] 127.0.0.1 /CaregiverBaby/index.html?page=1&limit=10
INFO: [ app_init ] --START--
INFO: Run Behavior\BuildLiteBehavior [ RunTime:0.000024s ]
INFO: [ app_init ] --END-- [ RunTime:0.000923s ]
INFO: [ app_begin ] --START--
INFO: Run Behavior\ReadHtmlCacheBehavior [ RunTime:0.001537s ]
INFO: [ app_begin ] --END-- [ RunTime:0.001670s ]
SQL: SHOW COLUMNS FROM `caregiver_baby` [ RunTime:0.0699s ]
SQL: SELECT COUNT(id) AS tp_count FROM caregiver_baby c LIMIT 1   [ RunTime:0.0693s ]
SQL: SELECT c.*,t.real_name,t.mobile FROM caregiver_baby c left join trainer t ON t.id=c.trainer_id  ORDER BY id desc LIMIT 0,10   [ RunTime:0.0774s ]

[ 2018-07-07T09:26:16+08:00 ] 127.0.0.1 /CaregiverBaby/index.html
INFO: [ app_init ] --START--
INFO: Run Behavior\BuildLiteBehavior [ RunTime:0.000016s ]
INFO: [ app_init ] --END-- [ RunTime:0.000843s ]
INFO: [ app_begin ] --START--
INFO: Run Behavior\ReadHtmlCacheBehavior [ RunTime:0.000714s ]
INFO: [ app_begin ] --END-- [ RunTime:0.000770s ]
SQL: SHOW COLUMNS FROM `trainer` [ RunTime:0.0668s ]
SQL: SELECT `id`,`real_name`,`mobile` FROM `trainer` WHERE `status` = 1  [ RunTime:0.0656s ]
INFO: [ view_parse ] --START--
INFO: [ template_filter ] --START--
INFO: Run Behavior\ContentReplaceBehavior [ RunTime:0.000257s ]
INFO: [ template_filter ] --END-- [ RunTime:0.000341s ]
INFO: Run Behavior\ParseTemplateBehavior [ RunTime:0.037804s ]
INFO: [ view_parse ] --END-- [ RunTime:0.037977s ]
INFO: [ view_filter ] --START--
INFO: Run Behavior\WriteHtmlCacheBehavior [ RunTime:0.001351s ]
INFO: [ view_filter ] --END-- [ RunTime:0.001425s ]
INFO: [ app_end ] --START--
INFO: Run Behavior\ShowPageTraceBehavior [ RunTime:0.001614s ]
INFO: [ app_end ] --END-- [ RunTime:0.001701s ]

[ 2018-07-07T09:26:16+08:00 ] 127.0.0.1 /CaregiverBaby/index.html?page=1&limit=10
INFO: [ app_init ] --START--
INFO: Run Behavior\BuildLiteBehavior [ RunTime:0.000023s ]
INFO: [ app_init ] --END-- [ RunTime:0.001173s ]
INFO: [ app_begin ] --START--
INFO: Run Behavior\ReadHtmlCacheBehavior [ RunTime:0.001302s ]
INFO: [ app_begin ] --END-- [ RunTime:0.001392s ]
SQL: SHOW COLUMNS FROM `caregiver_baby` [ RunTime:0.0622s ]
SQL: SELECT COUNT(id) AS tp_count FROM caregiver_baby c LIMIT 1   [ RunTime:0.0607s ]
SQL: SELECT c.*,t.real_name,t.mobile FROM caregiver_baby c left join trainer t ON t.id=c.trainer_id  ORDER BY id desc LIMIT 0,10   [ RunTime:0.0767s ]

[ 2018-07-07T09:26:19+08:00 ] 127.0.0.1 /Exam/index.html?trainer_id=2&caregiver_baby_id=6
INFO: [ app_init ] --START--
INFO: Run Behavior\BuildLiteBehavior [ RunTime:0.000013s ]
INFO: [ app_init ] --END-- [ RunTime:0.000543s ]
INFO: [ app_begin ] --START--
INFO: Run Behavior\ReadHtmlCacheBehavior [ RunTime:0.000709s ]
INFO: [ app_begin ] --END-- [ RunTime:0.000770s ]
SQL: SHOW COLUMNS FROM `trainer` [ RunTime:0.0660s ]
SQL: SELECT `id`,`real_name`,`mobile` FROM `trainer` WHERE `status` = 1  [ RunTime:0.0658s ]
INFO: [ view_parse ] --START--
INFO: [ template_filter ] --START--
INFO: Run Behavior\ContentReplaceBehavior [ RunTime:0.000261s ]
INFO: [ template_filter ] --END-- [ RunTime:0.000347s ]
INFO: Run Behavior\ParseTemplateBehavior [ RunTime:0.045295s ]
INFO: [ view_parse ] --END-- [ RunTime:0.045851s ]
INFO: [ view_filter ] --START--
INFO: Run Behavior\WriteHtmlCacheBehavior [ RunTime:0.001718s ]
INFO: [ view_filter ] --END-- [ RunTime:0.001848s ]
INFO: [ app_end ] --START--
INFO: Run Behavior\ShowPageTraceBehavior [ RunTime:0.001897s ]
INFO: [ app_end ] --END-- [ RunTime:0.002216s ]

[ 2018-07-07T09:26:19+08:00 ] 127.0.0.1 /Exam/getCaregiverData.html?trainer_id=2
INFO: [ app_init ] --START--
INFO: Run Behavior\BuildLiteBehavior [ RunTime:0.000045s ]
INFO: [ app_init ] --END-- [ RunTime:0.001390s ]
INFO: [ app_begin ] --START--
INFO: Run Behavior\ReadHtmlCacheBehavior [ RunTime:0.000719s ]
INFO: [ app_begin ] --END-- [ RunTime:0.000781s ]
SQL: SHOW COLUMNS FROM `caregiver_baby` [ RunTime:0.0631s ]
SQL: SELECT `id`,`caregiver_name`,`baby_name` FROM `caregiver_baby` WHERE `trainer_id` = 2  [ RunTime:0.0625s ]

[ 2018-07-07T09:26:20+08:00 ] 127.0.0.1 /Exam/index.html?trainer_id=2&caregiver_id=&add_time=&page=1&limit=10
INFO: [ app_init ] --START--
INFO: Run Behavior\BuildLiteBehavior [ RunTime:0.000013s ]
INFO: [ app_init ] --END-- [ RunTime:0.000532s ]
INFO: [ app_begin ] --START--
INFO: Run Behavior\ReadHtmlCacheBehavior [ RunTime:0.000949s ]
INFO: [ app_begin ] --END-- [ RunTime:0.001002s ]
SQL: SHOW COLUMNS FROM `exam` [ RunTime:0.0649s ]
SQL: SELECT COUNT(id) AS tp_count FROM exam e WHERE e.trainer_id = 2 LIMIT 1   [ RunTime:0.0662s ]
SQL: SELECT e.*,t_n.real_name,t_n.mobile,c_b.caregiver_name,c_b.baby_name,c.course,p.test_paper_name FROM exam e left join trainer t_n ON t_n.id=e.trainer_id left join caregiver_baby c_b ON c_b.id=e.caregiver_baby_id left join course c ON c.id=e.course_id left join test_paper p ON p.id=e.test_paper_id  WHERE e.trainer_id = 2 ORDER BY id desc LIMIT 0,10   [ RunTime:0.0636s ]

