[ 2018-09-04T15:40:16+08:00 ] 127.0.0.1 /
INFO: [ app_init ] --START--
INFO: Run Behavior\BuildLiteBehavior [ RunTime:0.000046s ]
INFO: [ app_init ] --END-- [ RunTime:0.003570s ]
INFO: [ app_begin ] --START--
INFO: Run Behavior\ReadHtmlCacheBehavior [ RunTime:0.001477s ]
INFO: [ app_begin ] --END-- [ RunTime:0.001553s ]

[ 2018-09-04T15:40:16+08:00 ] 127.0.0.1 /Login/index.html
INFO: [ app_init ] --START--
INFO: Run Behavior\BuildLiteBehavior [ RunTime:0.000018s ]
INFO: [ app_init ] --END-- [ RunTime:0.000774s ]
INFO: [ app_begin ] --START--
INFO: Run Behavior\ReadHtmlCacheBehavior [ RunTime:0.000660s ]
INFO: [ app_begin ] --END-- [ RunTime:0.000713s ]
INFO: [ view_parse ] --START--
INFO: [ template_filter ] --START--
INFO: Run Behavior\ContentReplaceBehavior [ RunTime:0.001257s ]
INFO: [ template_filter ] --END-- [ RunTime:0.001327s ]
INFO: Run Behavior\ParseTemplateBehavior [ RunTime:0.024826s ]
INFO: [ view_parse ] --END-- [ RunTime:0.024915s ]
INFO: [ view_filter ] --START--
INFO: Run Behavior\WriteHtmlCacheBehavior [ RunTime:0.001635s ]
INFO: [ view_filter ] --END-- [ RunTime:0.001701s ]
INFO: [ app_end ] --START--
INFO: Run Behavior\ShowPageTraceBehavior [ RunTime:0.001749s ]
INFO: [ app_end ] --END-- [ RunTime:0.001814s ]

[ 2018-09-04T15:40:16+08:00 ] 127.0.0.1 /favicon.ico
INFO: [ app_init ] --START--
INFO: Run Behavior\BuildLiteBehavior [ RunTime:0.000025s ]
INFO: [ app_init ] --END-- [ RunTime:0.000920s ]

[ 2018-09-04T15:40:18+08:00 ] 127.0.0.1 /Login/doLogin.html
INFO: [ app_init ] --START--
INFO: Run Behavior\BuildLiteBehavior [ RunTime:0.000014s ]
INFO: [ app_init ] --END-- [ RunTime:0.000651s ]
INFO: [ app_begin ] --START--
INFO: Run Behavior\ReadHtmlCacheBehavior [ RunTime:0.000786s ]
INFO: [ app_begin ] --END-- [ RunTime:0.000835s ]
SQL: SHOW COLUMNS FROM `admin` [ RunTime:0.0664s ]
SQL: SELECT * FROM `admin` WHERE `username` = 'admin' AND `password` = '3f47c8a76a2af609c466ed3b6214aa31' LIMIT 1   [ RunTime:0.0980s ]

[ 2018-09-04T15:40:21+08:00 ] 127.0.0.1 /Index/index.html
INFO: [ app_init ] --START--
INFO: Run Behavior\BuildLiteBehavior [ RunTime:0.000024s ]
INFO: [ app_init ] --END-- [ RunTime:0.000848s ]
INFO: [ app_begin ] --START--
INFO: Run Behavior\ReadHtmlCacheBehavior [ RunTime:0.000914s ]
INFO: [ app_begin ] --END-- [ RunTime:0.000980s ]
INFO: [ view_parse ] --START--
INFO: [ template_filter ] --START--
INFO: Run Behavior\ContentReplaceBehavior [ RunTime:0.000113s ]
INFO: [ template_filter ] --END-- [ RunTime:0.000171s ]
INFO: Run Behavior\ParseTemplateBehavior [ RunTime:0.023920s ]
INFO: [ view_parse ] --END-- [ RunTime:0.024033s ]
INFO: [ view_filter ] --START--
INFO: Run Behavior\WriteHtmlCacheBehavior [ RunTime:0.000936s ]
INFO: [ view_filter ] --END-- [ RunTime:0.000978s ]
INFO: [ app_end ] --START--
INFO: Run Behavior\ShowPageTraceBehavior [ RunTime:0.000666s ]
INFO: [ app_end ] --END-- [ RunTime:0.000704s ]

[ 2018-09-04T15:40:38+08:00 ] 127.0.0.1 /Advert/index.html
INFO: [ app_init ] --START--
INFO: Run Behavior\BuildLiteBehavior [ RunTime:0.000019s ]
INFO: [ app_init ] --END-- [ RunTime:0.000889s ]
INFO: [ app_begin ] --START--
INFO: Run Behavior\ReadHtmlCacheBehavior [ RunTime:0.001254s ]
INFO: [ app_begin ] --END-- [ RunTime:0.001364s ]
INFO: [ view_parse ] --START--
INFO: [ template_filter ] --START--
INFO: Run Behavior\ContentReplaceBehavior [ RunTime:0.000163s ]
INFO: [ template_filter ] --END-- [ RunTime:0.000222s ]
INFO: Run Behavior\ParseTemplateBehavior [ RunTime:0.014800s ]
INFO: [ view_parse ] --END-- [ RunTime:0.014855s ]
INFO: [ view_filter ] --START--
INFO: Run Behavior\WriteHtmlCacheBehavior [ RunTime:0.000533s ]
INFO: [ view_filter ] --END-- [ RunTime:0.000563s ]
INFO: [ app_end ] --START--
INFO: Run Behavior\ShowPageTraceBehavior [ RunTime:0.000687s ]
INFO: [ app_end ] --END-- [ RunTime:0.000724s ]

[ 2018-09-04T15:40:38+08:00 ] 127.0.0.1 /Advert/index.html?page=1&limit=10
INFO: [ app_init ] --START--
INFO: Run Behavior\BuildLiteBehavior [ RunTime:0.000020s ]
INFO: [ app_init ] --END-- [ RunTime:0.000891s ]
INFO: [ app_begin ] --START--
INFO: Run Behavior\ReadHtmlCacheBehavior [ RunTime:0.001128s ]
INFO: [ app_begin ] --END-- [ RunTime:0.001202s ]
SQL: SHOW COLUMNS FROM `advert` [ RunTime:0.0665s ]
SQL: SELECT COUNT(id) AS tp_count FROM `advert` LIMIT 1   [ RunTime:0.0658s ]
SQL: SELECT * FROM `advert` ORDER BY sort asc, id desc LIMIT 0,10   [ RunTime:0.0630s ]

[ 2018-09-04T15:40:39+08:00 ] 127.0.0.1 /advert/add.html
INFO: [ app_init ] --START--
INFO: Run Behavior\BuildLiteBehavior [ RunTime:0.000019s ]
INFO: [ app_init ] --END-- [ RunTime:0.000856s ]
INFO: [ app_begin ] --START--
INFO: Run Behavior\ReadHtmlCacheBehavior [ RunTime:0.000933s ]
INFO: [ app_begin ] --END-- [ RunTime:0.001001s ]
INFO: [ view_parse ] --START--
INFO: [ template_filter ] --START--
INFO: Run Behavior\ContentReplaceBehavior [ RunTime:0.000129s ]
INFO: [ template_filter ] --END-- [ RunTime:0.000184s ]
INFO: Run Behavior\ParseTemplateBehavior [ RunTime:0.012214s ]
INFO: [ view_parse ] --END-- [ RunTime:0.012266s ]
INFO: [ view_filter ] --START--
INFO: Run Behavior\WriteHtmlCacheBehavior [ RunTime:0.000472s ]
INFO: [ view_filter ] --END-- [ RunTime:0.000502s ]
INFO: [ app_end ] --START--
INFO: Run Behavior\ShowPageTraceBehavior [ RunTime:0.000647s ]
INFO: [ app_end ] --END-- [ RunTime:0.000685s ]

[ 2018-09-04T15:50:11+08:00 ] 127.0.0.1 /Config/index.html
INFO: [ app_init ] --START--
INFO: Run Behavior\BuildLiteBehavior [ RunTime:0.000042s ]
INFO: [ app_init ] --END-- [ RunTime:0.000925s ]
INFO: [ app_begin ] --START--
INFO: Run Behavior\ReadHtmlCacheBehavior [ RunTime:0.000793s ]
INFO: [ app_begin ] --END-- [ RunTime:0.000855s ]
SQL: SHOW COLUMNS FROM `config` [ RunTime:0.0652s ]
SQL: SELECT `content` FROM `config` WHERE `id` = 1 LIMIT 1   [ RunTime:0.1110s ]
INFO: [ view_parse ] --START--
INFO: [ template_filter ] --START--
INFO: Run Behavior\ContentReplaceBehavior [ RunTime:0.000520s ]
INFO: [ template_filter ] --END-- [ RunTime:0.000693s ]
INFO: Run Behavior\ParseTemplateBehavior [ RunTime:0.044590s ]
INFO: [ view_parse ] --END-- [ RunTime:0.044750s ]
INFO: [ view_filter ] --START--
INFO: Run Behavior\WriteHtmlCacheBehavior [ RunTime:0.001356s ]
INFO: [ view_filter ] --END-- [ RunTime:0.001431s ]
INFO: [ app_end ] --START--
INFO: Run Behavior\ShowPageTraceBehavior [ RunTime:0.001554s ]
INFO: [ app_end ] --END-- [ RunTime:0.001633s ]

[ 2018-09-04T15:50:15+08:00 ] 127.0.0.1 /Advert/index.html
INFO: [ app_init ] --START--
INFO: Run Behavior\BuildLiteBehavior [ RunTime:0.000014s ]
INFO: [ app_init ] --END-- [ RunTime:0.000646s ]
INFO: [ app_begin ] --START--
INFO: Run Behavior\ReadHtmlCacheBehavior [ RunTime:0.001202s ]
INFO: [ app_begin ] --END-- [ RunTime:0.001294s ]
INFO: [ view_parse ] --START--
INFO: [ template_filter ] --START--
INFO: Run Behavior\ContentReplaceBehavior [ RunTime:0.000154s ]
INFO: [ template_filter ] --END-- [ RunTime:0.000203s ]
INFO: Run Behavior\ParseTemplateBehavior [ RunTime:0.013538s ]
INFO: [ view_parse ] --END-- [ RunTime:0.013615s ]
INFO: [ view_filter ] --START--
INFO: Run Behavior\WriteHtmlCacheBehavior [ RunTime:0.001076s ]
INFO: [ view_filter ] --END-- [ RunTime:0.001142s ]
INFO: [ app_end ] --START--
INFO: Run Behavior\ShowPageTraceBehavior [ RunTime:0.000937s ]
INFO: [ app_end ] --END-- [ RunTime:0.000990s ]

[ 2018-09-04T15:50:17+08:00 ] 127.0.0.1 /Advert/index.html?page=1&limit=10
INFO: [ app_init ] --START--
INFO: Run Behavior\BuildLiteBehavior [ RunTime:0.000028s ]
INFO: [ app_init ] --END-- [ RunTime:0.001045s ]
INFO: [ app_begin ] --START--
INFO: Run Behavior\ReadHtmlCacheBehavior [ RunTime:0.000719s ]
INFO: [ app_begin ] --END-- [ RunTime:0.000769s ]
SQL: SHOW COLUMNS FROM `advert` [ RunTime:0.3071s ]
SQL: SELECT COUNT(id) AS tp_count FROM `advert` LIMIT 1   [ RunTime:0.3067s ]
SQL: SELECT * FROM `advert` ORDER BY sort asc, id desc LIMIT 0,10   [ RunTime:0.1240s ]

[ 2018-09-04T15:50:17+08:00 ] 127.0.0.1 /advert/add.html
INFO: [ app_init ] --START--
INFO: Run Behavior\BuildLiteBehavior [ RunTime:0.000014s ]
INFO: [ app_init ] --END-- [ RunTime:0.000539s ]
INFO: [ app_begin ] --START--
INFO: Run Behavior\ReadHtmlCacheBehavior [ RunTime:0.000720s ]
INFO: [ app_begin ] --END-- [ RunTime:0.000774s ]
INFO: [ view_parse ] --START--
INFO: [ template_filter ] --START--
INFO: Run Behavior\ContentReplaceBehavior [ RunTime:0.000127s ]
INFO: [ template_filter ] --END-- [ RunTime:0.000183s ]
INFO: Run Behavior\ParseTemplateBehavior [ RunTime:0.016102s ]
INFO: [ view_parse ] --END-- [ RunTime:0.016186s ]
INFO: [ view_filter ] --START--
INFO: Run Behavior\WriteHtmlCacheBehavior [ RunTime:0.000705s ]
INFO: [ view_filter ] --END-- [ RunTime:0.000761s ]
INFO: [ app_end ] --START--
INFO: Run Behavior\ShowPageTraceBehavior [ RunTime:0.001066s ]
INFO: [ app_end ] --END-- [ RunTime:0.001140s ]

[ 2018-09-04T15:50:21+08:00 ] 127.0.0.1 /Config/index.html
INFO: [ app_init ] --START--
INFO: Run Behavior\BuildLiteBehavior [ RunTime:0.000016s ]
INFO: [ app_init ] --END-- [ RunTime:0.000700s ]
INFO: [ app_begin ] --START--
INFO: Run Behavior\ReadHtmlCacheBehavior [ RunTime:0.001114s ]
INFO: [ app_begin ] --END-- [ RunTime:0.001218s ]
SQL: SHOW COLUMNS FROM `config` [ RunTime:0.0646s ]
SQL: SELECT `content` FROM `config` WHERE `id` = 1 LIMIT 1   [ RunTime:0.0660s ]
INFO: [ view_parse ] --START--
INFO: [ template_filter ] --START--
INFO: Run Behavior\ContentReplaceBehavior [ RunTime:0.000125s ]
INFO: [ template_filter ] --END-- [ RunTime:0.000171s ]
INFO: Run Behavior\ParseTemplateBehavior [ RunTime:0.010772s ]
INFO: [ view_parse ] --END-- [ RunTime:0.010820s ]
INFO: [ view_filter ] --START--
INFO: Run Behavior\WriteHtmlCacheBehavior [ RunTime:0.000510s ]
INFO: [ view_filter ] --END-- [ RunTime:0.000540s ]
INFO: [ app_end ] --START--
INFO: Run Behavior\ShowPageTraceBehavior [ RunTime:0.000660s ]
INFO: [ app_end ] --END-- [ RunTime:0.000696s ]

[ 2018-09-04T15:50:24+08:00 ] 127.0.0.1 /Advert/index.html
INFO: [ app_init ] --START--
INFO: Run Behavior\BuildLiteBehavior [ RunTime:0.000022s ]
INFO: [ app_init ] --END-- [ RunTime:0.000833s ]
INFO: [ app_begin ] --START--
INFO: Run Behavior\ReadHtmlCacheBehavior [ RunTime:0.001176s ]
INFO: [ app_begin ] --END-- [ RunTime:0.001277s ]
INFO: [ view_parse ] --START--
INFO: [ template_filter ] --START--
INFO: Run Behavior\ContentReplaceBehavior [ RunTime:0.000127s ]
INFO: [ template_filter ] --END-- [ RunTime:0.000172s ]
INFO: Run Behavior\ParseTemplateBehavior [ RunTime:0.012893s ]
INFO: [ view_parse ] --END-- [ RunTime:0.012944s ]
INFO: [ view_filter ] --START--
INFO: Run Behavior\WriteHtmlCacheBehavior [ RunTime:0.000571s ]
INFO: [ view_filter ] --END-- [ RunTime:0.000605s ]
INFO: [ app_end ] --START--
INFO: Run Behavior\ShowPageTraceBehavior [ RunTime:0.000770s ]
INFO: [ app_end ] --END-- [ RunTime:0.000813s ]

[ 2018-09-04T15:50:25+08:00 ] 127.0.0.1 /Advert/index.html?page=1&limit=10
INFO: [ app_init ] --START--
INFO: Run Behavior\BuildLiteBehavior [ RunTime:0.000016s ]
INFO: [ app_init ] --END-- [ RunTime:0.000755s ]
INFO: [ app_begin ] --START--
INFO: Run Behavior\ReadHtmlCacheBehavior [ RunTime:0.000869s ]
INFO: [ app_begin ] --END-- [ RunTime:0.000936s ]
SQL: SHOW COLUMNS FROM `advert` [ RunTime:0.0662s ]
SQL: SELECT COUNT(id) AS tp_count FROM `advert` LIMIT 1   [ RunTime:0.0661s ]
SQL: SELECT * FROM `advert` ORDER BY sort asc, id desc LIMIT 0,10   [ RunTime:0.0693s ]

[ 2018-09-04T15:50:50+08:00 ] 127.0.0.1 /Advert/add.html
INFO: [ app_init ] --START--
INFO: Run Behavior\BuildLiteBehavior [ RunTime:0.000014s ]
INFO: [ app_init ] --END-- [ RunTime:0.000662s ]
INFO: [ app_begin ] --START--
INFO: Run Behavior\ReadHtmlCacheBehavior [ RunTime:0.000809s ]
INFO: [ app_begin ] --END-- [ RunTime:0.000870s ]
INFO: [ view_parse ] --START--
INFO: [ template_filter ] --START--
INFO: Run Behavior\ContentReplaceBehavior [ RunTime:0.000145s ]
INFO: [ template_filter ] --END-- [ RunTime:0.000203s ]
INFO: Run Behavior\ParseTemplateBehavior [ RunTime:0.011945s ]
INFO: [ view_parse ] --END-- [ RunTime:0.012007s ]
INFO: [ view_filter ] --START--
INFO: Run Behavior\WriteHtmlCacheBehavior [ RunTime:0.000547s ]
INFO: [ view_filter ] --END-- [ RunTime:0.000579s ]
INFO: [ app_end ] --START--
INFO: Run Behavior\ShowPageTraceBehavior [ RunTime:0.001047s ]
INFO: [ app_end ] --END-- [ RunTime:0.001113s ]

[ 2018-09-04T15:50:58+08:00 ] 127.0.0.1 /Question/index.html
INFO: [ app_init ] --START--
INFO: Run Behavior\BuildLiteBehavior [ RunTime:0.000014s ]
INFO: [ app_init ] --END-- [ RunTime:0.000656s ]
INFO: [ app_begin ] --START--
INFO: Run Behavior\ReadHtmlCacheBehavior [ RunTime:0.000862s ]
INFO: [ app_begin ] --END-- [ RunTime:0.000924s ]
SQL: SHOW COLUMNS FROM `test_paper` [ RunTime:0.0616s ]
SQL: SELECT `id`,`test_paper_name` FROM `test_paper`  [ RunTime:0.0616s ]
INFO: [ view_parse ] --START--
INFO: [ template_filter ] --START--
INFO: Run Behavior\ContentReplaceBehavior [ RunTime:0.000614s ]
INFO: [ template_filter ] --END-- [ RunTime:0.001056s ]
INFO: Run Behavior\ParseTemplateBehavior [ RunTime:0.049972s ]
INFO: [ view_parse ] --END-- [ RunTime:0.050265s ]
INFO: [ view_filter ] --START--
INFO: Run Behavior\WriteHtmlCacheBehavior [ RunTime:0.002145s ]
INFO: [ view_filter ] --END-- [ RunTime:0.002286s ]
INFO: [ app_end ] --START--
INFO: Run Behavior\ShowPageTraceBehavior [ RunTime:0.003146s ]
INFO: [ app_end ] --END-- [ RunTime:0.003581s ]

[ 2018-09-04T15:50:59+08:00 ] 127.0.0.1 /Question/index.html?test_paper_id=&knowledge_id=&question=&page=1&limit=10
INFO: [ app_init ] --START--
INFO: Run Behavior\BuildLiteBehavior [ RunTime:0.000022s ]
INFO: [ app_init ] --END-- [ RunTime:0.000926s ]
INFO: [ app_begin ] --START--
INFO: Run Behavior\ReadHtmlCacheBehavior [ RunTime:0.001149s ]
INFO: [ app_begin ] --END-- [ RunTime:0.001247s ]
SQL: SHOW COLUMNS FROM `test_question` [ RunTime:0.0682s ]
SQL: SELECT COUNT(id) AS tp_count FROM test_question q LIMIT 1   [ RunTime:0.0651s ]
SQL: SELECT q.*,p.test_paper_name,c.course,k.title FROM test_question q left join test_paper p ON p.id=q.test_paper_id left join course c ON c.id=q.course_id left join knowledge k ON k.id=q.knowledge_id  ORDER BY id desc LIMIT 0,10   [ RunTime:0.1121s ]

[ 2018-09-04T15:51:04+08:00 ] 127.0.0.1 /Course/index.html
INFO: [ app_init ] --START--
INFO: Run Behavior\BuildLiteBehavior [ RunTime:0.000028s ]
INFO: [ app_init ] --END-- [ RunTime:0.001324s ]
INFO: [ app_begin ] --START--
INFO: Run Behavior\ReadHtmlCacheBehavior [ RunTime:0.000941s ]
INFO: [ app_begin ] --END-- [ RunTime:0.001020s ]
INFO: [ view_parse ] --START--
INFO: [ template_filter ] --START--
INFO: Run Behavior\ContentReplaceBehavior [ RunTime:0.000140s ]
INFO: [ template_filter ] --END-- [ RunTime:0.000204s ]
INFO: Run Behavior\ParseTemplateBehavior [ RunTime:0.013140s ]
INFO: [ view_parse ] --END-- [ RunTime:0.013203s ]
INFO: [ view_filter ] --START--
INFO: Run Behavior\WriteHtmlCacheBehavior [ RunTime:0.000719s ]
INFO: [ view_filter ] --END-- [ RunTime:0.000758s ]
INFO: [ app_end ] --START--
INFO: Run Behavior\ShowPageTraceBehavior [ RunTime:0.001155s ]
INFO: [ app_end ] --END-- [ RunTime:0.001248s ]

[ 2018-09-04T15:51:05+08:00 ] 127.0.0.1 /Course/index.html?page=1&limit=10
INFO: [ app_init ] --START--
INFO: Run Behavior\BuildLiteBehavior [ RunTime:0.000023s ]
INFO: [ app_init ] --END-- [ RunTime:0.000885s ]
INFO: [ app_begin ] --START--
INFO: Run Behavior\ReadHtmlCacheBehavior [ RunTime:0.000994s ]
INFO: [ app_begin ] --END-- [ RunTime:0.001104s ]
SQL: SHOW COLUMNS FROM `course` [ RunTime:0.0620s ]
SQL: SELECT COUNT(id) AS tp_count FROM `course` LIMIT 1   [ RunTime:0.0614s ]
SQL: SELECT * FROM `course` ORDER BY id desc LIMIT 0,10   [ RunTime:0.0612s ]
SQL: SHOW COLUMNS FROM `knowledge` [ RunTime:0.0625s ]
SQL: SELECT COUNT(id) AS tp_count FROM `knowledge` WHERE `course_id` = 4 LIMIT 1   [ RunTime:0.0631s ]
SQL: SELECT COUNT(id) AS tp_count FROM `knowledge` WHERE `course_id` = 3 LIMIT 1   [ RunTime:0.0641s ]
SQL: SELECT COUNT(id) AS tp_count FROM `knowledge` WHERE `course_id` = 2 LIMIT 1   [ RunTime:0.0615s ]
SQL: SELECT COUNT(id) AS tp_count FROM `knowledge` WHERE `course_id` = 1 LIMIT 1   [ RunTime:0.0613s ]

[ 2018-09-04T15:51:09+08:00 ] 127.0.0.1 /Course/add.html
INFO: [ app_init ] --START--
INFO: Run Behavior\BuildLiteBehavior [ RunTime:0.000015s ]
INFO: [ app_init ] --END-- [ RunTime:0.000796s ]
INFO: [ app_begin ] --START--
INFO: Run Behavior\ReadHtmlCacheBehavior [ RunTime:0.000652s ]
INFO: [ app_begin ] --END-- [ RunTime:0.000699s ]
INFO: [ view_parse ] --START--
INFO: [ template_filter ] --START--
INFO: Run Behavior\ContentReplaceBehavior [ RunTime:0.000145s ]
INFO: [ template_filter ] --END-- [ RunTime:0.000195s ]
INFO: Run Behavior\ParseTemplateBehavior [ RunTime:0.012465s ]
INFO: [ view_parse ] --END-- [ RunTime:0.012547s ]
INFO: [ view_filter ] --START--
INFO: Run Behavior\WriteHtmlCacheBehavior [ RunTime:0.000541s ]
INFO: [ view_filter ] --END-- [ RunTime:0.000574s ]
INFO: [ app_end ] --START--
INFO: Run Behavior\ShowPageTraceBehavior [ RunTime:0.000672s ]
INFO: [ app_end ] --END-- [ RunTime:0.000710s ]

[ 2018-09-04T15:51:16+08:00 ] 127.0.0.1 /Paper/index.html
INFO: [ app_init ] --START--
INFO: Run Behavior\BuildLiteBehavior [ RunTime:0.000017s ]
INFO: [ app_init ] --END-- [ RunTime:0.000716s ]
INFO: [ app_begin ] --START--
INFO: Run Behavior\ReadHtmlCacheBehavior [ RunTime:0.001377s ]
INFO: [ app_begin ] --END-- [ RunTime:0.001498s ]
SQL: SHOW COLUMNS FROM `course` [ RunTime:0.0623s ]
SQL: SELECT `id`,`course` FROM `course`  [ RunTime:0.0633s ]
INFO: [ view_parse ] --START--
INFO: [ template_filter ] --START--
INFO: Run Behavior\ContentReplaceBehavior [ RunTime:0.000240s ]
INFO: [ template_filter ] --END-- [ RunTime:0.000330s ]
INFO: Run Behavior\ParseTemplateBehavior [ RunTime:0.031016s ]
INFO: [ view_parse ] --END-- [ RunTime:0.031165s ]
INFO: [ view_filter ] --START--
INFO: Run Behavior\WriteHtmlCacheBehavior [ RunTime:0.000958s ]
INFO: [ view_filter ] --END-- [ RunTime:0.001038s ]
INFO: [ app_end ] --START--
INFO: Run Behavior\ShowPageTraceBehavior [ RunTime:0.001008s ]
INFO: [ app_end ] --END-- [ RunTime:0.001077s ]

[ 2018-09-04T15:51:17+08:00 ] 127.0.0.1 /Paper/index.html?course_id=&test_paper_name=&page=1&limit=10
INFO: [ app_init ] --START--
INFO: Run Behavior\BuildLiteBehavior [ RunTime:0.000030s ]
INFO: [ app_init ] --END-- [ RunTime:0.001116s ]
INFO: [ app_begin ] --START--
INFO: Run Behavior\ReadHtmlCacheBehavior [ RunTime:0.001407s ]
INFO: [ app_begin ] --END-- [ RunTime:0.001530s ]
SQL: SHOW COLUMNS FROM `test_paper` [ RunTime:0.0666s ]
SQL: SELECT COUNT(id) AS tp_count FROM test_paper p LIMIT 1   [ RunTime:0.0638s ]
SQL: SELECT p.*,c.course FROM test_paper p left join course c ON c.id=p.course_id  ORDER BY id desc LIMIT 0,10   [ RunTime:0.0647s ]
SQL: SHOW COLUMNS FROM `test_question` [ RunTime:0.0641s ]
SQL: SELECT count(id) as num,sum(score) as score FROM `test_question` WHERE `test_paper_id` = 4  [ RunTime:0.0662s ]
SQL: SELECT count(id) as num,sum(score) as score FROM `test_question` WHERE `test_paper_id` = 3  [ RunTime:0.0643s ]
SQL: SELECT count(id) as num,sum(score) as score FROM `test_question` WHERE `test_paper_id` = 2  [ RunTime:0.0649s ]
SQL: SELECT count(id) as num,sum(score) as score FROM `test_question` WHERE `test_paper_id` = 1  [ RunTime:0.0663s ]

[ 2018-09-04T15:51:19+08:00 ] 127.0.0.1 /Exam/index.html
INFO: [ app_init ] --START--
INFO: Run Behavior\BuildLiteBehavior [ RunTime:0.000015s ]
INFO: [ app_init ] --END-- [ RunTime:0.000723s ]
INFO: [ app_begin ] --START--
INFO: Run Behavior\ReadHtmlCacheBehavior [ RunTime:0.000742s ]
INFO: [ app_begin ] --END-- [ RunTime:0.000803s ]
SQL: SHOW COLUMNS FROM `trainer` [ RunTime:0.0621s ]
SQL: SELECT `id`,`real_name`,`mobile` FROM `trainer` WHERE `status` = 1  [ RunTime:0.0622s ]
INFO: [ view_parse ] --START--
INFO: [ template_filter ] --START--
INFO: Run Behavior\ContentReplaceBehavior [ RunTime:0.000683s ]
INFO: [ template_filter ] --END-- [ RunTime:0.000884s ]
INFO: Run Behavior\ParseTemplateBehavior [ RunTime:0.048434s ]
INFO: [ view_parse ] --END-- [ RunTime:0.048564s ]
INFO: [ view_filter ] --START--
INFO: Run Behavior\WriteHtmlCacheBehavior [ RunTime:0.001021s ]
INFO: [ view_filter ] --END-- [ RunTime:0.001090s ]
INFO: [ app_end ] --START--
INFO: Run Behavior\ShowPageTraceBehavior [ RunTime:0.001289s ]
INFO: [ app_end ] --END-- [ RunTime:0.001363s ]

[ 2018-09-04T15:51:19+08:00 ] 127.0.0.1 /Exam/index.html?trainer_id=&caregiver_id=&add_time=&page=1&limit=10
INFO: [ app_init ] --START--
INFO: Run Behavior\BuildLiteBehavior [ RunTime:0.000025s ]
INFO: [ app_init ] --END-- [ RunTime:0.001204s ]
INFO: [ app_begin ] --START--
INFO: Run Behavior\ReadHtmlCacheBehavior [ RunTime:0.001529s ]
INFO: [ app_begin ] --END-- [ RunTime:0.001625s ]
SQL: SHOW COLUMNS FROM `exam` [ RunTime:0.0681s ]
SQL: SELECT COUNT(id) AS tp_count FROM exam e LIMIT 1   [ RunTime:0.0669s ]
SQL: SELECT e.*,t_n.real_name,t_n.mobile,c_b.caregiver_name,c_b.baby_name,c.course,p.test_paper_name FROM exam e left join trainer t_n ON t_n.id=e.trainer_id left join caregiver_baby c_b ON c_b.id=e.caregiver_baby_id left join course c ON c.id=e.course_id left join test_paper p ON p.id=e.test_paper_id  ORDER BY id desc LIMIT 0,10   [ RunTime:0.0658s ]

[ 2018-09-04T15:51:21+08:00 ] 127.0.0.1 /Feedback/index.html
INFO: [ app_init ] --START--
INFO: Run Behavior\BuildLiteBehavior [ RunTime:0.000019s ]
INFO: [ app_init ] --END-- [ RunTime:0.000755s ]
INFO: [ app_begin ] --START--
INFO: Run Behavior\ReadHtmlCacheBehavior [ RunTime:0.000719s ]
INFO: [ app_begin ] --END-- [ RunTime:0.000776s ]
INFO: [ view_parse ] --START--
INFO: [ template_filter ] --START--
INFO: Run Behavior\ContentReplaceBehavior [ RunTime:0.000154s ]
INFO: [ template_filter ] --END-- [ RunTime:0.000256s ]
INFO: Run Behavior\ParseTemplateBehavior [ RunTime:0.012435s ]
INFO: [ view_parse ] --END-- [ RunTime:0.012493s ]
INFO: [ view_filter ] --START--
INFO: Run Behavior\WriteHtmlCacheBehavior [ RunTime:0.000514s ]
INFO: [ view_filter ] --END-- [ RunTime:0.000555s ]
INFO: [ app_end ] --START--
INFO: Run Behavior\ShowPageTraceBehavior [ RunTime:0.000663s ]
INFO: [ app_end ] --END-- [ RunTime:0.000703s ]

[ 2018-09-04T15:51:23+08:00 ] 127.0.0.1 /Feedback/index.html?page=1&limit=10
INFO: [ app_init ] --START--
INFO: Run Behavior\BuildLiteBehavior [ RunTime:0.000025s ]
INFO: [ app_init ] --END-- [ RunTime:0.000956s ]
INFO: [ app_begin ] --START--
INFO: Run Behavior\ReadHtmlCacheBehavior [ RunTime:0.000864s ]
INFO: [ app_begin ] --END-- [ RunTime:0.000930s ]
SQL: SHOW COLUMNS FROM `feedback` [ RunTime:0.3063s ]
SQL: SELECT COUNT(id) AS tp_count FROM feedback f LIMIT 1   [ RunTime:0.3062s ]
SQL: SELECT f.*,t.mobile,t.real_name FROM feedback f left join trainer t ON t.id=f.trainer_id  ORDER BY id desc,reply_time asc LIMIT 0,10   [ RunTime:0.3076s ]

[ 2018-09-04T15:51:25+08:00 ] 127.0.0.1 /Question/index.html
INFO: [ app_init ] --START--
INFO: Run Behavior\BuildLiteBehavior [ RunTime:0.000016s ]
INFO: [ app_init ] --END-- [ RunTime:0.000730s ]
INFO: [ app_begin ] --START--
INFO: Run Behavior\ReadHtmlCacheBehavior [ RunTime:0.000925s ]
INFO: [ app_begin ] --END-- [ RunTime:0.000994s ]
SQL: SHOW COLUMNS FROM `test_paper` [ RunTime:0.0665s ]
SQL: SELECT `id`,`test_paper_name` FROM `test_paper`  [ RunTime:0.0661s ]
INFO: [ view_parse ] --START--
INFO: [ template_filter ] --START--
INFO: Run Behavior\ContentReplaceBehavior [ RunTime:0.000583s ]
INFO: [ template_filter ] --END-- [ RunTime:0.000751s ]
INFO: Run Behavior\ParseTemplateBehavior [ RunTime:0.051977s ]
INFO: [ view_parse ] --END-- [ RunTime:0.052247s ]
INFO: [ view_filter ] --START--
INFO: Run Behavior\WriteHtmlCacheBehavior [ RunTime:0.001044s ]
INFO: [ view_filter ] --END-- [ RunTime:0.001108s ]
INFO: [ app_end ] --START--
INFO: Run Behavior\ShowPageTraceBehavior [ RunTime:0.001421s ]
INFO: [ app_end ] --END-- [ RunTime:0.001509s ]

[ 2018-09-04T15:51:26+08:00 ] 127.0.0.1 /Question/index.html?test_paper_id=&knowledge_id=&question=&page=1&limit=10
INFO: [ app_init ] --START--
INFO: Run Behavior\BuildLiteBehavior [ RunTime:0.000041s ]
INFO: [ app_init ] --END-- [ RunTime:0.001338s ]
INFO: [ app_begin ] --START--
INFO: Run Behavior\ReadHtmlCacheBehavior [ RunTime:0.001156s ]
INFO: [ app_begin ] --END-- [ RunTime:0.001248s ]
SQL: SHOW COLUMNS FROM `test_question` [ RunTime:0.0714s ]
SQL: SELECT COUNT(id) AS tp_count FROM test_question q LIMIT 1   [ RunTime:0.0648s ]
SQL: SELECT q.*,p.test_paper_name,c.course,k.title FROM test_question q left join test_paper p ON p.id=q.test_paper_id left join course c ON c.id=q.course_id left join knowledge k ON k.id=q.knowledge_id  ORDER BY id desc LIMIT 0,10   [ RunTime:0.0683s ]

[ 2018-09-04T15:51:30+08:00 ] 127.0.0.1 /Config/index.html
INFO: [ app_init ] --START--
INFO: Run Behavior\BuildLiteBehavior [ RunTime:0.000015s ]
INFO: [ app_init ] --END-- [ RunTime:0.000778s ]
INFO: [ app_begin ] --START--
INFO: Run Behavior\ReadHtmlCacheBehavior [ RunTime:0.000815s ]
INFO: [ app_begin ] --END-- [ RunTime:0.000882s ]
SQL: SHOW COLUMNS FROM `config` [ RunTime:0.0661s ]
SQL: SELECT `content` FROM `config` WHERE `id` = 1 LIMIT 1   [ RunTime:0.0654s ]
INFO: [ view_parse ] --START--
INFO: [ template_filter ] --START--
INFO: Run Behavior\ContentReplaceBehavior [ RunTime:0.000188s ]
INFO: [ template_filter ] --END-- [ RunTime:0.000271s ]
INFO: Run Behavior\ParseTemplateBehavior [ RunTime:0.016182s ]
INFO: [ view_parse ] --END-- [ RunTime:0.016275s ]
INFO: [ view_filter ] --START--
INFO: Run Behavior\WriteHtmlCacheBehavior [ RunTime:0.000751s ]
INFO: [ view_filter ] --END-- [ RunTime:0.000796s ]
INFO: [ app_end ] --START--
INFO: Run Behavior\ShowPageTraceBehavior [ RunTime:0.000948s ]
INFO: [ app_end ] --END-- [ RunTime:0.001002s ]

[ 2018-09-04T15:51:33+08:00 ] 127.0.0.1 /Advert/index.html
INFO: [ app_init ] --START--
INFO: Run Behavior\BuildLiteBehavior [ RunTime:0.000017s ]
INFO: [ app_init ] --END-- [ RunTime:0.000837s ]
INFO: [ app_begin ] --START--
INFO: Run Behavior\ReadHtmlCacheBehavior [ RunTime:0.000866s ]
INFO: [ app_begin ] --END-- [ RunTime:0.000932s ]
INFO: [ view_parse ] --START--
INFO: [ template_filter ] --START--
INFO: Run Behavior\ContentReplaceBehavior [ RunTime:0.000128s ]
INFO: [ template_filter ] --END-- [ RunTime:0.000174s ]
INFO: Run Behavior\ParseTemplateBehavior [ RunTime:0.011814s ]
INFO: [ view_parse ] --END-- [ RunTime:0.011867s ]
INFO: [ view_filter ] --START--
INFO: Run Behavior\WriteHtmlCacheBehavior [ RunTime:0.000516s ]
INFO: [ view_filter ] --END-- [ RunTime:0.000546s ]
INFO: [ app_end ] --START--
INFO: Run Behavior\ShowPageTraceBehavior [ RunTime:0.000666s ]
INFO: [ app_end ] --END-- [ RunTime:0.000705s ]

[ 2018-09-04T15:51:34+08:00 ] 127.0.0.1 /Advert/index.html?page=1&limit=10
INFO: [ app_init ] --START--
INFO: Run Behavior\BuildLiteBehavior [ RunTime:0.000014s ]
INFO: [ app_init ] --END-- [ RunTime:0.000584s ]
INFO: [ app_begin ] --START--
INFO: Run Behavior\ReadHtmlCacheBehavior [ RunTime:0.000715s ]
INFO: [ app_begin ] --END-- [ RunTime:0.000771s ]
SQL: SHOW COLUMNS FROM `advert` [ RunTime:0.0643s ]
SQL: SELECT COUNT(id) AS tp_count FROM `advert` LIMIT 1   [ RunTime:0.0611s ]
SQL: SELECT * FROM `advert` ORDER BY sort asc, id desc LIMIT 0,10   [ RunTime:0.0612s ]

[ 2018-09-04T15:51:34+08:00 ] 127.0.0.1 /advert/add.html
INFO: [ app_init ] --START--
INFO: Run Behavior\BuildLiteBehavior [ RunTime:0.000013s ]
INFO: [ app_init ] --END-- [ RunTime:0.000540s ]
INFO: [ app_begin ] --START--
INFO: Run Behavior\ReadHtmlCacheBehavior [ RunTime:0.000701s ]
INFO: [ app_begin ] --END-- [ RunTime:0.000747s ]
INFO: [ view_parse ] --START--
INFO: [ template_filter ] --START--
INFO: Run Behavior\ContentReplaceBehavior [ RunTime:0.000122s ]
INFO: [ template_filter ] --END-- [ RunTime:0.000178s ]
INFO: Run Behavior\ParseTemplateBehavior [ RunTime:0.011914s ]
INFO: [ view_parse ] --END-- [ RunTime:0.011982s ]
INFO: [ view_filter ] --START--
INFO: Run Behavior\WriteHtmlCacheBehavior [ RunTime:0.000714s ]
INFO: [ view_filter ] --END-- [ RunTime:0.000754s ]
INFO: [ app_end ] --START--
INFO: Run Behavior\ShowPageTraceBehavior [ RunTime:0.000808s ]
INFO: [ app_end ] --END-- [ RunTime:0.000857s ]

