[ 2018-08-08T12:53:03+08:00 ] 127.0.0.1 /
INFO: [ app_init ] --START--
INFO: Run Behavior\BuildLiteBehavior [ RunTime:0.000022s ]
INFO: [ app_init ] --END-- [ RunTime:0.001377s ]
INFO: [ app_begin ] --START--
INFO: Run Behavior\ReadHtmlCacheBehavior [ RunTime:0.003023s ]
INFO: [ app_begin ] --END-- [ RunTime:0.003129s ]

[ 2018-08-08T12:53:04+08:00 ] 127.0.0.1 /Login/index.html
INFO: [ app_init ] --START--
INFO: Run Behavior\BuildLiteBehavior [ RunTime:0.000022s ]
INFO: [ app_init ] --END-- [ RunTime:0.001166s ]
INFO: [ app_begin ] --START--
INFO: Run Behavior\ReadHtmlCacheBehavior [ RunTime:0.005235s ]
INFO: [ app_begin ] --END-- [ RunTime:0.005341s ]
INFO: [ view_parse ] --START--
INFO: [ template_filter ] --START--
INFO: Run Behavior\ContentReplaceBehavior [ RunTime:0.000097s ]
INFO: [ template_filter ] --END-- [ RunTime:0.000190s ]
INFO: Run Behavior\ParseTemplateBehavior [ RunTime:0.023154s ]
INFO: [ view_parse ] --END-- [ RunTime:0.023236s ]
INFO: [ view_filter ] --START--
INFO: Run Behavior\WriteHtmlCacheBehavior [ RunTime:0.001751s ]
INFO: [ view_filter ] --END-- [ RunTime:0.001834s ]
INFO: [ app_end ] --START--
INFO: Run Behavior\ShowPageTraceBehavior [ RunTime:0.002104s ]
INFO: [ app_end ] --END-- [ RunTime:0.002183s ]

[ 2018-08-08T12:53:05+08:00 ] 127.0.0.1 /
INFO: [ app_init ] --START--
INFO: Run Behavior\BuildLiteBehavior [ RunTime:0.000023s ]
INFO: [ app_init ] --END-- [ RunTime:0.001541s ]
INFO: [ app_begin ] --START--
INFO: Run Behavior\ReadHtmlCacheBehavior [ RunTime:0.001954s ]
INFO: [ app_begin ] --END-- [ RunTime:0.002084s ]

[ 2018-08-08T12:53:06+08:00 ] 127.0.0.1 /favicon.ico
INFO: [ app_init ] --START--
INFO: Run Behavior\BuildLiteBehavior [ RunTime:0.000021s ]
INFO: [ app_init ] --END-- [ RunTime:0.004276s ]

[ 2018-08-08T12:53:09+08:00 ] 127.0.0.1 /Login/doLogin.html
INFO: [ app_init ] --START--
INFO: Run Behavior\BuildLiteBehavior [ RunTime:0.000023s ]
INFO: [ app_init ] --END-- [ RunTime:0.000993s ]
INFO: [ app_begin ] --START--
INFO: Run Behavior\ReadHtmlCacheBehavior [ RunTime:0.002981s ]
INFO: [ app_begin ] --END-- [ RunTime:0.003078s ]
SQL: SHOW COLUMNS FROM `admin` [ RunTime:0.0773s ]
SQL: SELECT * FROM `admin` WHERE `username` = 'admin' AND `password` = '3f47c8a76a2af609c466ed3b6214aa31' LIMIT 1   [ RunTime:1.3841s ]

[ 2018-08-08T12:53:13+08:00 ] 127.0.0.1 /Index/index.html
INFO: [ app_init ] --START--
INFO: Run Behavior\BuildLiteBehavior [ RunTime:0.000025s ]
INFO: [ app_init ] --END-- [ RunTime:0.001611s ]
INFO: [ app_begin ] --START--
INFO: Run Behavior\ReadHtmlCacheBehavior [ RunTime:0.002276s ]
INFO: [ app_begin ] --END-- [ RunTime:0.002382s ]
INFO: [ view_parse ] --START--
INFO: [ template_filter ] --START--
INFO: Run Behavior\ContentReplaceBehavior [ RunTime:0.000202s ]
INFO: [ template_filter ] --END-- [ RunTime:0.000281s ]
INFO: Run Behavior\ParseTemplateBehavior [ RunTime:0.028384s ]
INFO: [ view_parse ] --END-- [ RunTime:0.028472s ]
INFO: [ view_filter ] --START--
INFO: Run Behavior\WriteHtmlCacheBehavior [ RunTime:0.001063s ]
INFO: [ view_filter ] --END-- [ RunTime:0.001115s ]
INFO: [ app_end ] --START--
INFO: Run Behavior\ShowPageTraceBehavior [ RunTime:0.001349s ]
INFO: [ app_end ] --END-- [ RunTime:0.001417s ]

[ 2018-08-08T12:53:16+08:00 ] 127.0.0.1 /Exam/index.html
INFO: [ app_init ] --START--
INFO: Run Behavior\BuildLiteBehavior [ RunTime:0.000026s ]
INFO: [ app_init ] --END-- [ RunTime:0.001712s ]
INFO: [ app_begin ] --START--
INFO: Run Behavior\ReadHtmlCacheBehavior [ RunTime:0.004097s ]
INFO: [ app_begin ] --END-- [ RunTime:0.004309s ]
SQL: SHOW COLUMNS FROM `trainer` [ RunTime:0.3215s ]
SQL: SELECT `id`,`real_name`,`mobile` FROM `trainer` WHERE `status` = 1  [ RunTime:0.0705s ]
INFO: [ view_parse ] --START--
INFO: [ template_filter ] --START--
INFO: Run Behavior\ContentReplaceBehavior [ RunTime:0.000197s ]
INFO: [ template_filter ] --END-- [ RunTime:0.000275s ]
INFO: Run Behavior\ParseTemplateBehavior [ RunTime:0.020481s ]
INFO: [ view_parse ] --END-- [ RunTime:0.020546s ]
INFO: [ view_filter ] --START--
INFO: Run Behavior\WriteHtmlCacheBehavior [ RunTime:0.000788s ]
INFO: [ view_filter ] --END-- [ RunTime:0.000821s ]
INFO: [ app_end ] --START--
INFO: Run Behavior\ShowPageTraceBehavior [ RunTime:0.000832s ]
INFO: [ app_end ] --END-- [ RunTime:0.000873s ]

[ 2018-08-08T12:53:17+08:00 ] 127.0.0.1 /Exam/index.html?trainer_id=&caregiver_id=&add_time=&page=1&limit=10
INFO: [ app_init ] --START--
INFO: Run Behavior\BuildLiteBehavior [ RunTime:0.000026s ]
INFO: [ app_init ] --END-- [ RunTime:0.002147s ]
INFO: [ app_begin ] --START--
INFO: Run Behavior\ReadHtmlCacheBehavior [ RunTime:0.000902s ]
INFO: [ app_begin ] --END-- [ RunTime:0.000956s ]
SQL: SHOW COLUMNS FROM `exam` [ RunTime:0.0533s ]
SQL: SELECT COUNT(id) AS tp_count FROM exam e LIMIT 1   [ RunTime:0.1135s ]
SQL: SELECT e.*,t_n.real_name,t_n.mobile,c_b.caregiver_name,c_b.baby_name,c.course,p.test_paper_name FROM exam e left join trainer t_n ON t_n.id=e.trainer_id left join caregiver_baby c_b ON c_b.id=e.caregiver_baby_id left join course c ON c.id=e.course_id left join test_paper p ON p.id=e.test_paper_id  ORDER BY id desc LIMIT 0,10   [ RunTime:0.0657s ]

[ 2018-08-08T12:53:19+08:00 ] 127.0.0.1 /Train/index.html
INFO: [ app_init ] --START--
INFO: Run Behavior\BuildLiteBehavior [ RunTime:0.000022s ]
INFO: [ app_init ] --END-- [ RunTime:0.004841s ]
INFO: [ app_begin ] --START--
INFO: Run Behavior\ReadHtmlCacheBehavior [ RunTime:0.001307s ]
INFO: [ app_begin ] --END-- [ RunTime:0.001395s ]
SQL: SHOW COLUMNS FROM `trainer` [ RunTime:0.0527s ]
SQL: SELECT `id`,`real_name`,`mobile` FROM `trainer` WHERE `status` = 1  [ RunTime:0.0526s ]
INFO: [ view_parse ] --START--
INFO: [ template_filter ] --START--
INFO: Run Behavior\ContentReplaceBehavior [ RunTime:0.000252s ]
INFO: [ template_filter ] --END-- [ RunTime:0.000323s ]
INFO: Run Behavior\ParseTemplateBehavior [ RunTime:0.020919s ]
INFO: [ view_parse ] --END-- [ RunTime:0.021050s ]
INFO: [ view_filter ] --START--
INFO: Run Behavior\WriteHtmlCacheBehavior [ RunTime:0.001420s ]
INFO: [ view_filter ] --END-- [ RunTime:0.001493s ]
INFO: [ app_end ] --START--
INFO: Run Behavior\ShowPageTraceBehavior [ RunTime:0.001332s ]
INFO: [ app_end ] --END-- [ RunTime:0.001404s ]

[ 2018-08-08T12:53:20+08:00 ] 127.0.0.1 /Train/index.html?trainer_id=&caregiver_id=&add_time=&page=1&limit=10
INFO: [ app_init ] --START--
INFO: Run Behavior\BuildLiteBehavior [ RunTime:0.000029s ]
INFO: [ app_init ] --END-- [ RunTime:0.003625s ]
INFO: [ app_begin ] --START--
INFO: Run Behavior\ReadHtmlCacheBehavior [ RunTime:0.001660s ]
INFO: [ app_begin ] --END-- [ RunTime:0.001751s ]
SQL: SHOW COLUMNS FROM `train` [ RunTime:0.0656s ]
SQL: SELECT COUNT(id) AS tp_count FROM train t LIMIT 1   [ RunTime:0.0581s ]
SQL: SELECT t.*,t_n.real_name,t_n.mobile,c_b.caregiver_name,c_b.baby_name,c.course FROM train t left join trainer t_n ON t_n.id=t.trainer_id left join caregiver_baby c_b ON c_b.id=t.caregiver_baby_id left join course c ON c.id=t.course_id  ORDER BY id desc LIMIT 0,10   [ RunTime:0.0573s ]

[ 2018-08-08T12:53:47+08:00 ] 127.0.0.1 /CaregiverBaby/index.html
INFO: [ app_init ] --START--
INFO: Run Behavior\BuildLiteBehavior [ RunTime:0.000022s ]
INFO: [ app_init ] --END-- [ RunTime:0.001008s ]
INFO: [ app_begin ] --START--
INFO: Run Behavior\ReadHtmlCacheBehavior [ RunTime:0.005539s ]
INFO: [ app_begin ] --END-- [ RunTime:0.005678s ]
SQL: SHOW COLUMNS FROM `trainer` [ RunTime:0.3041s ]
SQL: SELECT `id`,`real_name`,`mobile` FROM `trainer` WHERE `status` = 1  [ RunTime:0.9071s ]
INFO: [ view_parse ] --START--
INFO: [ template_filter ] --START--
INFO: Run Behavior\ContentReplaceBehavior [ RunTime:0.000236s ]
INFO: [ template_filter ] --END-- [ RunTime:0.000295s ]
INFO: Run Behavior\ParseTemplateBehavior [ RunTime:0.018519s ]
INFO: [ view_parse ] --END-- [ RunTime:0.018577s ]
INFO: [ view_filter ] --START--
INFO: Run Behavior\WriteHtmlCacheBehavior [ RunTime:0.000667s ]
INFO: [ view_filter ] --END-- [ RunTime:0.000700s ]
INFO: [ app_end ] --START--
INFO: Run Behavior\ShowPageTraceBehavior [ RunTime:0.000798s ]
INFO: [ app_end ] --END-- [ RunTime:0.000841s ]

[ 2018-08-08T12:53:50+08:00 ] 127.0.0.1 /CaregiverBaby/index.html?page=1&limit=10
INFO: [ app_init ] --START--
INFO: Run Behavior\BuildLiteBehavior [ RunTime:0.000024s ]
INFO: [ app_init ] --END-- [ RunTime:0.002209s ]
INFO: [ app_begin ] --START--
INFO: Run Behavior\ReadHtmlCacheBehavior [ RunTime:0.001412s ]
INFO: [ app_begin ] --END-- [ RunTime:0.001497s ]
SQL: SHOW COLUMNS FROM `caregiver_baby` [ RunTime:0.4103s ]
SQL: SELECT COUNT(id) AS tp_count FROM caregiver_baby c LIMIT 1   [ RunTime:0.9115s ]
SQL: SELECT c.*,t.real_name,t.mobile FROM caregiver_baby c left join trainer t ON t.id=c.trainer_id  ORDER BY id desc LIMIT 0,10   [ RunTime:0.0662s ]

[ 2018-08-08T12:53:54+08:00 ] 127.0.0.1 /Feedback/index.html
INFO: [ app_init ] --START--
INFO: Run Behavior\BuildLiteBehavior [ RunTime:0.000015s ]
INFO: [ app_init ] --END-- [ RunTime:0.000766s ]
INFO: [ app_begin ] --START--
INFO: Run Behavior\ReadHtmlCacheBehavior [ RunTime:0.001970s ]
INFO: [ app_begin ] --END-- [ RunTime:0.002073s ]
INFO: [ view_parse ] --START--
INFO: [ template_filter ] --START--
INFO: Run Behavior\ContentReplaceBehavior [ RunTime:0.000245s ]
INFO: [ template_filter ] --END-- [ RunTime:0.000357s ]
INFO: Run Behavior\ParseTemplateBehavior [ RunTime:0.029153s ]
INFO: [ view_parse ] --END-- [ RunTime:0.029250s ]
INFO: [ view_filter ] --START--
INFO: Run Behavior\WriteHtmlCacheBehavior [ RunTime:0.001122s ]
INFO: [ view_filter ] --END-- [ RunTime:0.001181s ]
INFO: [ app_end ] --START--
INFO: Run Behavior\ShowPageTraceBehavior [ RunTime:0.000977s ]
INFO: [ app_end ] --END-- [ RunTime:0.001030s ]

[ 2018-08-08T12:53:55+08:00 ] 127.0.0.1 /Feedback/index.html?page=1&limit=10
INFO: [ app_init ] --START--
INFO: Run Behavior\BuildLiteBehavior [ RunTime:0.000031s ]
INFO: [ app_init ] --END-- [ RunTime:0.001658s ]
INFO: [ app_begin ] --START--
INFO: Run Behavior\ReadHtmlCacheBehavior [ RunTime:0.001769s ]
INFO: [ app_begin ] --END-- [ RunTime:0.001858s ]
SQL: SHOW COLUMNS FROM `feedback` [ RunTime:0.0528s ]
SQL: SELECT COUNT(id) AS tp_count FROM feedback f LIMIT 1   [ RunTime:0.0557s ]
SQL: SELECT f.*,t.mobile,t.real_name FROM feedback f left join trainer t ON t.id=f.trainer_id  ORDER BY id desc,reply_time asc LIMIT 0,10   [ RunTime:0.0833s ]

[ 2018-08-08T12:54:09+08:00 ] 127.0.0.1 /Feedback/reply.html?id=4
INFO: [ app_init ] --START--
INFO: Run Behavior\BuildLiteBehavior [ RunTime:0.000031s ]
INFO: [ app_init ] --END-- [ RunTime:0.002167s ]
INFO: [ app_begin ] --START--
INFO: Run Behavior\ReadHtmlCacheBehavior [ RunTime:0.001121s ]
INFO: [ app_begin ] --END-- [ RunTime:0.001199s ]
SQL: SHOW COLUMNS FROM `feedback` [ RunTime:0.0540s ]
SQL: SELECT * FROM `feedback` WHERE `id` = 4 LIMIT 1   [ RunTime:0.0674s ]
INFO: [ view_parse ] --START--
INFO: [ template_filter ] --START--
INFO: Run Behavior\ContentReplaceBehavior [ RunTime:0.000157s ]
INFO: [ template_filter ] --END-- [ RunTime:0.000229s ]
INFO: Run Behavior\ParseTemplateBehavior [ RunTime:0.021512s ]
INFO: [ view_parse ] --END-- [ RunTime:0.021613s ]
INFO: [ view_filter ] --START--
INFO: Run Behavior\WriteHtmlCacheBehavior [ RunTime:0.001420s ]
INFO: [ view_filter ] --END-- [ RunTime:0.001487s ]
INFO: [ app_end ] --START--
INFO: Run Behavior\ShowPageTraceBehavior [ RunTime:0.001513s ]
INFO: [ app_end ] --END-- [ RunTime:0.001575s ]

[ 2018-08-08T12:54:15+08:00 ] 127.0.0.1 /Feedback/index.html?page=1&limit=10
INFO: [ app_init ] --START--
INFO: Run Behavior\BuildLiteBehavior [ RunTime:0.000026s ]
INFO: [ app_init ] --END-- [ RunTime:0.001859s ]
INFO: [ app_begin ] --START--
INFO: Run Behavior\ReadHtmlCacheBehavior [ RunTime:0.001511s ]
INFO: [ app_begin ] --END-- [ RunTime:0.001609s ]
SQL: SHOW COLUMNS FROM `feedback` [ RunTime:0.0633s ]
SQL: SELECT COUNT(id) AS tp_count FROM feedback f LIMIT 1   [ RunTime:0.0572s ]
SQL: SELECT f.*,t.mobile,t.real_name FROM feedback f left join trainer t ON t.id=f.trainer_id  ORDER BY id desc,reply_time asc LIMIT 0,10   [ RunTime:0.0553s ]

[ 2018-08-08T12:54:17+08:00 ] 127.0.0.1 /Exam/index.html
INFO: [ app_init ] --START--
INFO: Run Behavior\BuildLiteBehavior [ RunTime:0.000020s ]
INFO: [ app_init ] --END-- [ RunTime:0.001057s ]
INFO: [ app_begin ] --START--
INFO: Run Behavior\ReadHtmlCacheBehavior [ RunTime:0.002972s ]
INFO: [ app_begin ] --END-- [ RunTime:0.003126s ]
SQL: SHOW COLUMNS FROM `trainer` [ RunTime:0.0713s ]
SQL: SELECT `id`,`real_name`,`mobile` FROM `trainer` WHERE `status` = 1  [ RunTime:0.1018s ]
INFO: [ view_parse ] --START--
INFO: [ template_filter ] --START--
INFO: Run Behavior\ContentReplaceBehavior [ RunTime:0.000206s ]
INFO: [ template_filter ] --END-- [ RunTime:0.000282s ]
INFO: Run Behavior\ParseTemplateBehavior [ RunTime:0.018732s ]
INFO: [ view_parse ] --END-- [ RunTime:0.018807s ]
INFO: [ view_filter ] --START--
INFO: Run Behavior\WriteHtmlCacheBehavior [ RunTime:0.001818s ]
INFO: [ view_filter ] --END-- [ RunTime:0.001883s ]
INFO: [ app_end ] --START--
INFO: Run Behavior\ShowPageTraceBehavior [ RunTime:0.001602s ]
INFO: [ app_end ] --END-- [ RunTime:0.001665s ]

[ 2018-08-08T12:54:18+08:00 ] 127.0.0.1 /Exam/index.html?trainer_id=&caregiver_id=&add_time=&page=1&limit=10
INFO: [ app_init ] --START--
INFO: Run Behavior\BuildLiteBehavior [ RunTime:0.000025s ]
INFO: [ app_init ] --END-- [ RunTime:0.004068s ]
INFO: [ app_begin ] --START--
INFO: Run Behavior\ReadHtmlCacheBehavior [ RunTime:0.003645s ]
INFO: [ app_begin ] --END-- [ RunTime:0.003749s ]
SQL: SHOW COLUMNS FROM `exam` [ RunTime:0.0571s ]
SQL: SELECT COUNT(id) AS tp_count FROM exam e LIMIT 1   [ RunTime:0.0576s ]
SQL: SELECT e.*,t_n.real_name,t_n.mobile,c_b.caregiver_name,c_b.baby_name,c.course,p.test_paper_name FROM exam e left join trainer t_n ON t_n.id=e.trainer_id left join caregiver_baby c_b ON c_b.id=e.caregiver_baby_id left join course c ON c.id=e.course_id left join test_paper p ON p.id=e.test_paper_id  ORDER BY id desc LIMIT 0,10   [ RunTime:0.0520s ]

[ 2018-08-08T12:54:20+08:00 ] 127.0.0.1 /Train/index.html
INFO: [ app_init ] --START--
INFO: Run Behavior\BuildLiteBehavior [ RunTime:0.000030s ]
INFO: [ app_init ] --END-- [ RunTime:0.001995s ]
INFO: [ app_begin ] --START--
INFO: Run Behavior\ReadHtmlCacheBehavior [ RunTime:0.001528s ]
INFO: [ app_begin ] --END-- [ RunTime:0.001620s ]
SQL: SHOW COLUMNS FROM `trainer` [ RunTime:0.0919s ]
SQL: SELECT `id`,`real_name`,`mobile` FROM `trainer` WHERE `status` = 1  [ RunTime:0.1431s ]
INFO: [ view_parse ] --START--
INFO: [ template_filter ] --START--
INFO: Run Behavior\ContentReplaceBehavior [ RunTime:0.000139s ]
INFO: [ template_filter ] --END-- [ RunTime:0.000186s ]
INFO: Run Behavior\ParseTemplateBehavior [ RunTime:0.014558s ]
INFO: [ view_parse ] --END-- [ RunTime:0.014621s ]
INFO: [ view_filter ] --START--
INFO: Run Behavior\WriteHtmlCacheBehavior [ RunTime:0.001142s ]
INFO: [ view_filter ] --END-- [ RunTime:0.001207s ]
INFO: [ app_end ] --START--
INFO: Run Behavior\ShowPageTraceBehavior [ RunTime:0.001689s ]
INFO: [ app_end ] --END-- [ RunTime:0.001756s ]

[ 2018-08-08T12:54:21+08:00 ] 127.0.0.1 /Train/index.html?trainer_id=&caregiver_id=&add_time=&page=1&limit=10
INFO: [ app_init ] --START--
INFO: Run Behavior\BuildLiteBehavior [ RunTime:0.000039s ]
INFO: [ app_init ] --END-- [ RunTime:0.001406s ]
INFO: [ app_begin ] --START--
INFO: Run Behavior\ReadHtmlCacheBehavior [ RunTime:0.001327s ]
INFO: [ app_begin ] --END-- [ RunTime:0.001416s ]
SQL: SHOW COLUMNS FROM `train` [ RunTime:0.0990s ]
SQL: SELECT COUNT(id) AS tp_count FROM train t LIMIT 1   [ RunTime:0.0811s ]
SQL: SELECT t.*,t_n.real_name,t_n.mobile,c_b.caregiver_name,c_b.baby_name,c.course FROM train t left join trainer t_n ON t_n.id=t.trainer_id left join caregiver_baby c_b ON c_b.id=t.caregiver_baby_id left join course c ON c.id=t.course_id  ORDER BY id desc LIMIT 0,10   [ RunTime:0.0538s ]

[ 2018-08-08T12:54:44+08:00 ] 127.0.0.1 /Train/index.html
INFO: [ app_init ] --START--
INFO: Run Behavior\BuildLiteBehavior [ RunTime:0.000022s ]
INFO: [ app_init ] --END-- [ RunTime:0.001133s ]
INFO: [ app_begin ] --START--
INFO: Run Behavior\ReadHtmlCacheBehavior [ RunTime:0.001282s ]
INFO: [ app_begin ] --END-- [ RunTime:0.001369s ]
SQL: SHOW COLUMNS FROM `trainer` [ RunTime:0.0643s ]
SQL: SELECT `id`,`real_name`,`mobile` FROM `trainer` WHERE `status` = 1  [ RunTime:0.0649s ]
INFO: [ view_parse ] --START--
INFO: [ template_filter ] --START--
INFO: Run Behavior\ContentReplaceBehavior [ RunTime:0.000244s ]
INFO: [ template_filter ] --END-- [ RunTime:0.000345s ]
INFO: Run Behavior\ParseTemplateBehavior [ RunTime:0.021695s ]
INFO: [ view_parse ] --END-- [ RunTime:0.021776s ]
INFO: [ view_filter ] --START--
INFO: Run Behavior\WriteHtmlCacheBehavior [ RunTime:0.001977s ]
INFO: [ view_filter ] --END-- [ RunTime:0.002050s ]
INFO: [ app_end ] --START--
INFO: Run Behavior\ShowPageTraceBehavior [ RunTime:0.001527s ]
INFO: [ app_end ] --END-- [ RunTime:0.001589s ]

[ 2018-08-08T12:54:45+08:00 ] 127.0.0.1 /Train/index.html?trainer_id=&caregiver_id=&add_time=&page=1&limit=10
INFO: [ app_init ] --START--
INFO: Run Behavior\BuildLiteBehavior [ RunTime:0.000027s ]
INFO: [ app_init ] --END-- [ RunTime:0.001828s ]
INFO: [ app_begin ] --START--
INFO: Run Behavior\ReadHtmlCacheBehavior [ RunTime:0.001912s ]
INFO: [ app_begin ] --END-- [ RunTime:0.003851s ]
SQL: SHOW COLUMNS FROM `train` [ RunTime:0.0667s ]
SQL: SELECT COUNT(id) AS tp_count FROM train t LIMIT 1   [ RunTime:0.0630s ]
SQL: SELECT t.*,t_n.real_name,t_n.mobile,c_b.caregiver_name,c_b.baby_name,c.course FROM train t left join trainer t_n ON t_n.id=t.trainer_id left join caregiver_baby c_b ON c_b.id=t.caregiver_baby_id left join course c ON c.id=t.course_id  ORDER BY id desc LIMIT 0,10   [ RunTime:0.0833s ]

[ 2018-08-08T12:54:55+08:00 ] 127.0.0.1 /Knowledge/index.html
INFO: [ app_init ] --START--
INFO: Run Behavior\BuildLiteBehavior [ RunTime:0.000039s ]
INFO: [ app_init ] --END-- [ RunTime:0.001542s ]
INFO: [ app_begin ] --START--
INFO: Run Behavior\ReadHtmlCacheBehavior [ RunTime:0.001846s ]
INFO: [ app_begin ] --END-- [ RunTime:0.001953s ]
SQL: SHOW COLUMNS FROM `course` [ RunTime:0.0515s ]
SQL: SELECT `id`,`course` FROM `course`  [ RunTime:0.0501s ]
INFO: [ view_parse ] --START--
INFO: [ template_filter ] --START--
INFO: Run Behavior\ContentReplaceBehavior [ RunTime:0.000135s ]
INFO: [ template_filter ] --END-- [ RunTime:0.000182s ]
INFO: Run Behavior\ParseTemplateBehavior [ RunTime:0.017783s ]
INFO: [ view_parse ] --END-- [ RunTime:0.017865s ]
INFO: [ view_filter ] --START--
INFO: Run Behavior\WriteHtmlCacheBehavior [ RunTime:0.000655s ]
INFO: [ view_filter ] --END-- [ RunTime:0.000686s ]
INFO: [ app_end ] --START--
INFO: Run Behavior\ShowPageTraceBehavior [ RunTime:0.001520s ]
INFO: [ app_end ] --END-- [ RunTime:0.001584s ]

[ 2018-08-08T12:54:57+08:00 ] 127.0.0.1 /Knowledge/index.html?course_id=&title=&page=1&limit=10
INFO: [ app_init ] --START--
INFO: Run Behavior\BuildLiteBehavior [ RunTime:0.000024s ]
INFO: [ app_init ] --END-- [ RunTime:0.001296s ]
INFO: [ app_begin ] --START--
INFO: Run Behavior\ReadHtmlCacheBehavior [ RunTime:0.002707s ]
INFO: [ app_begin ] --END-- [ RunTime:0.002814s ]
SQL: SHOW COLUMNS FROM `knowledge` [ RunTime:0.0501s ]
SQL: SELECT COUNT(id) AS tp_count FROM knowledge k LIMIT 1   [ RunTime:0.0479s ]
SQL: SELECT k.*,c.course FROM knowledge k left join course c ON c.id=k.course_id  ORDER BY id desc LIMIT 0,10   [ RunTime:0.1034s ]
SQL: SHOW COLUMNS FROM `test_question` [ RunTime:0.0487s ]
SQL: SELECT COUNT(id) AS tp_count FROM `test_question` WHERE `knowledge_id` = 38 LIMIT 1   [ RunTime:0.0480s ]
SQL: SHOW COLUMNS FROM `knowledge_question` [ RunTime:0.0630s ]
SQL: SELECT COUNT(id) AS tp_count FROM `knowledge_question` WHERE `knowledge_id` = 38 LIMIT 1   [ RunTime:0.0487s ]
SQL: SELECT COUNT(id) AS tp_count FROM `test_question` WHERE `knowledge_id` = 37 LIMIT 1   [ RunTime:0.0487s ]
SQL: SELECT COUNT(id) AS tp_count FROM `knowledge_question` WHERE `knowledge_id` = 37 LIMIT 1   [ RunTime:0.0483s ]
SQL: SELECT COUNT(id) AS tp_count FROM `test_question` WHERE `knowledge_id` = 36 LIMIT 1   [ RunTime:0.0481s ]
SQL: SELECT COUNT(id) AS tp_count FROM `knowledge_question` WHERE `knowledge_id` = 36 LIMIT 1   [ RunTime:0.0485s ]
SQL: SELECT COUNT(id) AS tp_count FROM `test_question` WHERE `knowledge_id` = 35 LIMIT 1   [ RunTime:0.0490s ]
SQL: SELECT COUNT(id) AS tp_count FROM `knowledge_question` WHERE `knowledge_id` = 35 LIMIT 1   [ RunTime:0.0487s ]
SQL: SELECT COUNT(id) AS tp_count FROM `test_question` WHERE `knowledge_id` = 31 LIMIT 1   [ RunTime:0.0481s ]
SQL: SELECT COUNT(id) AS tp_count FROM `knowledge_question` WHERE `knowledge_id` = 31 LIMIT 1   [ RunTime:0.0474s ]
SQL: SELECT COUNT(id) AS tp_count FROM `test_question` WHERE `knowledge_id` = 30 LIMIT 1   [ RunTime:0.0834s ]
SQL: SELECT COUNT(id) AS tp_count FROM `knowledge_question` WHERE `knowledge_id` = 30 LIMIT 1   [ RunTime:0.0582s ]
SQL: SELECT COUNT(id) AS tp_count FROM `test_question` WHERE `knowledge_id` = 29 LIMIT 1   [ RunTime:0.0748s ]
SQL: SELECT COUNT(id) AS tp_count FROM `knowledge_question` WHERE `knowledge_id` = 29 LIMIT 1   [ RunTime:0.0523s ]
SQL: SELECT COUNT(id) AS tp_count FROM `test_question` WHERE `knowledge_id` = 28 LIMIT 1   [ RunTime:0.0487s ]
SQL: SELECT COUNT(id) AS tp_count FROM `knowledge_question` WHERE `knowledge_id` = 28 LIMIT 1   [ RunTime:0.0535s ]
SQL: SELECT COUNT(id) AS tp_count FROM `test_question` WHERE `knowledge_id` = 27 LIMIT 1   [ RunTime:0.0517s ]
SQL: SELECT COUNT(id) AS tp_count FROM `knowledge_question` WHERE `knowledge_id` = 27 LIMIT 1   [ RunTime:0.0774s ]
SQL: SELECT COUNT(id) AS tp_count FROM `test_question` WHERE `knowledge_id` = 26 LIMIT 1   [ RunTime:0.0496s ]
SQL: SELECT COUNT(id) AS tp_count FROM `knowledge_question` WHERE `knowledge_id` = 26 LIMIT 1   [ RunTime:0.0492s ]

[ 2018-08-08T12:55:05+08:00 ] 127.0.0.1 /Knowledge/answer.html?knowledge_id=31
INFO: [ app_init ] --START--
INFO: Run Behavior\BuildLiteBehavior [ RunTime:0.000019s ]
INFO: [ app_init ] --END-- [ RunTime:0.001394s ]
INFO: [ app_begin ] --START--
INFO: Run Behavior\ReadHtmlCacheBehavior [ RunTime:0.001172s ]
INFO: [ app_begin ] --END-- [ RunTime:0.001281s ]
SQL: SHOW COLUMNS FROM `knowledge_question` [ RunTime:0.0757s ]
SQL: SELECT `id`,`knowledge_id`,`question` FROM `knowledge_question` WHERE `knowledge_id` = 31  [ RunTime:0.0631s ]
SQL: SHOW COLUMNS FROM `knowledge_answer` [ RunTime:0.0584s ]
SQL: SELECT * FROM `knowledge_answer` WHERE `knowledge_id` = 31  [ RunTime:0.0928s ]
INFO: [ view_parse ] --START--
INFO: [ template_filter ] --START--
INFO: Run Behavior\ContentReplaceBehavior [ RunTime:0.000200s ]
INFO: [ template_filter ] --END-- [ RunTime:0.000284s ]
INFO: Run Behavior\ParseTemplateBehavior [ RunTime:0.031023s ]
INFO: [ view_parse ] --END-- [ RunTime:0.031095s ]
INFO: [ view_filter ] --START--
INFO: Run Behavior\WriteHtmlCacheBehavior [ RunTime:0.001851s ]
INFO: [ view_filter ] --END-- [ RunTime:0.001918s ]
INFO: [ app_end ] --START--
INFO: Run Behavior\ShowPageTraceBehavior [ RunTime:0.001991s ]
INFO: [ app_end ] --END-- [ RunTime:0.002053s ]

[ 2018-08-08T12:55:09+08:00 ] 127.0.0.1 /Knowledge/index.html?course_id=&title=&page=1&limit=10
INFO: [ app_init ] --START--
INFO: Run Behavior\BuildLiteBehavior [ RunTime:0.000025s ]
INFO: [ app_init ] --END-- [ RunTime:0.001139s ]
INFO: [ app_begin ] --START--
INFO: Run Behavior\ReadHtmlCacheBehavior [ RunTime:0.000967s ]
INFO: [ app_begin ] --END-- [ RunTime:0.001047s ]
SQL: SHOW COLUMNS FROM `knowledge` [ RunTime:0.0561s ]
SQL: SELECT COUNT(id) AS tp_count FROM knowledge k LIMIT 1   [ RunTime:0.0585s ]
SQL: SELECT k.*,c.course FROM knowledge k left join course c ON c.id=k.course_id  ORDER BY id desc LIMIT 0,10   [ RunTime:0.1471s ]
SQL: SHOW COLUMNS FROM `test_question` [ RunTime:0.0565s ]
SQL: SELECT COUNT(id) AS tp_count FROM `test_question` WHERE `knowledge_id` = 38 LIMIT 1   [ RunTime:0.0543s ]
SQL: SHOW COLUMNS FROM `knowledge_question` [ RunTime:0.0580s ]
SQL: SELECT COUNT(id) AS tp_count FROM `knowledge_question` WHERE `knowledge_id` = 38 LIMIT 1   [ RunTime:0.0543s ]
SQL: SELECT COUNT(id) AS tp_count FROM `test_question` WHERE `knowledge_id` = 37 LIMIT 1   [ RunTime:0.0565s ]
SQL: SELECT COUNT(id) AS tp_count FROM `knowledge_question` WHERE `knowledge_id` = 37 LIMIT 1   [ RunTime:0.0610s ]
SQL: SELECT COUNT(id) AS tp_count FROM `test_question` WHERE `knowledge_id` = 36 LIMIT 1   [ RunTime:0.0687s ]
SQL: SELECT COUNT(id) AS tp_count FROM `knowledge_question` WHERE `knowledge_id` = 36 LIMIT 1   [ RunTime:0.0562s ]
SQL: SELECT COUNT(id) AS tp_count FROM `test_question` WHERE `knowledge_id` = 35 LIMIT 1   [ RunTime:0.0545s ]
SQL: SELECT COUNT(id) AS tp_count FROM `knowledge_question` WHERE `knowledge_id` = 35 LIMIT 1   [ RunTime:0.0627s ]
SQL: SELECT COUNT(id) AS tp_count FROM `test_question` WHERE `knowledge_id` = 31 LIMIT 1   [ RunTime:0.0576s ]
SQL: SELECT COUNT(id) AS tp_count FROM `knowledge_question` WHERE `knowledge_id` = 31 LIMIT 1   [ RunTime:0.0545s ]
SQL: SELECT COUNT(id) AS tp_count FROM `test_question` WHERE `knowledge_id` = 30 LIMIT 1   [ RunTime:0.0614s ]
SQL: SELECT COUNT(id) AS tp_count FROM `knowledge_question` WHERE `knowledge_id` = 30 LIMIT 1   [ RunTime:0.0560s ]
SQL: SELECT COUNT(id) AS tp_count FROM `test_question` WHERE `knowledge_id` = 29 LIMIT 1   [ RunTime:0.0811s ]
SQL: SELECT COUNT(id) AS tp_count FROM `knowledge_question` WHERE `knowledge_id` = 29 LIMIT 1   [ RunTime:0.0544s ]
SQL: SELECT COUNT(id) AS tp_count FROM `test_question` WHERE `knowledge_id` = 28 LIMIT 1   [ RunTime:0.0570s ]
SQL: SELECT COUNT(id) AS tp_count FROM `knowledge_question` WHERE `knowledge_id` = 28 LIMIT 1   [ RunTime:0.0660s ]
SQL: SELECT COUNT(id) AS tp_count FROM `test_question` WHERE `knowledge_id` = 27 LIMIT 1   [ RunTime:0.0628s ]
SQL: SELECT COUNT(id) AS tp_count FROM `knowledge_question` WHERE `knowledge_id` = 27 LIMIT 1   [ RunTime:0.3164s ]
SQL: SELECT COUNT(id) AS tp_count FROM `test_question` WHERE `knowledge_id` = 26 LIMIT 1   [ RunTime:0.0566s ]
SQL: SELECT COUNT(id) AS tp_count FROM `knowledge_question` WHERE `knowledge_id` = 26 LIMIT 1   [ RunTime:0.0589s ]

[ 2018-08-08T12:55:11+08:00 ] 127.0.0.1 /Knowledge/answer.html?knowledge_id=30
INFO: [ app_init ] --START--
INFO: Run Behavior\BuildLiteBehavior [ RunTime:0.000025s ]
INFO: [ app_init ] --END-- [ RunTime:0.001199s ]
INFO: [ app_begin ] --START--
INFO: Run Behavior\ReadHtmlCacheBehavior [ RunTime:0.000776s ]
INFO: [ app_begin ] --END-- [ RunTime:0.000823s ]
SQL: SHOW COLUMNS FROM `knowledge_question` [ RunTime:0.0520s ]
SQL: SELECT `id`,`knowledge_id`,`question` FROM `knowledge_question` WHERE `knowledge_id` = 30  [ RunTime:0.0518s ]
SQL: SHOW COLUMNS FROM `knowledge_answer` [ RunTime:0.0553s ]
SQL: SELECT * FROM `knowledge_answer` WHERE `knowledge_id` = 30  [ RunTime:0.0513s ]
INFO: [ view_parse ] --START--
INFO: [ template_filter ] --START--
INFO: Run Behavior\ContentReplaceBehavior [ RunTime:0.000120s ]
INFO: [ template_filter ] --END-- [ RunTime:0.000165s ]
INFO: Run Behavior\ParseTemplateBehavior [ RunTime:0.019750s ]
INFO: [ view_parse ] --END-- [ RunTime:0.019826s ]
INFO: [ view_filter ] --START--
INFO: Run Behavior\WriteHtmlCacheBehavior [ RunTime:0.001804s ]
INFO: [ view_filter ] --END-- [ RunTime:0.001879s ]
INFO: [ app_end ] --START--
INFO: Run Behavior\ShowPageTraceBehavior [ RunTime:0.002086s ]
INFO: [ app_end ] --END-- [ RunTime:0.002159s ]

[ 2018-08-08T12:55:19+08:00 ] 127.0.0.1 /Knowledge/index.html?course_id=&title=&page=1&limit=10
INFO: [ app_init ] --START--
INFO: Run Behavior\BuildLiteBehavior [ RunTime:0.000025s ]
INFO: [ app_init ] --END-- [ RunTime:0.001076s ]
INFO: [ app_begin ] --START--
INFO: Run Behavior\ReadHtmlCacheBehavior [ RunTime:0.001316s ]
INFO: [ app_begin ] --END-- [ RunTime:0.001406s ]
SQL: SHOW COLUMNS FROM `knowledge` [ RunTime:0.0530s ]
SQL: SELECT COUNT(id) AS tp_count FROM knowledge k LIMIT 1   [ RunTime:0.0515s ]
SQL: SELECT k.*,c.course FROM knowledge k left join course c ON c.id=k.course_id  ORDER BY id desc LIMIT 0,10   [ RunTime:0.1920s ]
SQL: SHOW COLUMNS FROM `test_question` [ RunTime:0.0683s ]
SQL: SELECT COUNT(id) AS tp_count FROM `test_question` WHERE `knowledge_id` = 38 LIMIT 1   [ RunTime:0.0521s ]
SQL: SHOW COLUMNS FROM `knowledge_question` [ RunTime:0.0631s ]
SQL: SELECT COUNT(id) AS tp_count FROM `knowledge_question` WHERE `knowledge_id` = 38 LIMIT 1   [ RunTime:0.3243s ]
SQL: SELECT COUNT(id) AS tp_count FROM `test_question` WHERE `knowledge_id` = 37 LIMIT 1   [ RunTime:0.0705s ]
SQL: SELECT COUNT(id) AS tp_count FROM `knowledge_question` WHERE `knowledge_id` = 37 LIMIT 1   [ RunTime:0.0573s ]
SQL: SELECT COUNT(id) AS tp_count FROM `test_question` WHERE `knowledge_id` = 36 LIMIT 1   [ RunTime:0.1207s ]
SQL: SELECT COUNT(id) AS tp_count FROM `knowledge_question` WHERE `knowledge_id` = 36 LIMIT 1   [ RunTime:0.5754s ]
SQL: SELECT COUNT(id) AS tp_count FROM `test_question` WHERE `knowledge_id` = 35 LIMIT 1   [ RunTime:0.0571s ]
SQL: SELECT COUNT(id) AS tp_count FROM `knowledge_question` WHERE `knowledge_id` = 35 LIMIT 1   [ RunTime:0.0496s ]
SQL: SELECT COUNT(id) AS tp_count FROM `test_question` WHERE `knowledge_id` = 31 LIMIT 1   [ RunTime:0.0602s ]
SQL: SELECT COUNT(id) AS tp_count FROM `knowledge_question` WHERE `knowledge_id` = 31 LIMIT 1   [ RunTime:0.0541s ]
SQL: SELECT COUNT(id) AS tp_count FROM `test_question` WHERE `knowledge_id` = 30 LIMIT 1   [ RunTime:0.0529s ]
SQL: SELECT COUNT(id) AS tp_count FROM `knowledge_question` WHERE `knowledge_id` = 30 LIMIT 1   [ RunTime:0.0577s ]
SQL: SELECT COUNT(id) AS tp_count FROM `test_question` WHERE `knowledge_id` = 29 LIMIT 1   [ RunTime:0.0514s ]
SQL: SELECT COUNT(id) AS tp_count FROM `knowledge_question` WHERE `knowledge_id` = 29 LIMIT 1   [ RunTime:0.0511s ]
SQL: SELECT COUNT(id) AS tp_count FROM `test_question` WHERE `knowledge_id` = 28 LIMIT 1   [ RunTime:0.0621s ]
SQL: SELECT COUNT(id) AS tp_count FROM `knowledge_question` WHERE `knowledge_id` = 28 LIMIT 1   [ RunTime:0.0505s ]
SQL: SELECT COUNT(id) AS tp_count FROM `test_question` WHERE `knowledge_id` = 27 LIMIT 1   [ RunTime:0.0562s ]
SQL: SELECT COUNT(id) AS tp_count FROM `knowledge_question` WHERE `knowledge_id` = 27 LIMIT 1   [ RunTime:0.0540s ]
SQL: SELECT COUNT(id) AS tp_count FROM `test_question` WHERE `knowledge_id` = 26 LIMIT 1   [ RunTime:0.0596s ]
SQL: SELECT COUNT(id) AS tp_count FROM `knowledge_question` WHERE `knowledge_id` = 26 LIMIT 1   [ RunTime:0.0525s ]

[ 2018-08-08T12:55:22+08:00 ] 127.0.0.1 /Knowledge/question.html?knowledge_id=31
INFO: [ app_init ] --START--
INFO: Run Behavior\BuildLiteBehavior [ RunTime:0.000024s ]
INFO: [ app_init ] --END-- [ RunTime:0.001456s ]
INFO: [ app_begin ] --START--
INFO: Run Behavior\ReadHtmlCacheBehavior [ RunTime:0.001834s ]
INFO: [ app_begin ] --END-- [ RunTime:0.001913s ]
INFO: [ view_parse ] --START--
INFO: [ template_filter ] --START--
INFO: Run Behavior\ContentReplaceBehavior [ RunTime:0.000117s ]
INFO: [ template_filter ] --END-- [ RunTime:0.000170s ]
INFO: Run Behavior\ParseTemplateBehavior [ RunTime:0.018221s ]
INFO: [ view_parse ] --END-- [ RunTime:0.018301s ]
INFO: [ view_filter ] --START--
INFO: Run Behavior\WriteHtmlCacheBehavior [ RunTime:0.001776s ]
INFO: [ view_filter ] --END-- [ RunTime:0.001838s ]
INFO: [ app_end ] --START--
INFO: Run Behavior\ShowPageTraceBehavior [ RunTime:0.002063s ]
INFO: [ app_end ] --END-- [ RunTime:0.002182s ]

[ 2018-08-08T12:55:22+08:00 ] 127.0.0.1 /Knowledge/question/knowledge_id/31.html?&page=1&limit=10
INFO: [ app_init ] --START--
INFO: Run Behavior\BuildLiteBehavior [ RunTime:0.000026s ]
INFO: [ app_init ] --END-- [ RunTime:0.001778s ]
INFO: [ app_begin ] --START--
INFO: Run Behavior\ReadHtmlCacheBehavior [ RunTime:0.001851s ]
INFO: [ app_begin ] --END-- [ RunTime:0.001952s ]
SQL: SHOW COLUMNS FROM `knowledge_question` [ RunTime:0.0530s ]
SQL: SELECT COUNT(id) AS tp_count FROM knowledge_question k_q WHERE k_q.knowledge_id = 31 LIMIT 1   [ RunTime:0.0587s ]
SQL: SELECT k_q.*,k.title as knowledge_title FROM knowledge_question k_q left join knowledge k ON k.id=k_q.knowledge_id  WHERE k_q.knowledge_id = 31 ORDER BY id desc  [ RunTime:0.0585s ]

[ 2018-08-08T12:55:24+08:00 ] 127.0.0.1 /Knowledge/updateQuestion.html?id=10
INFO: [ app_init ] --START--
INFO: Run Behavior\BuildLiteBehavior [ RunTime:0.000020s ]
INFO: [ app_init ] --END-- [ RunTime:0.001169s ]
INFO: [ app_begin ] --START--
INFO: Run Behavior\ReadHtmlCacheBehavior [ RunTime:0.001440s ]
INFO: [ app_begin ] --END-- [ RunTime:0.001534s ]
SQL: SHOW COLUMNS FROM `knowledge_question` [ RunTime:0.1435s ]
SQL: SELECT * FROM `knowledge_question` WHERE `id` = 10 LIMIT 1   [ RunTime:0.0794s ]
INFO: [ view_parse ] --START--
INFO: [ template_filter ] --START--
INFO: Run Behavior\ContentReplaceBehavior [ RunTime:0.000173s ]
INFO: [ template_filter ] --END-- [ RunTime:0.000229s ]
INFO: Run Behavior\ParseTemplateBehavior [ RunTime:0.025663s ]
INFO: [ view_parse ] --END-- [ RunTime:0.025773s ]
INFO: [ view_filter ] --START--
INFO: Run Behavior\WriteHtmlCacheBehavior [ RunTime:0.001244s ]
INFO: [ view_filter ] --END-- [ RunTime:0.001293s ]
INFO: [ app_end ] --START--
INFO: Run Behavior\ShowPageTraceBehavior [ RunTime:0.000895s ]
INFO: [ app_end ] --END-- [ RunTime:0.000947s ]

[ 2018-08-08T12:55:31+08:00 ] 127.0.0.1 /Knowledge/question/knowledge_id/31.html?&page=1&limit=10
INFO: [ app_init ] --START--
INFO: Run Behavior\BuildLiteBehavior [ RunTime:0.000027s ]
INFO: [ app_init ] --END-- [ RunTime:0.002466s ]
INFO: [ app_begin ] --START--
INFO: Run Behavior\ReadHtmlCacheBehavior [ RunTime:0.002446s ]
INFO: [ app_begin ] --END-- [ RunTime:0.002628s ]
SQL: SHOW COLUMNS FROM `knowledge_question` [ RunTime:0.0671s ]
SQL: SELECT COUNT(id) AS tp_count FROM knowledge_question k_q WHERE k_q.knowledge_id = 31 LIMIT 1   [ RunTime:0.0554s ]
SQL: SELECT k_q.*,k.title as knowledge_title FROM knowledge_question k_q left join knowledge k ON k.id=k_q.knowledge_id  WHERE k_q.knowledge_id = 31 ORDER BY id desc  [ RunTime:0.0818s ]

[ 2018-08-08T12:55:34+08:00 ] 127.0.0.1 /Train/index.html
INFO: [ app_init ] --START--
INFO: Run Behavior\BuildLiteBehavior [ RunTime:0.000020s ]
INFO: [ app_init ] --END-- [ RunTime:0.001402s ]
INFO: [ app_begin ] --START--
INFO: Run Behavior\ReadHtmlCacheBehavior [ RunTime:0.001357s ]
INFO: [ app_begin ] --END-- [ RunTime:0.001468s ]
SQL: SHOW COLUMNS FROM `trainer` [ RunTime:0.0522s ]
SQL: SELECT `id`,`real_name`,`mobile` FROM `trainer` WHERE `status` = 1  [ RunTime:0.0517s ]
INFO: [ view_parse ] --START--
INFO: [ template_filter ] --START--
INFO: Run Behavior\ContentReplaceBehavior [ RunTime:0.000143s ]
INFO: [ template_filter ] --END-- [ RunTime:0.000195s ]
INFO: Run Behavior\ParseTemplateBehavior [ RunTime:0.016093s ]
INFO: [ view_parse ] --END-- [ RunTime:0.016162s ]
INFO: [ view_filter ] --START--
INFO: Run Behavior\WriteHtmlCacheBehavior [ RunTime:0.001188s ]
INFO: [ view_filter ] --END-- [ RunTime:0.001253s ]
INFO: [ app_end ] --START--
INFO: Run Behavior\ShowPageTraceBehavior [ RunTime:0.001494s ]
INFO: [ app_end ] --END-- [ RunTime:0.001572s ]

[ 2018-08-08T12:55:35+08:00 ] 127.0.0.1 /Train/index.html?trainer_id=&caregiver_id=&add_time=&page=1&limit=10
INFO: [ app_init ] --START--
INFO: Run Behavior\BuildLiteBehavior [ RunTime:0.000020s ]
INFO: [ app_init ] --END-- [ RunTime:0.000944s ]
INFO: [ app_begin ] --START--
INFO: Run Behavior\ReadHtmlCacheBehavior [ RunTime:0.001778s ]
INFO: [ app_begin ] --END-- [ RunTime:0.002042s ]
SQL: SHOW COLUMNS FROM `train` [ RunTime:0.0574s ]
SQL: SELECT COUNT(id) AS tp_count FROM train t LIMIT 1   [ RunTime:0.0595s ]
SQL: SELECT t.*,t_n.real_name,t_n.mobile,c_b.caregiver_name,c_b.baby_name,c.course FROM train t left join trainer t_n ON t_n.id=t.trainer_id left join caregiver_baby c_b ON c_b.id=t.caregiver_baby_id left join course c ON c.id=t.course_id  ORDER BY id desc LIMIT 0,10   [ RunTime:0.0623s ]

[ 2018-08-08T12:57:31+08:00 ] 127.0.0.1 /Train/getCaregiverData.html?trainer_id=1
INFO: [ app_init ] --START--
INFO: Run Behavior\BuildLiteBehavior [ RunTime:0.000022s ]
INFO: [ app_init ] --END-- [ RunTime:0.001113s ]
INFO: [ app_begin ] --START--
INFO: Run Behavior\ReadHtmlCacheBehavior [ RunTime:0.001367s ]
INFO: [ app_begin ] --END-- [ RunTime:0.001460s ]
SQL: SHOW COLUMNS FROM `caregiver_baby` [ RunTime:0.0599s ]
SQL: SELECT `id`,`caregiver_name`,`baby_name` FROM `caregiver_baby` WHERE `trainer_id` = 1  [ RunTime:0.0667s ]

[ 2018-08-08T12:57:35+08:00 ] 127.0.0.1 /Train/getCaregiverData.html?trainer_id=3
INFO: [ app_init ] --START--
INFO: Run Behavior\BuildLiteBehavior [ RunTime:0.000033s ]
INFO: [ app_init ] --END-- [ RunTime:0.001604s ]
INFO: [ app_begin ] --START--
INFO: Run Behavior\ReadHtmlCacheBehavior [ RunTime:0.000814s ]
INFO: [ app_begin ] --END-- [ RunTime:0.000908s ]
SQL: SHOW COLUMNS FROM `caregiver_baby` [ RunTime:0.0555s ]
SQL: SELECT `id`,`caregiver_name`,`baby_name` FROM `caregiver_baby` WHERE `trainer_id` = 3  [ RunTime:0.0542s ]

