[ 2018-07-06T16:07:58+08:00 ] 127.0.0.1 /
INFO: [ app_init ] --START--
INFO: Run Behavior\BuildLiteBehavior [ RunTime:0.000014s ]
INFO: [ app_init ] --END-- [ RunTime:0.000613s ]
INFO: [ app_begin ] --START--
INFO: Run Behavior\ReadHtmlCacheBehavior [ RunTime:0.007569s ]
INFO: [ app_begin ] --END-- [ RunTime:0.007950s ]

[ 2018-07-06T16:07:58+08:00 ] 127.0.0.1 /Login/index.html
INFO: [ app_init ] --START--
INFO: Run Behavior\BuildLiteBehavior [ RunTime:0.000017s ]
INFO: [ app_init ] --END-- [ RunTime:0.000718s ]
INFO: [ app_begin ] --START--
INFO: Run Behavior\ReadHtmlCacheBehavior [ RunTime:0.001271s ]
INFO: [ app_begin ] --END-- [ RunTime:0.001359s ]
INFO: [ view_parse ] --START--
INFO: [ template_filter ] --START--
INFO: Run Behavior\ContentReplaceBehavior [ RunTime:0.001653s ]
INFO: [ template_filter ] --END-- [ RunTime:0.001753s ]
INFO: Run Behavior\ParseTemplateBehavior [ RunTime:0.032149s ]
INFO: [ view_parse ] --END-- [ RunTime:0.032234s ]
INFO: [ view_filter ] --START--
INFO: Run Behavior\WriteHtmlCacheBehavior [ RunTime:0.001331s ]
INFO: [ view_filter ] --END-- [ RunTime:0.001393s ]
INFO: [ app_end ] --START--
INFO: Run Behavior\ShowPageTraceBehavior [ RunTime:0.001908s ]
INFO: [ app_end ] --END-- [ RunTime:0.001989s ]

[ 2018-07-06T16:07:59+08:00 ] 127.0.0.1 /favicon.ico
INFO: [ app_init ] --START--
INFO: Run Behavior\BuildLiteBehavior [ RunTime:0.000017s ]
INFO: [ app_init ] --END-- [ RunTime:0.000820s ]

[ 2018-07-06T16:08:11+08:00 ] 127.0.0.1 /Login/doLogin.html
INFO: [ app_init ] --START--
INFO: Run Behavior\BuildLiteBehavior [ RunTime:0.000014s ]
INFO: [ app_init ] --END-- [ RunTime:0.000606s ]
INFO: [ app_begin ] --START--
INFO: Run Behavior\ReadHtmlCacheBehavior [ RunTime:0.000762s ]
INFO: [ app_begin ] --END-- [ RunTime:0.000817s ]
SQL: SHOW COLUMNS FROM `admin` [ RunTime:1.0002s ]
SQL: SELECT * FROM `admin` WHERE `username` = 'admin' AND `password` = '3f47c8a76a2af609c466ed3b6214aa31' LIMIT 1   [ RunTime:2.5039s ]

[ 2018-07-06T16:08:15+08:00 ] 127.0.0.1 /Index/index.html
INFO: [ app_init ] --START--
INFO: Run Behavior\BuildLiteBehavior [ RunTime:0.000016s ]
INFO: [ app_init ] --END-- [ RunTime:0.000678s ]
INFO: [ app_begin ] --START--
INFO: Run Behavior\ReadHtmlCacheBehavior [ RunTime:0.000871s ]
INFO: [ app_begin ] --END-- [ RunTime:0.000929s ]
INFO: [ view_parse ] --START--
INFO: [ template_filter ] --START--
INFO: Run Behavior\ContentReplaceBehavior [ RunTime:0.000122s ]
INFO: [ template_filter ] --END-- [ RunTime:0.000175s ]
INFO: Run Behavior\ParseTemplateBehavior [ RunTime:0.015153s ]
INFO: [ view_parse ] --END-- [ RunTime:0.015207s ]
INFO: [ view_filter ] --START--
INFO: Run Behavior\WriteHtmlCacheBehavior [ RunTime:0.000628s ]
INFO: [ view_filter ] --END-- [ RunTime:0.000661s ]
INFO: [ app_end ] --START--
INFO: Run Behavior\ShowPageTraceBehavior [ RunTime:0.000811s ]
INFO: [ app_end ] --END-- [ RunTime:0.000851s ]

[ 2018-07-06T16:09:05+08:00 ] 127.0.0.1 /Paper/index.html
INFO: [ app_init ] --START--
INFO: Run Behavior\BuildLiteBehavior [ RunTime:0.000030s ]
INFO: [ app_init ] --END-- [ RunTime:0.000780s ]
INFO: [ app_begin ] --START--
INFO: Run Behavior\ReadHtmlCacheBehavior [ RunTime:0.001005s ]
INFO: [ app_begin ] --END-- [ RunTime:0.001106s ]
SQL: SHOW COLUMNS FROM `course` [ RunTime:2.9341s ]
SQL: SELECT `id`,`course` FROM `course`  [ RunTime:0.2971s ]
INFO: [ view_parse ] --START--
INFO: [ template_filter ] --START--
INFO: Run Behavior\ContentReplaceBehavior [ RunTime:0.000263s ]
INFO: [ template_filter ] --END-- [ RunTime:0.000359s ]
INFO: Run Behavior\ParseTemplateBehavior [ RunTime:0.038911s ]
INFO: [ view_parse ] --END-- [ RunTime:0.039081s ]
INFO: [ view_filter ] --START--
INFO: Run Behavior\WriteHtmlCacheBehavior [ RunTime:0.001534s ]
INFO: [ view_filter ] --END-- [ RunTime:0.001610s ]
INFO: [ app_end ] --START--
INFO: Run Behavior\ShowPageTraceBehavior [ RunTime:0.002103s ]
INFO: [ app_end ] --END-- [ RunTime:0.002196s ]

[ 2018-07-06T16:09:24+08:00 ] 127.0.0.1 /Paper/index.html?course_id=&test_paper_name=&page=1&limit=10
INFO: [ app_init ] --START--
INFO: Run Behavior\BuildLiteBehavior [ RunTime:0.000024s ]
INFO: [ app_init ] --END-- [ RunTime:0.000942s ]
INFO: [ app_begin ] --START--
INFO: Run Behavior\ReadHtmlCacheBehavior [ RunTime:0.001163s ]
INFO: [ app_begin ] --END-- [ RunTime:0.001252s ]
SQL: SHOW COLUMNS FROM `test_paper` [ RunTime:4.0230s ]
SQL: SELECT COUNT(id) AS tp_count FROM test_paper p LIMIT 1   [ RunTime:2.0941s ]
SQL: SELECT p.*,c.course FROM test_paper p left join course c ON c.id=p.course_id  ORDER BY id desc LIMIT 0,10   [ RunTime:2.8154s ]
SQL: SHOW COLUMNS FROM `test_question` [ RunTime:0.9865s ]
SQL: SELECT count(id) as num,sum(score) as score FROM `test_question` WHERE `test_paper_id` = 4  [ RunTime:0.4951s ]
SQL: SELECT count(id) as num,sum(score) as score FROM `test_question` WHERE `test_paper_id` = 3  [ RunTime:1.8448s ]
SQL: SELECT count(id) as num,sum(score) as score FROM `test_question` WHERE `test_paper_id` = 2  [ RunTime:1.0504s ]
SQL: SELECT count(id) as num,sum(score) as score FROM `test_question` WHERE `test_paper_id` = 1  [ RunTime:0.1377s ]

[ 2018-07-06T16:10:46+08:00 ] 127.0.0.1 /Paper/update.html?id=4
INFO: [ app_init ] --START--
INFO: Run Behavior\BuildLiteBehavior [ RunTime:0.000017s ]
INFO: [ app_init ] --END-- [ RunTime:0.001005s ]
INFO: [ app_begin ] --START--
INFO: Run Behavior\ReadHtmlCacheBehavior [ RunTime:0.000763s ]
INFO: [ app_begin ] --END-- [ RunTime:0.000818s ]
SQL: SHOW COLUMNS FROM `test_paper` [ RunTime:0.0625s ]
SQL: SELECT * FROM `test_paper` WHERE `id` = 4 LIMIT 1   [ RunTime:0.0614s ]
SQL: SHOW COLUMNS FROM `course` [ RunTime:0.0693s ]
SQL: SELECT `id`,`course` FROM `course`  [ RunTime:0.0611s ]
INFO: [ view_parse ] --START--
INFO: [ template_filter ] --START--
INFO: Run Behavior\ContentReplaceBehavior [ RunTime:0.000368s ]
INFO: [ template_filter ] --END-- [ RunTime:0.000537s ]
INFO: Run Behavior\ParseTemplateBehavior [ RunTime:0.059929s ]
INFO: [ view_parse ] --END-- [ RunTime:0.060061s ]
INFO: [ view_filter ] --START--
INFO: Run Behavior\WriteHtmlCacheBehavior [ RunTime:0.001466s ]
INFO: [ view_filter ] --END-- [ RunTime:0.001541s ]
INFO: [ app_end ] --START--
INFO: Run Behavior\ShowPageTraceBehavior [ RunTime:0.001766s ]
INFO: [ app_end ] --END-- [ RunTime:0.001851s ]

[ 2018-07-06T16:11:19+08:00 ] 127.0.0.1 /Paper/save.html
INFO: [ app_init ] --START--
INFO: Run Behavior\BuildLiteBehavior [ RunTime:0.000023s ]
INFO: [ app_init ] --END-- [ RunTime:0.000923s ]
INFO: [ app_begin ] --START--
INFO: Run Behavior\ReadHtmlCacheBehavior [ RunTime:0.000730s ]
INFO: [ app_begin ] --END-- [ RunTime:0.000786s ]
SQL: SHOW COLUMNS FROM `test_paper` [ RunTime:5.0659s ]
SQL: SELECT COUNT(id) AS tp_count FROM `test_paper` WHERE `course_id` = 4 LIMIT 1   [ RunTime:4.0227s ]

[ 2018-07-06T16:12:18+08:00 ] 127.0.0.1 /Paper/save.html
INFO: [ app_init ] --START--
INFO: Run Behavior\BuildLiteBehavior [ RunTime:0.000013s ]
INFO: [ app_init ] --END-- [ RunTime:0.000563s ]
INFO: [ app_begin ] --START--
INFO: Run Behavior\ReadHtmlCacheBehavior [ RunTime:0.000644s ]
INFO: [ app_begin ] --END-- [ RunTime:0.000684s ]
NOTIC: [2] PDO::__construct(): MySQL server has gone away D:\www\online_team\www.jiankangweilai.com\ThinkPHP\Library\Think\Db\Driver.class.php Á¨¨ 103 Ë°å.
NOTIC: [2] PDO::__construct(): Error while reading greeting packet. PID=11396 D:\www\online_team\www.jiankangweilai.com\ThinkPHP\Library\Think\Db\Driver.class.php Á¨¨ 103 Ë°å.
ERR: SQLSTATE[HY000] [2006] MySQL server has gone away

[ 2018-07-06T16:13:03+08:00 ] 127.0.0.1 /Paper/update.html?id=4
INFO: [ app_init ] --START--
INFO: Run Behavior\BuildLiteBehavior [ RunTime:0.000023s ]
INFO: [ app_init ] --END-- [ RunTime:0.000954s ]
INFO: [ app_begin ] --START--
INFO: Run Behavior\ReadHtmlCacheBehavior [ RunTime:0.001853s ]
INFO: [ app_begin ] --END-- [ RunTime:0.001970s ]
NOTIC: [2] PDO::__construct(): MySQL server has gone away D:\www\online_team\www.jiankangweilai.com\ThinkPHP\Library\Think\Db\Driver.class.php Á¨¨ 103 Ë°å.
ERR: SQLSTATE[HY000] [2006] MySQL server has gone away

[ 2018-07-06T16:13:51+08:00 ] 127.0.0.1 /Paper/update.html?id=4
INFO: [ app_init ] --START--
INFO: Run Behavior\BuildLiteBehavior [ RunTime:0.000024s ]
INFO: [ app_init ] --END-- [ RunTime:0.001041s ]
INFO: [ app_begin ] --START--
INFO: Run Behavior\ReadHtmlCacheBehavior [ RunTime:0.001197s ]
INFO: [ app_begin ] --END-- [ RunTime:0.001298s ]
ERR: SQLSTATE[HY000] [2002] ”…”⁄¡¨Ω”∑Ω‘⁄“ª∂Œ ±º‰∫Û√ª”–’˝»∑¥∏¥ªÚ¡¨Ω”µƒ÷˜ª˙√ª”–∑¥”¶£¨¡¨Ω”≥¢ ‘ ß∞‹°£


[ 2018-07-06T16:19:02+08:00 ] 127.0.0.1 /Paper/update.html?id=4
INFO: [ app_init ] --START--
INFO: Run Behavior\BuildLiteBehavior [ RunTime:0.000021s ]
INFO: [ app_init ] --END-- [ RunTime:0.000950s ]
INFO: [ app_begin ] --START--
INFO: Run Behavior\ReadHtmlCacheBehavior [ RunTime:0.001372s ]
INFO: [ app_begin ] --END-- [ RunTime:0.001449s ]
SQL: SHOW COLUMNS FROM `test_paper` [ RunTime:0.0642s ]
SQL: SELECT * FROM `test_paper` WHERE `id` = 4 LIMIT 1   [ RunTime:1.1082s ]
SQL: SHOW COLUMNS FROM `course` [ RunTime:0.1718s ]
SQL: SELECT `id`,`course` FROM `course`  [ RunTime:0.0776s ]
INFO: [ view_parse ] --START--
INFO: [ template_filter ] --START--
INFO: Run Behavior\ContentReplaceBehavior [ RunTime:0.000241s ]
INFO: [ template_filter ] --END-- [ RunTime:0.000338s ]
INFO: Run Behavior\ParseTemplateBehavior [ RunTime:0.024925s ]
INFO: [ view_parse ] --END-- [ RunTime:0.025010s ]
INFO: [ view_filter ] --START--
INFO: Run Behavior\WriteHtmlCacheBehavior [ RunTime:0.001039s ]
INFO: [ view_filter ] --END-- [ RunTime:0.001093s ]
INFO: [ app_end ] --START--
INFO: Run Behavior\ShowPageTraceBehavior [ RunTime:0.001807s ]
INFO: [ app_end ] --END-- [ RunTime:0.001915s ]

[ 2018-07-06T16:20:17+08:00 ] 127.0.0.1 /Paper/save.html
INFO: [ app_init ] --START--
INFO: Run Behavior\BuildLiteBehavior [ RunTime:0.000025s ]
INFO: [ app_init ] --END-- [ RunTime:0.000943s ]
INFO: [ app_begin ] --START--
INFO: Run Behavior\ReadHtmlCacheBehavior [ RunTime:0.001376s ]
INFO: [ app_begin ] --END-- [ RunTime:0.001473s ]
SQL: SHOW COLUMNS FROM `test_paper` [ RunTime:0.3400s ]
SQL: SELECT COUNT(id) AS tp_count FROM `test_paper` WHERE `course_id` = 4 LIMIT 1   [ RunTime:2.5333s ]
SQL: SHOW COLUMNS FROM `course` [ RunTime:2.2893s ]
SQL: SELECT `suit_month` FROM `course` WHERE `id` = 4 LIMIT 1   [ RunTime:4.1668s ]

[ 2018-07-06T16:25:28+08:00 ] 127.0.0.1 /Paper/save.html
INFO: [ app_init ] --START--
INFO: Run Behavior\BuildLiteBehavior [ RunTime:0.000016s ]
INFO: [ app_init ] --END-- [ RunTime:0.001019s ]
INFO: [ app_begin ] --START--
INFO: Run Behavior\ReadHtmlCacheBehavior [ RunTime:0.000955s ]
INFO: [ app_begin ] --END-- [ RunTime:0.001018s ]
SQL: SHOW COLUMNS FROM `test_paper` [ RunTime:0.0706s ]
SQL: SELECT COUNT(id) AS tp_count FROM `test_paper` WHERE `course_id` = 4 LIMIT 1   [ RunTime:0.0751s ]
SQL: SHOW COLUMNS FROM `course` [ RunTime:0.0705s ]
SQL: SELECT `suit_month` FROM `course` WHERE `id` = 4 LIMIT 1   [ RunTime:0.0706s ]

[ 2018-07-06T16:25:40+08:00 ] 127.0.0.1 /Paper/save.html
INFO: [ app_init ] --START--
INFO: Run Behavior\BuildLiteBehavior [ RunTime:0.000015s ]
INFO: [ app_init ] --END-- [ RunTime:0.000666s ]
INFO: [ app_begin ] --START--
INFO: Run Behavior\ReadHtmlCacheBehavior [ RunTime:0.001086s ]
INFO: [ app_begin ] --END-- [ RunTime:0.001148s ]
SQL: SHOW COLUMNS FROM `test_paper` [ RunTime:0.0636s ]
SQL: SELECT COUNT(id) AS tp_count FROM `test_paper` WHERE `course_id` = 4 LIMIT 1   [ RunTime:0.0625s ]
SQL: SHOW COLUMNS FROM `course` [ RunTime:0.0630s ]
SQL: SELECT `suit_month` FROM `course` WHERE `id` = 4 LIMIT 1   [ RunTime:0.0619s ]
SQL: UPDATE `test_paper` SET `course_id`='4',`suit_month`='-2',`test_paper_name`='Â≠ï7ÊúàËÄÉËØï',`update_time`='2018-07-06 16:25:40' WHERE `id` = 4 [ RunTime:0.0624s ]

[ 2018-07-06T16:25:44+08:00 ] 127.0.0.1 /Paper/index.html
INFO: [ app_init ] --START--
INFO: Run Behavior\BuildLiteBehavior [ RunTime:0.000015s ]
INFO: [ app_init ] --END-- [ RunTime:0.000550s ]
INFO: [ app_begin ] --START--
INFO: Run Behavior\ReadHtmlCacheBehavior [ RunTime:0.000861s ]
INFO: [ app_begin ] --END-- [ RunTime:0.000912s ]
SQL: SHOW COLUMNS FROM `course` [ RunTime:0.0675s ]
SQL: SELECT `id`,`course` FROM `course`  [ RunTime:0.0670s ]
INFO: [ view_parse ] --START--
INFO: [ template_filter ] --START--
INFO: Run Behavior\ContentReplaceBehavior [ RunTime:0.000370s ]
INFO: [ template_filter ] --END-- [ RunTime:0.000511s ]
INFO: Run Behavior\ParseTemplateBehavior [ RunTime:0.037520s ]
INFO: [ view_parse ] --END-- [ RunTime:0.037631s ]
INFO: [ view_filter ] --START--
INFO: Run Behavior\WriteHtmlCacheBehavior [ RunTime:0.001157s ]
INFO: [ view_filter ] --END-- [ RunTime:0.001215s ]
INFO: [ app_end ] --START--
INFO: Run Behavior\ShowPageTraceBehavior [ RunTime:0.001854s ]
INFO: [ app_end ] --END-- [ RunTime:0.001946s ]

[ 2018-07-06T16:25:45+08:00 ] 127.0.0.1 /Paper/index.html?course_id=&test_paper_name=&page=1&limit=10
INFO: [ app_init ] --START--
INFO: Run Behavior\BuildLiteBehavior [ RunTime:0.000022s ]
INFO: [ app_init ] --END-- [ RunTime:0.000816s ]
INFO: [ app_begin ] --START--
INFO: Run Behavior\ReadHtmlCacheBehavior [ RunTime:0.001512s ]
INFO: [ app_begin ] --END-- [ RunTime:0.001622s ]
SQL: SHOW COLUMNS FROM `test_paper` [ RunTime:0.0922s ]
SQL: SELECT COUNT(id) AS tp_count FROM test_paper p LIMIT 1   [ RunTime:0.0613s ]
SQL: SELECT p.*,c.course FROM test_paper p left join course c ON c.id=p.course_id  ORDER BY id desc LIMIT 0,10   [ RunTime:0.0635s ]
SQL: SHOW COLUMNS FROM `test_question` [ RunTime:0.0630s ]
SQL: SELECT count(id) as num,sum(score) as score FROM `test_question` WHERE `test_paper_id` = 4  [ RunTime:0.0625s ]
SQL: SELECT count(id) as num,sum(score) as score FROM `test_question` WHERE `test_paper_id` = 3  [ RunTime:0.0617s ]
SQL: SELECT count(id) as num,sum(score) as score FROM `test_question` WHERE `test_paper_id` = 2  [ RunTime:0.0871s ]
SQL: SELECT count(id) as num,sum(score) as score FROM `test_question` WHERE `test_paper_id` = 1  [ RunTime:0.0616s ]

[ 2018-07-06T16:25:54+08:00 ] 127.0.0.1 /Paper/update.html?id=4
INFO: [ app_init ] --START--
INFO: Run Behavior\BuildLiteBehavior [ RunTime:0.000016s ]
INFO: [ app_init ] --END-- [ RunTime:0.000657s ]
INFO: [ app_begin ] --START--
INFO: Run Behavior\ReadHtmlCacheBehavior [ RunTime:0.001231s ]
INFO: [ app_begin ] --END-- [ RunTime:0.001306s ]
SQL: SHOW COLUMNS FROM `test_paper` [ RunTime:0.0678s ]
SQL: SELECT * FROM `test_paper` WHERE `id` = 4 LIMIT 1   [ RunTime:0.0650s ]
SQL: SHOW COLUMNS FROM `course` [ RunTime:0.0649s ]
SQL: SELECT `id`,`course` FROM `course`  [ RunTime:0.0732s ]
INFO: [ view_parse ] --START--
INFO: [ template_filter ] --START--
INFO: Run Behavior\ContentReplaceBehavior [ RunTime:0.000186s ]
INFO: [ template_filter ] --END-- [ RunTime:0.000269s ]
INFO: Run Behavior\ParseTemplateBehavior [ RunTime:0.020161s ]
INFO: [ view_parse ] --END-- [ RunTime:0.020253s ]
INFO: [ view_filter ] --START--
INFO: Run Behavior\WriteHtmlCacheBehavior [ RunTime:0.001032s ]
INFO: [ view_filter ] --END-- [ RunTime:0.001103s ]
INFO: [ app_end ] --START--
INFO: Run Behavior\ShowPageTraceBehavior [ RunTime:0.001417s ]
INFO: [ app_end ] --END-- [ RunTime:0.001483s ]

[ 2018-07-06T16:26:00+08:00 ] 127.0.0.1 /Paper/save.html
INFO: [ app_init ] --START--
INFO: Run Behavior\BuildLiteBehavior [ RunTime:0.000023s ]
INFO: [ app_init ] --END-- [ RunTime:0.000940s ]
INFO: [ app_begin ] --START--
INFO: Run Behavior\ReadHtmlCacheBehavior [ RunTime:0.001380s ]
INFO: [ app_begin ] --END-- [ RunTime:0.001473s ]
SQL: SHOW COLUMNS FROM `test_paper` [ RunTime:0.0737s ]
SQL: SELECT COUNT(id) AS tp_count FROM `test_paper` WHERE `course_id` = 4 LIMIT 1   [ RunTime:0.3248s ]
SQL: SHOW COLUMNS FROM `course` [ RunTime:0.2153s ]
SQL: SELECT `suit_month` FROM `course` WHERE `id` = 4 LIMIT 1   [ RunTime:0.0668s ]
SQL: UPDATE `test_paper` SET `course_id`='4',`suit_month`='-2',`test_paper_name`='Â≠ï7ÊúàËÄÉËØï',`update_time`='2018-07-06 16:26:00' WHERE `id` = 4 [ RunTime:0.0778s ]

[ 2018-07-06T16:26:04+08:00 ] 127.0.0.1 /Paper/index.html
INFO: [ app_init ] --START--
INFO: Run Behavior\BuildLiteBehavior [ RunTime:0.000015s ]
INFO: [ app_init ] --END-- [ RunTime:0.000588s ]
INFO: [ app_begin ] --START--
INFO: Run Behavior\ReadHtmlCacheBehavior [ RunTime:0.001425s ]
INFO: [ app_begin ] --END-- [ RunTime:0.001513s ]
SQL: SHOW COLUMNS FROM `course` [ RunTime:0.0764s ]
SQL: SELECT `id`,`course` FROM `course`  [ RunTime:0.1123s ]
INFO: [ view_parse ] --START--
INFO: [ template_filter ] --START--
INFO: Run Behavior\ContentReplaceBehavior [ RunTime:0.000119s ]
INFO: [ template_filter ] --END-- [ RunTime:0.000165s ]
INFO: Run Behavior\ParseTemplateBehavior [ RunTime:0.011216s ]
INFO: [ view_parse ] --END-- [ RunTime:0.011271s ]
INFO: [ view_filter ] --START--
INFO: Run Behavior\WriteHtmlCacheBehavior [ RunTime:0.000650s ]
INFO: [ view_filter ] --END-- [ RunTime:0.000685s ]
INFO: [ app_end ] --START--
INFO: Run Behavior\ShowPageTraceBehavior [ RunTime:0.000818s ]
INFO: [ app_end ] --END-- [ RunTime:0.000869s ]

[ 2018-07-06T16:26:05+08:00 ] 127.0.0.1 /Paper/index.html?course_id=&test_paper_name=&page=1&limit=10
INFO: [ app_init ] --START--
INFO: Run Behavior\BuildLiteBehavior [ RunTime:0.000022s ]
INFO: [ app_init ] --END-- [ RunTime:0.000847s ]
INFO: [ app_begin ] --START--
INFO: Run Behavior\ReadHtmlCacheBehavior [ RunTime:0.001368s ]
INFO: [ app_begin ] --END-- [ RunTime:0.001460s ]
SQL: SHOW COLUMNS FROM `test_paper` [ RunTime:0.0646s ]
SQL: SELECT COUNT(id) AS tp_count FROM test_paper p LIMIT 1   [ RunTime:0.0613s ]
SQL: SELECT p.*,c.course FROM test_paper p left join course c ON c.id=p.course_id  ORDER BY id desc LIMIT 0,10   [ RunTime:0.0633s ]
SQL: SHOW COLUMNS FROM `test_question` [ RunTime:0.0656s ]
SQL: SELECT count(id) as num,sum(score) as score FROM `test_question` WHERE `test_paper_id` = 4  [ RunTime:0.1168s ]
SQL: SELECT count(id) as num,sum(score) as score FROM `test_question` WHERE `test_paper_id` = 3  [ RunTime:0.0637s ]
SQL: SELECT count(id) as num,sum(score) as score FROM `test_question` WHERE `test_paper_id` = 2  [ RunTime:0.0612s ]
SQL: SELECT count(id) as num,sum(score) as score FROM `test_question` WHERE `test_paper_id` = 1  [ RunTime:0.0702s ]

[ 2018-07-06T18:11:37+08:00 ] 127.0.0.1 /Paper/index.html
INFO: [ app_init ] --START--
INFO: Run Behavior\BuildLiteBehavior [ RunTime:0.000025s ]
INFO: [ app_init ] --END-- [ RunTime:0.001257s ]
INFO: [ app_begin ] --START--
INFO: Run Behavior\ReadHtmlCacheBehavior [ RunTime:0.001449s ]
INFO: [ app_begin ] --END-- [ RunTime:0.001558s ]
SQL: SHOW COLUMNS FROM `course` [ RunTime:0.0678s ]
SQL: SELECT `id`,`course` FROM `course`  [ RunTime:0.0646s ]
INFO: [ view_parse ] --START--
INFO: [ template_filter ] --START--
INFO: Run Behavior\ContentReplaceBehavior [ RunTime:0.000459s ]
INFO: [ template_filter ] --END-- [ RunTime:0.000656s ]
INFO: Run Behavior\ParseTemplateBehavior [ RunTime:0.046613s ]
INFO: [ view_parse ] --END-- [ RunTime:0.046823s ]
INFO: [ view_filter ] --START--
INFO: Run Behavior\WriteHtmlCacheBehavior [ RunTime:0.002259s ]
INFO: [ view_filter ] --END-- [ RunTime:0.002674s ]
INFO: [ app_end ] --START--
INFO: Run Behavior\ShowPageTraceBehavior [ RunTime:0.002596s ]
INFO: [ app_end ] --END-- [ RunTime:0.002773s ]

[ 2018-07-06T18:11:38+08:00 ] 127.0.0.1 /Paper/index.html?course_id=&test_paper_name=&page=1&limit=10
INFO: [ app_init ] --START--
INFO: Run Behavior\BuildLiteBehavior [ RunTime:0.000013s ]
INFO: [ app_init ] --END-- [ RunTime:0.000526s ]
INFO: [ app_begin ] --START--
INFO: Run Behavior\ReadHtmlCacheBehavior [ RunTime:0.001541s ]
INFO: [ app_begin ] --END-- [ RunTime:0.001642s ]
SQL: SHOW COLUMNS FROM `test_paper` [ RunTime:0.0809s ]
SQL: SELECT COUNT(id) AS tp_count FROM test_paper p LIMIT 1   [ RunTime:0.0848s ]
SQL: SELECT p.*,c.course FROM test_paper p left join course c ON c.id=p.course_id  ORDER BY id desc LIMIT 0,10   [ RunTime:0.0849s ]
SQL: SHOW COLUMNS FROM `test_question` [ RunTime:0.0737s ]
SQL: SELECT count(id) as num,sum(score) as score FROM `test_question` WHERE `test_paper_id` = 4  [ RunTime:0.0618s ]
SQL: SELECT count(id) as num,sum(score) as score FROM `test_question` WHERE `test_paper_id` = 3  [ RunTime:0.0620s ]
SQL: SELECT count(id) as num,sum(score) as score FROM `test_question` WHERE `test_paper_id` = 2  [ RunTime:0.0675s ]
SQL: SELECT count(id) as num,sum(score) as score FROM `test_question` WHERE `test_paper_id` = 1  [ RunTime:0.0636s ]

[ 2018-07-06T18:11:41+08:00 ] 127.0.0.1 /Train/index.html
INFO: [ app_init ] --START--
INFO: Run Behavior\BuildLiteBehavior [ RunTime:0.000013s ]
INFO: [ app_init ] --END-- [ RunTime:0.000554s ]
INFO: [ app_begin ] --START--
INFO: Run Behavior\ReadHtmlCacheBehavior [ RunTime:0.001153s ]
INFO: [ app_begin ] --END-- [ RunTime:0.001251s ]
SQL: SHOW COLUMNS FROM `trainer` [ RunTime:0.0671s ]
SQL: SELECT `id`,`real_name`,`mobile` FROM `trainer` WHERE `status` = 1  [ RunTime:0.0662s ]
INFO: [ view_parse ] --START--
INFO: [ template_filter ] --START--
INFO: Run Behavior\ContentReplaceBehavior [ RunTime:0.000241s ]
INFO: [ template_filter ] --END-- [ RunTime:0.000323s ]
INFO: Run Behavior\ParseTemplateBehavior [ RunTime:0.039791s ]
INFO: [ view_parse ] --END-- [ RunTime:0.039924s ]
INFO: [ view_filter ] --START--
INFO: Run Behavior\WriteHtmlCacheBehavior [ RunTime:0.001830s ]
INFO: [ view_filter ] --END-- [ RunTime:0.001900s ]
INFO: [ app_end ] --START--
INFO: Run Behavior\ShowPageTraceBehavior [ RunTime:0.001585s ]
INFO: [ app_end ] --END-- [ RunTime:0.001663s ]

[ 2018-07-06T18:11:43+08:00 ] 127.0.0.1 /Train/index.html?trainer_id=&caregiver_id=&add_time=&page=1&limit=10
INFO: [ app_init ] --START--
INFO: Run Behavior\BuildLiteBehavior [ RunTime:0.000027s ]
INFO: [ app_init ] --END-- [ RunTime:0.001026s ]
INFO: [ app_begin ] --START--
INFO: Run Behavior\ReadHtmlCacheBehavior [ RunTime:0.001378s ]
INFO: [ app_begin ] --END-- [ RunTime:0.001468s ]
SQL: SHOW COLUMNS FROM `train` [ RunTime:0.0813s ]
SQL: SELECT COUNT(id) AS tp_count FROM train t LIMIT 1   [ RunTime:0.4515s ]
ERR: 1054:Unknown column 't.caregiver_id' in 'on clause'
 [ SQLËØ≠Âè• ] : SELECT t.*,t_n.real_name,t_n.mobile,c_b.caregiver_name,c_b.baby_name,c.course FROM train t left join trainer t_n ON t_n.id=t.trainer_id left join caregiver_baby c_b ON c_b.id=t.caregiver_id left join course c ON c.id=t.course_id  ORDER BY id desc LIMIT 0,10  
ERR: 1054:Unknown column 't.caregiver_id' in 'on clause'
 [ SQLËØ≠Âè• ] : SELECT t.*,t_n.real_name,t_n.mobile,c_b.caregiver_name,c_b.baby_name,c.course FROM train t left join trainer t_n ON t_n.id=t.trainer_id left join caregiver_baby c_b ON c_b.id=t.caregiver_id left join course c ON c.id=t.course_id  ORDER BY id desc LIMIT 0,10  

[ 2018-07-06T18:11:51+08:00 ] 127.0.0.1 /Train/index.html
INFO: [ app_init ] --START--
INFO: Run Behavior\BuildLiteBehavior [ RunTime:0.000038s ]
INFO: [ app_init ] --END-- [ RunTime:0.000933s ]
INFO: [ app_begin ] --START--
INFO: Run Behavior\ReadHtmlCacheBehavior [ RunTime:0.000818s ]
INFO: [ app_begin ] --END-- [ RunTime:0.000878s ]
SQL: SHOW COLUMNS FROM `trainer` [ RunTime:0.0708s ]
SQL: SELECT `id`,`real_name`,`mobile` FROM `trainer` WHERE `status` = 1  [ RunTime:0.0642s ]
INFO: [ view_parse ] --START--
INFO: [ template_filter ] --START--
INFO: Run Behavior\ContentReplaceBehavior [ RunTime:0.000462s ]
INFO: [ template_filter ] --END-- [ RunTime:0.000674s ]
INFO: Run Behavior\ParseTemplateBehavior [ RunTime:0.044753s ]
INFO: [ view_parse ] --END-- [ RunTime:0.044971s ]
INFO: [ view_filter ] --START--
INFO: Run Behavior\WriteHtmlCacheBehavior [ RunTime:0.002118s ]
INFO: [ view_filter ] --END-- [ RunTime:0.002219s ]
INFO: [ app_end ] --START--
INFO: Run Behavior\ShowPageTraceBehavior [ RunTime:0.002027s ]
INFO: [ app_end ] --END-- [ RunTime:0.002108s ]

[ 2018-07-06T18:11:52+08:00 ] 127.0.0.1 /Train/index.html?trainer_id=&caregiver_id=&add_time=&page=1&limit=10
INFO: [ app_init ] --START--
INFO: Run Behavior\BuildLiteBehavior [ RunTime:0.000021s ]
INFO: [ app_init ] --END-- [ RunTime:0.000907s ]
INFO: [ app_begin ] --START--
INFO: Run Behavior\ReadHtmlCacheBehavior [ RunTime:0.002164s ]
INFO: [ app_begin ] --END-- [ RunTime:0.002293s ]
SQL: SHOW COLUMNS FROM `train` [ RunTime:0.0708s ]
SQL: SELECT COUNT(id) AS tp_count FROM train t LIMIT 1   [ RunTime:0.0670s ]
ERR: 1054:Unknown column 't.caregiver_id' in 'on clause'
 [ SQLËØ≠Âè• ] : SELECT t.*,t_n.real_name,t_n.mobile,c_b.caregiver_name,c_b.baby_name,c.course FROM train t left join trainer t_n ON t_n.id=t.trainer_id left join caregiver_baby c_b ON c_b.id=t.caregiver_id left join course c ON c.id=t.course_id  ORDER BY id desc LIMIT 0,10  
ERR: 1054:Unknown column 't.caregiver_id' in 'on clause'
 [ SQLËØ≠Âè• ] : SELECT t.*,t_n.real_name,t_n.mobile,c_b.caregiver_name,c_b.baby_name,c.course FROM train t left join trainer t_n ON t_n.id=t.trainer_id left join caregiver_baby c_b ON c_b.id=t.caregiver_id left join course c ON c.id=t.course_id  ORDER BY id desc LIMIT 0,10  

[ 2018-07-06T18:12:26+08:00 ] 127.0.0.1 /Train/index.html
INFO: [ app_init ] --START--
INFO: Run Behavior\BuildLiteBehavior [ RunTime:0.000027s ]
INFO: [ app_init ] --END-- [ RunTime:0.000803s ]
INFO: [ app_begin ] --START--
INFO: Run Behavior\ReadHtmlCacheBehavior [ RunTime:0.001227s ]
INFO: [ app_begin ] --END-- [ RunTime:0.001314s ]
SQL: SHOW COLUMNS FROM `trainer` [ RunTime:0.0632s ]
SQL: SELECT `id`,`real_name`,`mobile` FROM `trainer` WHERE `status` = 1  [ RunTime:0.0623s ]
INFO: [ view_parse ] --START--
INFO: [ template_filter ] --START--
INFO: Run Behavior\ContentReplaceBehavior [ RunTime:0.000375s ]
INFO: [ template_filter ] --END-- [ RunTime:0.000521s ]
INFO: Run Behavior\ParseTemplateBehavior [ RunTime:0.034981s ]
INFO: [ view_parse ] --END-- [ RunTime:0.035160s ]
INFO: [ view_filter ] --START--
INFO: Run Behavior\WriteHtmlCacheBehavior [ RunTime:0.001356s ]
INFO: [ view_filter ] --END-- [ RunTime:0.001420s ]
INFO: [ app_end ] --START--
INFO: Run Behavior\ShowPageTraceBehavior [ RunTime:0.001564s ]
INFO: [ app_end ] --END-- [ RunTime:0.001640s ]

[ 2018-07-06T18:12:27+08:00 ] 127.0.0.1 /Train/index.html?trainer_id=&caregiver_id=&add_time=&page=1&limit=10
INFO: [ app_init ] --START--
INFO: Run Behavior\BuildLiteBehavior [ RunTime:0.000023s ]
INFO: [ app_init ] --END-- [ RunTime:0.000911s ]
INFO: [ app_begin ] --START--
INFO: Run Behavior\ReadHtmlCacheBehavior [ RunTime:0.001453s ]
INFO: [ app_begin ] --END-- [ RunTime:0.001563s ]
SQL: SHOW COLUMNS FROM `train` [ RunTime:0.0773s ]
SQL: SELECT COUNT(id) AS tp_count FROM train t LIMIT 1   [ RunTime:0.0776s ]
ERR: 1054:Unknown column 't.course_id' in 'on clause'
 [ SQLËØ≠Âè• ] : SELECT t.*,t_n.real_name,t_n.mobile,c_b.caregiver_name,c_b.baby_name,c.course FROM train t left join trainer t_n ON t_n.id=t.trainer_id left join caregiver_baby c_b ON c_b.id=t.caregiver_baby_id left join course c ON c.id=t.course_id  ORDER BY id desc LIMIT 0,10  
ERR: 1054:Unknown column 't.course_id' in 'on clause'
 [ SQLËØ≠Âè• ] : SELECT t.*,t_n.real_name,t_n.mobile,c_b.caregiver_name,c_b.baby_name,c.course FROM train t left join trainer t_n ON t_n.id=t.trainer_id left join caregiver_baby c_b ON c_b.id=t.caregiver_baby_id left join course c ON c.id=t.course_id  ORDER BY id desc LIMIT 0,10  

[ 2018-07-06T18:13:31+08:00 ] 127.0.0.1 /Train/index.html
INFO: [ app_init ] --START--
INFO: Run Behavior\BuildLiteBehavior [ RunTime:0.000019s ]
INFO: [ app_init ] --END-- [ RunTime:0.000672s ]
INFO: [ app_begin ] --START--
INFO: Run Behavior\ReadHtmlCacheBehavior [ RunTime:0.001048s ]
INFO: [ app_begin ] --END-- [ RunTime:0.001132s ]
SQL: SHOW COLUMNS FROM `trainer` [ RunTime:0.0628s ]
SQL: SELECT `id`,`real_name`,`mobile` FROM `trainer` WHERE `status` = 1  [ RunTime:0.0625s ]
INFO: [ view_parse ] --START--
INFO: [ template_filter ] --START--
INFO: Run Behavior\ContentReplaceBehavior [ RunTime:0.000236s ]
INFO: [ template_filter ] --END-- [ RunTime:0.000325s ]
INFO: Run Behavior\ParseTemplateBehavior [ RunTime:0.041953s ]
INFO: [ view_parse ] --END-- [ RunTime:0.042087s ]
INFO: [ view_filter ] --START--
INFO: Run Behavior\WriteHtmlCacheBehavior [ RunTime:0.001422s ]
INFO: [ view_filter ] --END-- [ RunTime:0.001494s ]
INFO: [ app_end ] --START--
INFO: Run Behavior\ShowPageTraceBehavior [ RunTime:0.001878s ]
INFO: [ app_end ] --END-- [ RunTime:0.001988s ]

[ 2018-07-06T18:13:32+08:00 ] 127.0.0.1 /Train/index.html?trainer_id=&caregiver_id=&add_time=&page=1&limit=10
INFO: [ app_init ] --START--
INFO: Run Behavior\BuildLiteBehavior [ RunTime:0.000022s ]
INFO: [ app_init ] --END-- [ RunTime:0.000866s ]
INFO: [ app_begin ] --START--
INFO: Run Behavior\ReadHtmlCacheBehavior [ RunTime:0.001348s ]
INFO: [ app_begin ] --END-- [ RunTime:0.001447s ]
SQL: SHOW COLUMNS FROM `train` [ RunTime:0.0677s ]
SQL: SELECT COUNT(id) AS tp_count FROM train t LIMIT 1   [ RunTime:0.0768s ]
SQL: SELECT t.*,t_n.real_name,t_n.mobile,c_b.caregiver_name,c_b.baby_name,c.course FROM train t left join trainer t_n ON t_n.id=t.trainer_id left join caregiver_baby c_b ON c_b.id=t.caregiver_baby_id left join course c ON c.id=t.course_id  ORDER BY id desc LIMIT 0,10   [ RunTime:0.0659s ]

[ 2018-07-06T18:13:39+08:00 ] 127.0.0.1 /Train/getCaregiverData.html?trainer_id=1
INFO: [ app_init ] --START--
INFO: Run Behavior\BuildLiteBehavior [ RunTime:0.000013s ]
INFO: [ app_init ] --END-- [ RunTime:0.000631s ]
INFO: [ app_begin ] --START--
INFO: Run Behavior\ReadHtmlCacheBehavior [ RunTime:0.001220s ]
INFO: [ app_begin ] --END-- [ RunTime:0.001311s ]
SQL: SHOW COLUMNS FROM `caregiver_baby` [ RunTime:0.0619s ]
SQL: SELECT `id`,`caregiver_name`,`baby_name` FROM `caregiver_baby` WHERE `trainer_id` = 1  [ RunTime:0.0615s ]

[ 2018-07-06T18:13:47+08:00 ] 127.0.0.1 /Train/getCaregiverData.html?trainer_id=2
INFO: [ app_init ] --START--
INFO: Run Behavior\BuildLiteBehavior [ RunTime:0.000014s ]
INFO: [ app_init ] --END-- [ RunTime:0.000571s ]
INFO: [ app_begin ] --START--
INFO: Run Behavior\ReadHtmlCacheBehavior [ RunTime:0.001161s ]
INFO: [ app_begin ] --END-- [ RunTime:0.001236s ]
SQL: SHOW COLUMNS FROM `caregiver_baby` [ RunTime:0.0649s ]
SQL: SELECT `id`,`caregiver_name`,`baby_name` FROM `caregiver_baby` WHERE `trainer_id` = 2  [ RunTime:0.0616s ]

[ 2018-07-06T18:15:28+08:00 ] 127.0.0.1 /Train/index.html
INFO: [ app_init ] --START--
INFO: Run Behavior\BuildLiteBehavior [ RunTime:0.000022s ]
INFO: [ app_init ] --END-- [ RunTime:0.000872s ]
INFO: [ app_begin ] --START--
INFO: Run Behavior\ReadHtmlCacheBehavior [ RunTime:0.001367s ]
INFO: [ app_begin ] --END-- [ RunTime:0.001459s ]
SQL: SHOW COLUMNS FROM `trainer` [ RunTime:0.0708s ]
SQL: SELECT `id`,`real_name`,`mobile` FROM `trainer` WHERE `status` = 1  [ RunTime:0.0663s ]
INFO: [ view_parse ] --START--
INFO: [ template_filter ] --START--
INFO: Run Behavior\ContentReplaceBehavior [ RunTime:0.000555s ]
INFO: [ template_filter ] --END-- [ RunTime:0.000784s ]
INFO: Run Behavior\ParseTemplateBehavior [ RunTime:0.054405s ]
INFO: [ view_parse ] --END-- [ RunTime:0.054631s ]
INFO: [ view_filter ] --START--
INFO: Run Behavior\WriteHtmlCacheBehavior [ RunTime:0.003522s ]
INFO: [ view_filter ] --END-- [ RunTime:0.003696s ]
INFO: [ app_end ] --START--
INFO: Run Behavior\ShowPageTraceBehavior [ RunTime:0.003724s ]
INFO: [ app_end ] --END-- [ RunTime:0.003901s ]

[ 2018-07-06T18:15:28+08:00 ] 127.0.0.1 /Train/index.html?trainer_id=&caregiver_id=&add_time=&page=1&limit=10
INFO: [ app_init ] --START--
INFO: Run Behavior\BuildLiteBehavior [ RunTime:0.000023s ]
INFO: [ app_init ] --END-- [ RunTime:0.000922s ]
INFO: [ app_begin ] --START--
INFO: Run Behavior\ReadHtmlCacheBehavior [ RunTime:0.001507s ]
INFO: [ app_begin ] --END-- [ RunTime:0.001595s ]
SQL: SHOW COLUMNS FROM `train` [ RunTime:0.0658s ]
SQL: SELECT COUNT(id) AS tp_count FROM train t LIMIT 1   [ RunTime:0.0649s ]
SQL: SELECT t.*,t_n.real_name,t_n.mobile,c_b.caregiver_name,c_b.baby_name,c.course FROM train t left join trainer t_n ON t_n.id=t.trainer_id left join caregiver_baby c_b ON c_b.id=t.caregiver_baby_id left join course c ON c.id=t.course_id  ORDER BY id desc LIMIT 0,10   [ RunTime:0.0666s ]

[ 2018-07-06T18:15:32+08:00 ] 127.0.0.1 /Train/getCaregiverData.html?trainer_id=2
INFO: [ app_init ] --START--
INFO: Run Behavior\BuildLiteBehavior [ RunTime:0.000027s ]
INFO: [ app_init ] --END-- [ RunTime:0.001028s ]
INFO: [ app_begin ] --START--
INFO: Run Behavior\ReadHtmlCacheBehavior [ RunTime:0.001520s ]
INFO: [ app_begin ] --END-- [ RunTime:0.001610s ]
SQL: SHOW COLUMNS FROM `caregiver_baby` [ RunTime:0.0622s ]
SQL: SELECT `id`,`caregiver_name`,`baby_name` FROM `caregiver_baby` WHERE `trainer_id` = 2  [ RunTime:0.0619s ]

[ 2018-07-06T18:16:33+08:00 ] 127.0.0.1 /Train/index.html
INFO: [ app_init ] --START--
INFO: Run Behavior\BuildLiteBehavior [ RunTime:0.000016s ]
INFO: [ app_init ] --END-- [ RunTime:0.000676s ]
INFO: [ app_begin ] --START--
INFO: Run Behavior\ReadHtmlCacheBehavior [ RunTime:0.000948s ]
INFO: [ app_begin ] --END-- [ RunTime:0.001020s ]
SQL: SHOW COLUMNS FROM `trainer` [ RunTime:0.0624s ]
SQL: SELECT `id`,`real_name`,`mobile` FROM `trainer` WHERE `status` = 1  [ RunTime:0.0640s ]
INFO: [ view_parse ] --START--
INFO: [ template_filter ] --START--
INFO: Run Behavior\ContentReplaceBehavior [ RunTime:0.000294s ]
INFO: [ template_filter ] --END-- [ RunTime:0.000400s ]
INFO: Run Behavior\ParseTemplateBehavior [ RunTime:0.027592s ]
INFO: [ view_parse ] --END-- [ RunTime:0.027732s ]
INFO: [ view_filter ] --START--
INFO: Run Behavior\WriteHtmlCacheBehavior [ RunTime:0.001860s ]
INFO: [ view_filter ] --END-- [ RunTime:0.001966s ]
INFO: [ app_end ] --START--
INFO: Run Behavior\ShowPageTraceBehavior [ RunTime:0.002349s ]
INFO: [ app_end ] --END-- [ RunTime:0.002498s ]

[ 2018-07-06T18:16:34+08:00 ] 127.0.0.1 /Train/index.html?trainer_id=&caregiver_id=&add_time=&page=1&limit=10
INFO: [ app_init ] --START--
INFO: Run Behavior\BuildLiteBehavior [ RunTime:0.000014s ]
INFO: [ app_init ] --END-- [ RunTime:0.000564s ]
INFO: [ app_begin ] --START--
INFO: Run Behavior\ReadHtmlCacheBehavior [ RunTime:0.001537s ]
INFO: [ app_begin ] --END-- [ RunTime:0.001626s ]
SQL: SHOW COLUMNS FROM `train` [ RunTime:0.0648s ]
SQL: SELECT COUNT(id) AS tp_count FROM train t LIMIT 1   [ RunTime:0.0609s ]
SQL: SELECT t.*,t_n.real_name,t_n.mobile,c_b.caregiver_name,c_b.baby_name,c.course FROM train t left join trainer t_n ON t_n.id=t.trainer_id left join caregiver_baby c_b ON c_b.id=t.caregiver_baby_id left join course c ON c.id=t.course_id  ORDER BY id desc LIMIT 0,10   [ RunTime:0.0623s ]

[ 2018-07-06T18:16:36+08:00 ] 127.0.0.1 /Train/getCaregiverData.html?trainer_id=2
INFO: [ app_init ] --START--
INFO: Run Behavior\BuildLiteBehavior [ RunTime:0.000016s ]
INFO: [ app_init ] --END-- [ RunTime:0.000720s ]
INFO: [ app_begin ] --START--
INFO: Run Behavior\ReadHtmlCacheBehavior [ RunTime:0.000962s ]
INFO: [ app_begin ] --END-- [ RunTime:0.001016s ]
SQL: SHOW COLUMNS FROM `caregiver_baby` [ RunTime:0.0631s ]
SQL: SELECT `id`,`caregiver_name`,`baby_name` FROM `caregiver_baby` WHERE `trainer_id` = 2  [ RunTime:0.0615s ]

[ 2018-07-06T18:16:45+08:00 ] 127.0.0.1 /Train/getCaregiverData.html?trainer_id=1
INFO: [ app_init ] --START--
INFO: Run Behavior\BuildLiteBehavior [ RunTime:0.000028s ]
INFO: [ app_init ] --END-- [ RunTime:0.001053s ]
INFO: [ app_begin ] --START--
INFO: Run Behavior\ReadHtmlCacheBehavior [ RunTime:0.001404s ]
INFO: [ app_begin ] --END-- [ RunTime:0.001516s ]
SQL: SHOW COLUMNS FROM `caregiver_baby` [ RunTime:0.0639s ]
SQL: SELECT `id`,`caregiver_name`,`baby_name` FROM `caregiver_baby` WHERE `trainer_id` = 1  [ RunTime:0.0718s ]

[ 2018-07-06T18:16:59+08:00 ] 127.0.0.1 /Train/index.html
INFO: [ app_init ] --START--
INFO: Run Behavior\BuildLiteBehavior [ RunTime:0.000013s ]
INFO: [ app_init ] --END-- [ RunTime:0.000536s ]
INFO: [ app_begin ] --START--
INFO: Run Behavior\ReadHtmlCacheBehavior [ RunTime:0.000832s ]
INFO: [ app_begin ] --END-- [ RunTime:0.000887s ]
SQL: SHOW COLUMNS FROM `trainer` [ RunTime:0.0619s ]
SQL: SELECT `id`,`real_name`,`mobile` FROM `trainer` WHERE `status` = 1  [ RunTime:0.0630s ]
INFO: [ view_parse ] --START--
INFO: [ template_filter ] --START--
INFO: Run Behavior\ContentReplaceBehavior [ RunTime:0.000525s ]
INFO: [ template_filter ] --END-- [ RunTime:0.000733s ]
INFO: Run Behavior\ParseTemplateBehavior [ RunTime:0.048257s ]
INFO: [ view_parse ] --END-- [ RunTime:0.048408s ]
INFO: [ view_filter ] --START--
INFO: Run Behavior\WriteHtmlCacheBehavior [ RunTime:0.001721s ]
INFO: [ view_filter ] --END-- [ RunTime:0.001817s ]
INFO: [ app_end ] --START--
INFO: Run Behavior\ShowPageTraceBehavior [ RunTime:0.001847s ]
INFO: [ app_end ] --END-- [ RunTime:0.001930s ]

[ 2018-07-06T18:17:00+08:00 ] 127.0.0.1 /Train/index.html?trainer_id=&caregiver_id=&add_time=&page=1&limit=10
INFO: [ app_init ] --START--
INFO: Run Behavior\BuildLiteBehavior [ RunTime:0.000022s ]
INFO: [ app_init ] --END-- [ RunTime:0.000802s ]
INFO: [ app_begin ] --START--
INFO: Run Behavior\ReadHtmlCacheBehavior [ RunTime:0.000807s ]
INFO: [ app_begin ] --END-- [ RunTime:0.000856s ]
SQL: SHOW COLUMNS FROM `train` [ RunTime:0.0665s ]
SQL: SELECT COUNT(id) AS tp_count FROM train t LIMIT 1   [ RunTime:0.0820s ]
SQL: SELECT t.*,t_n.real_name,t_n.mobile,c_b.caregiver_name,c_b.baby_name,c.course FROM train t left join trainer t_n ON t_n.id=t.trainer_id left join caregiver_baby c_b ON c_b.id=t.caregiver_baby_id left join course c ON c.id=t.course_id  ORDER BY id desc LIMIT 0,10   [ RunTime:0.0799s ]

[ 2018-07-06T18:17:00+08:00 ] 127.0.0.1 /favicon.ico
INFO: [ app_init ] --START--
INFO: Run Behavior\BuildLiteBehavior [ RunTime:0.000026s ]
INFO: [ app_init ] --END-- [ RunTime:0.000985s ]

[ 2018-07-06T18:17:03+08:00 ] 127.0.0.1 /Train/getCaregiverData.html?trainer_id=1
INFO: [ app_init ] --START--
INFO: Run Behavior\BuildLiteBehavior [ RunTime:0.000015s ]
INFO: [ app_init ] --END-- [ RunTime:0.000613s ]
INFO: [ app_begin ] --START--
INFO: Run Behavior\ReadHtmlCacheBehavior [ RunTime:0.001094s ]
INFO: [ app_begin ] --END-- [ RunTime:0.001168s ]
SQL: SHOW COLUMNS FROM `caregiver_baby` [ RunTime:0.0784s ]
SQL: SELECT `id`,`caregiver_name`,`baby_name` FROM `caregiver_baby` WHERE `trainer_id` = 1  [ RunTime:0.0647s ]

[ 2018-07-06T18:17:08+08:00 ] 127.0.0.1 /Train/getCaregiverData.html?trainer_id=2
INFO: [ app_init ] --START--
INFO: Run Behavior\BuildLiteBehavior [ RunTime:0.000019s ]
INFO: [ app_init ] --END-- [ RunTime:0.000769s ]
INFO: [ app_begin ] --START--
INFO: Run Behavior\ReadHtmlCacheBehavior [ RunTime:0.001300s ]
INFO: [ app_begin ] --END-- [ RunTime:0.001390s ]
SQL: SHOW COLUMNS FROM `caregiver_baby` [ RunTime:0.0717s ]
SQL: SELECT `id`,`caregiver_name`,`baby_name` FROM `caregiver_baby` WHERE `trainer_id` = 2  [ RunTime:0.0672s ]

[ 2018-07-06T18:17:15+08:00 ] 127.0.0.1 /Train/getCaregiverData.html?trainer_id=3
INFO: [ app_init ] --START--
INFO: Run Behavior\BuildLiteBehavior [ RunTime:0.000015s ]
INFO: [ app_init ] --END-- [ RunTime:0.000636s ]
INFO: [ app_begin ] --START--
INFO: Run Behavior\ReadHtmlCacheBehavior [ RunTime:0.000975s ]
INFO: [ app_begin ] --END-- [ RunTime:0.001027s ]
SQL: SHOW COLUMNS FROM `caregiver_baby` [ RunTime:0.2483s ]
SQL: SELECT `id`,`caregiver_name`,`baby_name` FROM `caregiver_baby` WHERE `trainer_id` = 3  [ RunTime:0.0967s ]

[ 2018-07-06T18:17:20+08:00 ] 127.0.0.1 /CaregiverBaby/index.html
INFO: [ app_init ] --START--
INFO: Run Behavior\BuildLiteBehavior [ RunTime:0.000015s ]
INFO: [ app_init ] --END-- [ RunTime:0.000727s ]
INFO: [ app_begin ] --START--
INFO: Run Behavior\ReadHtmlCacheBehavior [ RunTime:0.000929s ]
INFO: [ app_begin ] --END-- [ RunTime:0.000987s ]
SQL: SHOW COLUMNS FROM `trainer` [ RunTime:0.0838s ]
SQL: SELECT `id`,`real_name`,`mobile` FROM `trainer` WHERE `status` = 1  [ RunTime:0.0727s ]
INFO: [ view_parse ] --START--
INFO: [ template_filter ] --START--
INFO: Run Behavior\ContentReplaceBehavior [ RunTime:0.000288s ]
INFO: [ template_filter ] --END-- [ RunTime:0.000388s ]
INFO: Run Behavior\ParseTemplateBehavior [ RunTime:0.034846s ]
INFO: [ view_parse ] --END-- [ RunTime:0.035010s ]
INFO: [ view_filter ] --START--
INFO: Run Behavior\WriteHtmlCacheBehavior [ RunTime:0.002300s ]
INFO: [ view_filter ] --END-- [ RunTime:0.002406s ]
INFO: [ app_end ] --START--
INFO: Run Behavior\ShowPageTraceBehavior [ RunTime:0.002077s ]
INFO: [ app_end ] --END-- [ RunTime:0.002309s ]

[ 2018-07-06T18:17:21+08:00 ] 127.0.0.1 /CaregiverBaby/index.html?page=1&limit=10
INFO: [ app_init ] --START--
INFO: Run Behavior\BuildLiteBehavior [ RunTime:0.000023s ]
INFO: [ app_init ] --END-- [ RunTime:0.000990s ]
INFO: [ app_begin ] --START--
INFO: Run Behavior\ReadHtmlCacheBehavior [ RunTime:0.001485s ]
INFO: [ app_begin ] --END-- [ RunTime:0.001585s ]
SQL: SHOW COLUMNS FROM `caregiver_baby` [ RunTime:0.0732s ]
SQL: SELECT COUNT(id) AS tp_count FROM caregiver_baby c LIMIT 1   [ RunTime:0.0656s ]
SQL: SELECT c.*,t.real_name,t.mobile FROM caregiver_baby c left join trainer t ON t.id=c.trainer_id  ORDER BY id desc LIMIT 0,10   [ RunTime:0.0668s ]

[ 2018-07-06T18:17:23+08:00 ] 127.0.0.1 /Train/index.html?trainer_id=2&caregiver_id=6
INFO: [ app_init ] --START--
INFO: Run Behavior\BuildLiteBehavior [ RunTime:0.000016s ]
INFO: [ app_init ] --END-- [ RunTime:0.000645s ]
INFO: [ app_begin ] --START--
INFO: Run Behavior\ReadHtmlCacheBehavior [ RunTime:0.001037s ]
INFO: [ app_begin ] --END-- [ RunTime:0.001101s ]
SQL: SHOW COLUMNS FROM `trainer` [ RunTime:0.0684s ]
SQL: SELECT `id`,`real_name`,`mobile` FROM `trainer` WHERE `status` = 1  [ RunTime:0.0679s ]
INFO: [ view_parse ] --START--
INFO: [ template_filter ] --START--
INFO: Run Behavior\ContentReplaceBehavior [ RunTime:0.000290s ]
INFO: [ template_filter ] --END-- [ RunTime:0.000402s ]
INFO: Run Behavior\ParseTemplateBehavior [ RunTime:0.036775s ]
INFO: [ view_parse ] --END-- [ RunTime:0.036919s ]
INFO: [ view_filter ] --START--
INFO: Run Behavior\WriteHtmlCacheBehavior [ RunTime:0.001687s ]
INFO: [ view_filter ] --END-- [ RunTime:0.001761s ]
INFO: [ app_end ] --START--
INFO: Run Behavior\ShowPageTraceBehavior [ RunTime:0.002376s ]
INFO: [ app_end ] --END-- [ RunTime:0.002474s ]

[ 2018-07-06T18:17:23+08:00 ] 127.0.0.1 /Train/getCaregiverData.html?trainer_id=2
INFO: [ app_init ] --START--
INFO: Run Behavior\BuildLiteBehavior [ RunTime:0.000014s ]
INFO: [ app_init ] --END-- [ RunTime:0.000737s ]
INFO: [ app_begin ] --START--
INFO: Run Behavior\ReadHtmlCacheBehavior [ RunTime:0.001321s ]
INFO: [ app_begin ] --END-- [ RunTime:0.001378s ]
SQL: SHOW COLUMNS FROM `caregiver_baby` [ RunTime:0.0675s ]
SQL: SELECT `id`,`caregiver_name`,`baby_name` FROM `caregiver_baby` WHERE `trainer_id` = 2  [ RunTime:0.0647s ]

[ 2018-07-06T18:17:24+08:00 ] 127.0.0.1 /Train/index.html?trainer_id=2&caregiver_id=&add_time=&page=1&limit=10
INFO: [ app_init ] --START--
INFO: Run Behavior\BuildLiteBehavior [ RunTime:0.000032s ]
INFO: [ app_init ] --END-- [ RunTime:0.001458s ]
INFO: [ app_begin ] --START--
INFO: Run Behavior\ReadHtmlCacheBehavior [ RunTime:0.000805s ]
INFO: [ app_begin ] --END-- [ RunTime:0.000856s ]
SQL: SHOW COLUMNS FROM `train` [ RunTime:0.0679s ]
SQL: SELECT COUNT(id) AS tp_count FROM train t WHERE t.trainer_id = 2 LIMIT 1   [ RunTime:0.0650s ]
SQL: SELECT t.*,t_n.real_name,t_n.mobile,c_b.caregiver_name,c_b.baby_name,c.course FROM train t left join trainer t_n ON t_n.id=t.trainer_id left join caregiver_baby c_b ON c_b.id=t.caregiver_baby_id left join course c ON c.id=t.course_id  WHERE t.trainer_id = 2 ORDER BY id desc LIMIT 0,10   [ RunTime:0.0669s ]

[ 2018-07-06T18:17:35+08:00 ] 127.0.0.1 /CaregiverBaby/index.html
INFO: [ app_init ] --START--
INFO: Run Behavior\BuildLiteBehavior [ RunTime:0.000017s ]
INFO: [ app_init ] --END-- [ RunTime:0.000688s ]
INFO: [ app_begin ] --START--
INFO: Run Behavior\ReadHtmlCacheBehavior [ RunTime:0.000814s ]
INFO: [ app_begin ] --END-- [ RunTime:0.000873s ]
SQL: SHOW COLUMNS FROM `trainer` [ RunTime:0.0665s ]
SQL: SELECT `id`,`real_name`,`mobile` FROM `trainer` WHERE `status` = 1  [ RunTime:0.0658s ]
INFO: [ view_parse ] --START--
INFO: [ template_filter ] --START--
INFO: Run Behavior\ContentReplaceBehavior [ RunTime:0.000273s ]
INFO: [ template_filter ] --END-- [ RunTime:0.000353s ]
INFO: Run Behavior\ParseTemplateBehavior [ RunTime:0.025267s ]
INFO: [ view_parse ] --END-- [ RunTime:0.025388s ]
INFO: [ view_filter ] --START--
INFO: Run Behavior\WriteHtmlCacheBehavior [ RunTime:0.001302s ]
INFO: [ view_filter ] --END-- [ RunTime:0.001364s ]
INFO: [ app_end ] --START--
INFO: Run Behavior\ShowPageTraceBehavior [ RunTime:0.001960s ]
INFO: [ app_end ] --END-- [ RunTime:0.002071s ]

[ 2018-07-06T18:17:35+08:00 ] 127.0.0.1 /CaregiverBaby/index.html?page=1&limit=10
INFO: [ app_init ] --START--
INFO: Run Behavior\BuildLiteBehavior [ RunTime:0.000025s ]
INFO: [ app_init ] --END-- [ RunTime:0.000990s ]
INFO: [ app_begin ] --START--
INFO: Run Behavior\ReadHtmlCacheBehavior [ RunTime:0.001394s ]
INFO: [ app_begin ] --END-- [ RunTime:0.001483s ]
SQL: SHOW COLUMNS FROM `caregiver_baby` [ RunTime:0.0622s ]
SQL: SELECT COUNT(id) AS tp_count FROM caregiver_baby c LIMIT 1   [ RunTime:0.0613s ]
SQL: SELECT c.*,t.real_name,t.mobile FROM caregiver_baby c left join trainer t ON t.id=c.trainer_id  ORDER BY id desc LIMIT 0,10   [ RunTime:0.0676s ]

[ 2018-07-06T18:17:38+08:00 ] 127.0.0.1 /Train/index.html?trainer_id=2&caregiver_id=4
INFO: [ app_init ] --START--
INFO: Run Behavior\BuildLiteBehavior [ RunTime:0.000012s ]
INFO: [ app_init ] --END-- [ RunTime:0.000586s ]
INFO: [ app_begin ] --START--
INFO: Run Behavior\ReadHtmlCacheBehavior [ RunTime:0.000877s ]
INFO: [ app_begin ] --END-- [ RunTime:0.000922s ]
SQL: SHOW COLUMNS FROM `trainer` [ RunTime:0.0658s ]
SQL: SELECT `id`,`real_name`,`mobile` FROM `trainer` WHERE `status` = 1  [ RunTime:0.0614s ]
INFO: [ view_parse ] --START--
INFO: [ template_filter ] --START--
INFO: Run Behavior\ContentReplaceBehavior [ RunTime:0.000156s ]
INFO: [ template_filter ] --END-- [ RunTime:0.000221s ]
INFO: Run Behavior\ParseTemplateBehavior [ RunTime:0.013832s ]
INFO: [ view_parse ] --END-- [ RunTime:0.013892s ]
INFO: [ view_filter ] --START--
INFO: Run Behavior\WriteHtmlCacheBehavior [ RunTime:0.000859s ]
INFO: [ view_filter ] --END-- [ RunTime:0.000903s ]
INFO: [ app_end ] --START--
INFO: Run Behavior\ShowPageTraceBehavior [ RunTime:0.001050s ]
INFO: [ app_end ] --END-- [ RunTime:0.001099s ]

[ 2018-07-06T18:17:38+08:00 ] 127.0.0.1 /Train/getCaregiverData.html?trainer_id=2
INFO: [ app_init ] --START--
INFO: Run Behavior\BuildLiteBehavior [ RunTime:0.000014s ]
INFO: [ app_init ] --END-- [ RunTime:0.000547s ]
INFO: [ app_begin ] --START--
INFO: Run Behavior\ReadHtmlCacheBehavior [ RunTime:0.001455s ]
INFO: [ app_begin ] --END-- [ RunTime:0.001544s ]
SQL: SHOW COLUMNS FROM `caregiver_baby` [ RunTime:0.0619s ]
SQL: SELECT `id`,`caregiver_name`,`baby_name` FROM `caregiver_baby` WHERE `trainer_id` = 2  [ RunTime:0.0617s ]

[ 2018-07-06T18:17:39+08:00 ] 127.0.0.1 /Train/index.html?trainer_id=2&caregiver_id=&add_time=&page=1&limit=10
INFO: [ app_init ] --START--
INFO: Run Behavior\BuildLiteBehavior [ RunTime:0.000026s ]
INFO: [ app_init ] --END-- [ RunTime:0.001149s ]
INFO: [ app_begin ] --START--
INFO: Run Behavior\ReadHtmlCacheBehavior [ RunTime:0.001677s ]
INFO: [ app_begin ] --END-- [ RunTime:0.001772s ]
SQL: SHOW COLUMNS FROM `train` [ RunTime:0.0621s ]
SQL: SELECT COUNT(id) AS tp_count FROM train t WHERE t.trainer_id = 2 LIMIT 1   [ RunTime:0.0611s ]
SQL: SELECT t.*,t_n.real_name,t_n.mobile,c_b.caregiver_name,c_b.baby_name,c.course FROM train t left join trainer t_n ON t_n.id=t.trainer_id left join caregiver_baby c_b ON c_b.id=t.caregiver_baby_id left join course c ON c.id=t.course_id  WHERE t.trainer_id = 2 ORDER BY id desc LIMIT 0,10   [ RunTime:0.0632s ]

[ 2018-07-06T18:17:44+08:00 ] 127.0.0.1 /Train/getCaregiverData.html?trainer_id=3
INFO: [ app_init ] --START--
INFO: Run Behavior\BuildLiteBehavior [ RunTime:0.000014s ]
INFO: [ app_init ] --END-- [ RunTime:0.000538s ]
INFO: [ app_begin ] --START--
INFO: Run Behavior\ReadHtmlCacheBehavior [ RunTime:0.000885s ]
INFO: [ app_begin ] --END-- [ RunTime:0.000952s ]
SQL: SHOW COLUMNS FROM `caregiver_baby` [ RunTime:0.0685s ]
SQL: SELECT `id`,`caregiver_name`,`baby_name` FROM `caregiver_baby` WHERE `trainer_id` = 3  [ RunTime:0.0659s ]

[ 2018-07-06T18:18:39+08:00 ] 127.0.0.1 /Train/index.html?trainer_id=2&caregiver_id=4
INFO: [ app_init ] --START--
INFO: Run Behavior\BuildLiteBehavior [ RunTime:0.000023s ]
INFO: [ app_init ] --END-- [ RunTime:0.001056s ]
INFO: [ app_begin ] --START--
INFO: Run Behavior\ReadHtmlCacheBehavior [ RunTime:0.001775s ]
INFO: [ app_begin ] --END-- [ RunTime:0.001872s ]
SQL: SHOW COLUMNS FROM `trainer` [ RunTime:0.0627s ]
SQL: SELECT `id`,`real_name`,`mobile` FROM `trainer` WHERE `status` = 1  [ RunTime:0.0623s ]
INFO: [ view_parse ] --START--
INFO: [ template_filter ] --START--
INFO: Run Behavior\ContentReplaceBehavior [ RunTime:0.000238s ]
INFO: [ template_filter ] --END-- [ RunTime:0.000334s ]
INFO: Run Behavior\ParseTemplateBehavior [ RunTime:0.039360s ]
INFO: [ view_parse ] --END-- [ RunTime:0.039495s ]
INFO: [ view_filter ] --START--
INFO: Run Behavior\WriteHtmlCacheBehavior [ RunTime:0.001487s ]
INFO: [ view_filter ] --END-- [ RunTime:0.001576s ]
INFO: [ app_end ] --START--
INFO: Run Behavior\ShowPageTraceBehavior [ RunTime:0.001687s ]
INFO: [ app_end ] --END-- [ RunTime:0.001784s ]

[ 2018-07-06T18:18:39+08:00 ] 127.0.0.1 /Train/getCaregiverData.html?trainer_id=2
INFO: [ app_init ] --START--
INFO: Run Behavior\BuildLiteBehavior [ RunTime:0.000019s ]
INFO: [ app_init ] --END-- [ RunTime:0.000796s ]
INFO: [ app_begin ] --START--
INFO: Run Behavior\ReadHtmlCacheBehavior [ RunTime:0.001113s ]
INFO: [ app_begin ] --END-- [ RunTime:0.001178s ]
SQL: SHOW COLUMNS FROM `caregiver_baby` [ RunTime:0.0619s ]
SQL: SELECT `id`,`caregiver_name`,`baby_name` FROM `caregiver_baby` WHERE `trainer_id` = 2  [ RunTime:0.0626s ]

[ 2018-07-06T18:18:40+08:00 ] 127.0.0.1 /Train/index.html?trainer_id=2&caregiver_id=&add_time=&page=1&limit=10
INFO: [ app_init ] --START--
INFO: Run Behavior\BuildLiteBehavior [ RunTime:0.000054s ]
INFO: [ app_init ] --END-- [ RunTime:0.001077s ]
INFO: [ app_begin ] --START--
INFO: Run Behavior\ReadHtmlCacheBehavior [ RunTime:0.001142s ]
INFO: [ app_begin ] --END-- [ RunTime:0.001209s ]
SQL: SHOW COLUMNS FROM `train` [ RunTime:0.0682s ]
SQL: SELECT COUNT(id) AS tp_count FROM train t WHERE t.trainer_id = 2 LIMIT 1   [ RunTime:0.0653s ]
SQL: SELECT t.*,t_n.real_name,t_n.mobile,c_b.caregiver_name,c_b.baby_name,c.course FROM train t left join trainer t_n ON t_n.id=t.trainer_id left join caregiver_baby c_b ON c_b.id=t.caregiver_baby_id left join course c ON c.id=t.course_id  WHERE t.trainer_id = 2 ORDER BY id desc LIMIT 0,10   [ RunTime:0.0660s ]

[ 2018-07-06T18:18:41+08:00 ] 127.0.0.1 /Train/getCaregiverData.html?trainer_id=3
INFO: [ app_init ] --START--
INFO: Run Behavior\BuildLiteBehavior [ RunTime:0.000031s ]
INFO: [ app_init ] --END-- [ RunTime:0.001045s ]
INFO: [ app_begin ] --START--
INFO: Run Behavior\ReadHtmlCacheBehavior [ RunTime:0.000927s ]
INFO: [ app_begin ] --END-- [ RunTime:0.000982s ]
SQL: SHOW COLUMNS FROM `caregiver_baby` [ RunTime:0.0691s ]
SQL: SELECT `id`,`caregiver_name`,`baby_name` FROM `caregiver_baby` WHERE `trainer_id` = 3  [ RunTime:0.0676s ]

[ 2018-07-06T18:18:47+08:00 ] 127.0.0.1 /Trainer/index.html
INFO: [ app_init ] --START--
INFO: Run Behavior\BuildLiteBehavior [ RunTime:0.000021s ]
INFO: [ app_init ] --END-- [ RunTime:0.000753s ]
INFO: [ app_begin ] --START--
INFO: Run Behavior\ReadHtmlCacheBehavior [ RunTime:0.001058s ]
INFO: [ app_begin ] --END-- [ RunTime:0.001142s ]
INFO: [ view_parse ] --START--
INFO: [ template_filter ] --START--
INFO: Run Behavior\ContentReplaceBehavior [ RunTime:0.000192s ]
INFO: [ template_filter ] --END-- [ RunTime:0.000265s ]
INFO: Run Behavior\ParseTemplateBehavior [ RunTime:0.012742s ]
INFO: [ view_parse ] --END-- [ RunTime:0.012817s ]
INFO: [ view_filter ] --START--
INFO: Run Behavior\WriteHtmlCacheBehavior [ RunTime:0.001968s ]
INFO: [ view_filter ] --END-- [ RunTime:0.002070s ]
INFO: [ app_end ] --START--
INFO: Run Behavior\ShowPageTraceBehavior [ RunTime:0.001635s ]
INFO: [ app_end ] --END-- [ RunTime:0.001748s ]

[ 2018-07-06T18:18:48+08:00 ] 127.0.0.1 /Trainer/index.html?page=1&limit=10
INFO: [ app_init ] --START--
INFO: Run Behavior\BuildLiteBehavior [ RunTime:0.000014s ]
INFO: [ app_init ] --END-- [ RunTime:0.000559s ]
INFO: [ app_begin ] --START--
INFO: Run Behavior\ReadHtmlCacheBehavior [ RunTime:0.001438s ]
INFO: [ app_begin ] --END-- [ RunTime:0.001528s ]
SQL: SHOW COLUMNS FROM `trainer` [ RunTime:0.1306s ]
SQL: SELECT COUNT(id) AS tp_count FROM `trainer` LIMIT 1   [ RunTime:0.2569s ]
SQL: SELECT * FROM `trainer` ORDER BY id desc LIMIT 0,10   [ RunTime:0.4944s ]

[ 2018-07-06T18:19:05+08:00 ] 127.0.0.1 /Trainer/index.html
INFO: [ app_init ] --START--
INFO: Run Behavior\BuildLiteBehavior [ RunTime:0.000012s ]
INFO: [ app_init ] --END-- [ RunTime:0.000499s ]
INFO: [ app_begin ] --START--
INFO: Run Behavior\ReadHtmlCacheBehavior [ RunTime:0.000966s ]
INFO: [ app_begin ] --END-- [ RunTime:0.001043s ]
INFO: [ view_parse ] --START--
INFO: [ template_filter ] --START--
INFO: Run Behavior\ContentReplaceBehavior [ RunTime:0.000121s ]
INFO: [ template_filter ] --END-- [ RunTime:0.000168s ]
INFO: Run Behavior\ParseTemplateBehavior [ RunTime:0.010433s ]
INFO: [ view_parse ] --END-- [ RunTime:0.010485s ]
INFO: [ view_filter ] --START--
INFO: Run Behavior\WriteHtmlCacheBehavior [ RunTime:0.001030s ]
INFO: [ view_filter ] --END-- [ RunTime:0.001087s ]
INFO: [ app_end ] --START--
INFO: Run Behavior\ShowPageTraceBehavior [ RunTime:0.001577s ]
INFO: [ app_end ] --END-- [ RunTime:0.001663s ]

[ 2018-07-06T18:19:05+08:00 ] 127.0.0.1 /Trainer/index.html?page=1&limit=10
INFO: [ app_init ] --START--
INFO: Run Behavior\BuildLiteBehavior [ RunTime:0.000025s ]
INFO: [ app_init ] --END-- [ RunTime:0.000942s ]
INFO: [ app_begin ] --START--
INFO: Run Behavior\ReadHtmlCacheBehavior [ RunTime:0.001569s ]
INFO: [ app_begin ] --END-- [ RunTime:0.001657s ]
SQL: SHOW COLUMNS FROM `trainer` [ RunTime:0.0686s ]
SQL: SELECT COUNT(id) AS tp_count FROM `trainer` LIMIT 1   [ RunTime:0.0696s ]
SQL: SELECT * FROM `trainer` ORDER BY id desc LIMIT 0,10   [ RunTime:0.0689s ]

[ 2018-07-06T18:19:11+08:00 ] 127.0.0.1 /Trainer/index.html
INFO: [ app_init ] --START--
INFO: Run Behavior\BuildLiteBehavior [ RunTime:0.000013s ]
INFO: [ app_init ] --END-- [ RunTime:0.000623s ]
INFO: [ app_begin ] --START--
INFO: Run Behavior\ReadHtmlCacheBehavior [ RunTime:0.000872s ]
INFO: [ app_begin ] --END-- [ RunTime:0.000931s ]
INFO: [ view_parse ] --START--
INFO: [ template_filter ] --START--
INFO: Run Behavior\ContentReplaceBehavior [ RunTime:0.000137s ]
INFO: [ template_filter ] --END-- [ RunTime:0.000182s ]
INFO: Run Behavior\ParseTemplateBehavior [ RunTime:0.010413s ]
INFO: [ view_parse ] --END-- [ RunTime:0.010463s ]
INFO: [ view_filter ] --START--
INFO: Run Behavior\WriteHtmlCacheBehavior [ RunTime:0.000961s ]
INFO: [ view_filter ] --END-- [ RunTime:0.001020s ]
INFO: [ app_end ] --START--
INFO: Run Behavior\ShowPageTraceBehavior [ RunTime:0.000968s ]
INFO: [ app_end ] --END-- [ RunTime:0.001028s ]

[ 2018-07-06T18:19:12+08:00 ] 127.0.0.1 /Trainer/index.html?page=1&limit=10
INFO: [ app_init ] --START--
INFO: Run Behavior\BuildLiteBehavior [ RunTime:0.000022s ]
INFO: [ app_init ] --END-- [ RunTime:0.000942s ]
INFO: [ app_begin ] --START--
INFO: Run Behavior\ReadHtmlCacheBehavior [ RunTime:0.001057s ]
INFO: [ app_begin ] --END-- [ RunTime:0.001132s ]
SQL: SHOW COLUMNS FROM `trainer` [ RunTime:0.0722s ]
SQL: SELECT COUNT(id) AS tp_count FROM `trainer` LIMIT 1   [ RunTime:0.0690s ]
SQL: SELECT * FROM `trainer` ORDER BY id desc LIMIT 0,10   [ RunTime:0.0714s ]

[ 2018-07-06T18:19:14+08:00 ] 127.0.0.1 /Train/index.html?trainer_id=3
INFO: [ app_init ] --START--
INFO: Run Behavior\BuildLiteBehavior [ RunTime:0.000013s ]
INFO: [ app_init ] --END-- [ RunTime:0.000606s ]
INFO: [ app_begin ] --START--
INFO: Run Behavior\ReadHtmlCacheBehavior [ RunTime:0.000870s ]
INFO: [ app_begin ] --END-- [ RunTime:0.000925s ]
SQL: SHOW COLUMNS FROM `trainer` [ RunTime:0.0661s ]
SQL: SELECT `id`,`real_name`,`mobile` FROM `trainer` WHERE `status` = 1  [ RunTime:0.0664s ]
INFO: [ view_parse ] --START--
INFO: [ template_filter ] --START--
INFO: Run Behavior\ContentReplaceBehavior [ RunTime:0.000191s ]
INFO: [ template_filter ] --END-- [ RunTime:0.000280s ]
INFO: Run Behavior\ParseTemplateBehavior [ RunTime:0.020080s ]
INFO: [ view_parse ] --END-- [ RunTime:0.020192s ]
INFO: [ view_filter ] --START--
INFO: Run Behavior\WriteHtmlCacheBehavior [ RunTime:0.001037s ]
INFO: [ view_filter ] --END-- [ RunTime:0.001085s ]
INFO: [ app_end ] --START--
INFO: Run Behavior\ShowPageTraceBehavior [ RunTime:0.001161s ]
INFO: [ app_end ] --END-- [ RunTime:0.001231s ]

[ 2018-07-06T18:19:15+08:00 ] 127.0.0.1 /Train/getCaregiverData.html?trainer_id=3
INFO: [ app_init ] --START--
INFO: Run Behavior\BuildLiteBehavior [ RunTime:0.000014s ]
INFO: [ app_init ] --END-- [ RunTime:0.000652s ]
INFO: [ app_begin ] --START--
INFO: Run Behavior\ReadHtmlCacheBehavior [ RunTime:0.001272s ]
INFO: [ app_begin ] --END-- [ RunTime:0.001356s ]
SQL: SHOW COLUMNS FROM `caregiver_baby` [ RunTime:0.0782s ]
SQL: SELECT `id`,`caregiver_name`,`baby_name` FROM `caregiver_baby` WHERE `trainer_id` = 3  [ RunTime:0.0704s ]

[ 2018-07-06T18:19:15+08:00 ] 127.0.0.1 /Train/index.html?trainer_id=3&caregiver_id=&add_time=&page=1&limit=10
INFO: [ app_init ] --START--
INFO: Run Behavior\BuildLiteBehavior [ RunTime:0.000027s ]
INFO: [ app_init ] --END-- [ RunTime:0.001158s ]
INFO: [ app_begin ] --START--
INFO: Run Behavior\ReadHtmlCacheBehavior [ RunTime:0.001684s ]
INFO: [ app_begin ] --END-- [ RunTime:0.001784s ]
SQL: SHOW COLUMNS FROM `train` [ RunTime:0.0629s ]
SQL: SELECT COUNT(id) AS tp_count FROM train t WHERE t.trainer_id = 3 LIMIT 1   [ RunTime:0.0617s ]
SQL: SELECT t.*,t_n.real_name,t_n.mobile,c_b.caregiver_name,c_b.baby_name,c.course FROM train t left join trainer t_n ON t_n.id=t.trainer_id left join caregiver_baby c_b ON c_b.id=t.caregiver_baby_id left join course c ON c.id=t.course_id  WHERE t.trainer_id = 3 ORDER BY id desc LIMIT 0,10   [ RunTime:0.0633s ]

[ 2018-07-06T18:19:21+08:00 ] 127.0.0.1 /CaregiverBaby/index.html
INFO: [ app_init ] --START--
INFO: Run Behavior\BuildLiteBehavior [ RunTime:0.000015s ]
INFO: [ app_init ] --END-- [ RunTime:0.000685s ]
INFO: [ app_begin ] --START--
INFO: Run Behavior\ReadHtmlCacheBehavior [ RunTime:0.001736s ]
INFO: [ app_begin ] --END-- [ RunTime:0.001858s ]
SQL: SHOW COLUMNS FROM `trainer` [ RunTime:0.0649s ]
SQL: SELECT `id`,`real_name`,`mobile` FROM `trainer` WHERE `status` = 1  [ RunTime:0.0998s ]
INFO: [ view_parse ] --START--
INFO: [ template_filter ] --START--
INFO: Run Behavior\ContentReplaceBehavior [ RunTime:0.000478s ]
INFO: [ template_filter ] --END-- [ RunTime:0.000680s ]
INFO: Run Behavior\ParseTemplateBehavior [ RunTime:0.036248s ]
INFO: [ view_parse ] --END-- [ RunTime:0.036387s ]
INFO: [ view_filter ] --START--
INFO: Run Behavior\WriteHtmlCacheBehavior [ RunTime:0.001173s ]
INFO: [ view_filter ] --END-- [ RunTime:0.001233s ]
INFO: [ app_end ] --START--
INFO: Run Behavior\ShowPageTraceBehavior [ RunTime:0.001655s ]
INFO: [ app_end ] --END-- [ RunTime:0.001724s ]

[ 2018-07-06T18:19:22+08:00 ] 127.0.0.1 /CaregiverBaby/index.html?page=1&limit=10
INFO: [ app_init ] --START--
INFO: Run Behavior\BuildLiteBehavior [ RunTime:0.000024s ]
INFO: [ app_init ] --END-- [ RunTime:0.000934s ]
INFO: [ app_begin ] --START--
INFO: Run Behavior\ReadHtmlCacheBehavior [ RunTime:0.001490s ]
INFO: [ app_begin ] --END-- [ RunTime:0.001605s ]
SQL: SHOW COLUMNS FROM `caregiver_baby` [ RunTime:0.0630s ]
SQL: SELECT COUNT(id) AS tp_count FROM caregiver_baby c LIMIT 1   [ RunTime:0.0617s ]
SQL: SELECT c.*,t.real_name,t.mobile FROM caregiver_baby c left join trainer t ON t.id=c.trainer_id  ORDER BY id desc LIMIT 0,10   [ RunTime:0.0631s ]

[ 2018-07-06T18:19:23+08:00 ] 127.0.0.1 /Train/index.html?trainer_id=2&caregiver_id=6
INFO: [ app_init ] --START--
INFO: Run Behavior\BuildLiteBehavior [ RunTime:0.000014s ]
INFO: [ app_init ] --END-- [ RunTime:0.000660s ]
INFO: [ app_begin ] --START--
INFO: Run Behavior\ReadHtmlCacheBehavior [ RunTime:0.001999s ]
INFO: [ app_begin ] --END-- [ RunTime:0.002113s ]
SQL: SHOW COLUMNS FROM `trainer` [ RunTime:0.0674s ]
SQL: SELECT `id`,`real_name`,`mobile` FROM `trainer` WHERE `status` = 1  [ RunTime:0.0614s ]
INFO: [ view_parse ] --START--
INFO: [ template_filter ] --START--
INFO: Run Behavior\ContentReplaceBehavior [ RunTime:0.000351s ]
INFO: [ template_filter ] --END-- [ RunTime:0.000464s ]
INFO: Run Behavior\ParseTemplateBehavior [ RunTime:0.030305s ]
INFO: [ view_parse ] --END-- [ RunTime:0.030432s ]
INFO: [ view_filter ] --START--
INFO: Run Behavior\WriteHtmlCacheBehavior [ RunTime:0.001812s ]
INFO: [ view_filter ] --END-- [ RunTime:0.001905s ]
INFO: [ app_end ] --START--
INFO: Run Behavior\ShowPageTraceBehavior [ RunTime:0.002241s ]
INFO: [ app_end ] --END-- [ RunTime:0.002356s ]

[ 2018-07-06T18:19:24+08:00 ] 127.0.0.1 /Train/getCaregiverData.html?trainer_id=2
INFO: [ app_init ] --START--
INFO: Run Behavior\BuildLiteBehavior [ RunTime:0.000023s ]
INFO: [ app_init ] --END-- [ RunTime:0.000808s ]
INFO: [ app_begin ] --START--
INFO: Run Behavior\ReadHtmlCacheBehavior [ RunTime:0.001271s ]
INFO: [ app_begin ] --END-- [ RunTime:0.001355s ]
SQL: SHOW COLUMNS FROM `caregiver_baby` [ RunTime:0.0642s ]
SQL: SELECT `id`,`caregiver_name`,`baby_name` FROM `caregiver_baby` WHERE `trainer_id` = 2  [ RunTime:0.0641s ]

[ 2018-07-06T18:19:24+08:00 ] 127.0.0.1 /Train/index.html?trainer_id=2&caregiver_id=&add_time=&page=1&limit=10
INFO: [ app_init ] --START--
INFO: Run Behavior\BuildLiteBehavior [ RunTime:0.000013s ]
INFO: [ app_init ] --END-- [ RunTime:0.000553s ]
INFO: [ app_begin ] --START--
INFO: Run Behavior\ReadHtmlCacheBehavior [ RunTime:0.001093s ]
INFO: [ app_begin ] --END-- [ RunTime:0.001154s ]
SQL: SHOW COLUMNS FROM `train` [ RunTime:0.0641s ]
SQL: SELECT COUNT(id) AS tp_count FROM train t WHERE t.trainer_id = 2 LIMIT 1   [ RunTime:0.0631s ]
SQL: SELECT t.*,t_n.real_name,t_n.mobile,c_b.caregiver_name,c_b.baby_name,c.course FROM train t left join trainer t_n ON t_n.id=t.trainer_id left join caregiver_baby c_b ON c_b.id=t.caregiver_baby_id left join course c ON c.id=t.course_id  WHERE t.trainer_id = 2 ORDER BY id desc LIMIT 0,10   [ RunTime:0.0656s ]

[ 2018-07-06T18:19:38+08:00 ] 127.0.0.1 /Train/index.html?trainer_id=2&caregiver_id=6
INFO: [ app_init ] --START--
INFO: Run Behavior\BuildLiteBehavior [ RunTime:0.000017s ]
INFO: [ app_init ] --END-- [ RunTime:0.000893s ]
INFO: [ app_begin ] --START--
INFO: Run Behavior\ReadHtmlCacheBehavior [ RunTime:0.001029s ]
INFO: [ app_begin ] --END-- [ RunTime:0.001091s ]
SQL: SHOW COLUMNS FROM `trainer` [ RunTime:0.0648s ]
SQL: SELECT `id`,`real_name`,`mobile` FROM `trainer` WHERE `status` = 1  [ RunTime:0.0635s ]
INFO: [ view_parse ] --START--
INFO: [ template_filter ] --START--
INFO: Run Behavior\ContentReplaceBehavior [ RunTime:0.000369s ]
INFO: [ template_filter ] --END-- [ RunTime:0.000484s ]
INFO: Run Behavior\ParseTemplateBehavior [ RunTime:0.032599s ]
INFO: [ view_parse ] --END-- [ RunTime:0.032693s ]
INFO: [ view_filter ] --START--
INFO: Run Behavior\WriteHtmlCacheBehavior [ RunTime:0.000942s ]
INFO: [ view_filter ] --END-- [ RunTime:0.000984s ]
INFO: [ app_end ] --START--
INFO: Run Behavior\ShowPageTraceBehavior [ RunTime:0.001105s ]
INFO: [ app_end ] --END-- [ RunTime:0.001155s ]

[ 2018-07-06T18:19:39+08:00 ] 127.0.0.1 /Train/getCaregiverData.html?trainer_id=2
INFO: [ app_init ] --START--
INFO: Run Behavior\BuildLiteBehavior [ RunTime:0.000017s ]
INFO: [ app_init ] --END-- [ RunTime:0.000704s ]
INFO: [ app_begin ] --START--
INFO: Run Behavior\ReadHtmlCacheBehavior [ RunTime:0.001009s ]
INFO: [ app_begin ] --END-- [ RunTime:0.001075s ]
SQL: SHOW COLUMNS FROM `caregiver_baby` [ RunTime:0.0659s ]
SQL: SELECT `id`,`caregiver_name`,`baby_name` FROM `caregiver_baby` WHERE `trainer_id` = 2  [ RunTime:0.0663s ]

[ 2018-07-06T18:19:39+08:00 ] 127.0.0.1 /Train/index.html?trainer_id=2&caregiver_id=&add_time=&page=1&limit=10
INFO: [ app_init ] --START--
INFO: Run Behavior\BuildLiteBehavior [ RunTime:0.000036s ]
INFO: [ app_init ] --END-- [ RunTime:0.001595s ]
INFO: [ app_begin ] --START--
INFO: Run Behavior\ReadHtmlCacheBehavior [ RunTime:0.001039s ]
INFO: [ app_begin ] --END-- [ RunTime:0.001099s ]
SQL: SHOW COLUMNS FROM `train` [ RunTime:0.0658s ]
SQL: SELECT COUNT(id) AS tp_count FROM train t WHERE t.trainer_id = 2 LIMIT 1   [ RunTime:0.0682s ]
SQL: SELECT t.*,t_n.real_name,t_n.mobile,c_b.caregiver_name,c_b.baby_name,c.course FROM train t left join trainer t_n ON t_n.id=t.trainer_id left join caregiver_baby c_b ON c_b.id=t.caregiver_baby_id left join course c ON c.id=t.course_id  WHERE t.trainer_id = 2 ORDER BY id desc LIMIT 0,10   [ RunTime:0.1030s ]

[ 2018-07-06T18:19:43+08:00 ] 127.0.0.1 /CaregiverBaby/index.html?page=1&limit=10
INFO: [ app_init ] --START--
INFO: Run Behavior\BuildLiteBehavior [ RunTime:0.000015s ]
INFO: [ app_init ] --END-- [ RunTime:0.000760s ]
INFO: [ app_begin ] --START--
INFO: Run Behavior\ReadHtmlCacheBehavior [ RunTime:0.000868s ]
INFO: [ app_begin ] --END-- [ RunTime:0.000922s ]
SQL: SHOW COLUMNS FROM `caregiver_baby` [ RunTime:0.0663s ]
SQL: SELECT COUNT(id) AS tp_count FROM caregiver_baby c LIMIT 1   [ RunTime:0.0640s ]
SQL: SELECT c.*,t.real_name,t.mobile FROM caregiver_baby c left join trainer t ON t.id=c.trainer_id  ORDER BY id desc LIMIT 0,10   [ RunTime:0.0670s ]

[ 2018-07-06T18:19:45+08:00 ] 127.0.0.1 /Train/index.html?trainer_id=2&caregiver_id=4
INFO: [ app_init ] --START--
INFO: Run Behavior\BuildLiteBehavior [ RunTime:0.000013s ]
INFO: [ app_init ] --END-- [ RunTime:0.000605s ]
INFO: [ app_begin ] --START--
INFO: Run Behavior\ReadHtmlCacheBehavior [ RunTime:0.001095s ]
INFO: [ app_begin ] --END-- [ RunTime:0.001170s ]
SQL: SHOW COLUMNS FROM `trainer` [ RunTime:0.0655s ]
SQL: SELECT `id`,`real_name`,`mobile` FROM `trainer` WHERE `status` = 1  [ RunTime:0.0666s ]
INFO: [ view_parse ] --START--
INFO: [ template_filter ] --START--
INFO: Run Behavior\ContentReplaceBehavior [ RunTime:0.001337s ]
INFO: [ template_filter ] --END-- [ RunTime:0.001777s ]
INFO: Run Behavior\ParseTemplateBehavior [ RunTime:0.043442s ]
INFO: [ view_parse ] --END-- [ RunTime:0.043563s ]
INFO: [ view_filter ] --START--
INFO: Run Behavior\WriteHtmlCacheBehavior [ RunTime:0.001197s ]
INFO: [ view_filter ] --END-- [ RunTime:0.001272s ]
INFO: [ app_end ] --START--
INFO: Run Behavior\ShowPageTraceBehavior [ RunTime:0.001465s ]
INFO: [ app_end ] --END-- [ RunTime:0.001530s ]

[ 2018-07-06T18:19:45+08:00 ] 127.0.0.1 /Train/getCaregiverData.html?trainer_id=2
INFO: [ app_init ] --START--
INFO: Run Behavior\BuildLiteBehavior [ RunTime:0.000015s ]
INFO: [ app_init ] --END-- [ RunTime:0.000659s ]
INFO: [ app_begin ] --START--
INFO: Run Behavior\ReadHtmlCacheBehavior [ RunTime:0.001517s ]
INFO: [ app_begin ] --END-- [ RunTime:0.001611s ]
SQL: SHOW COLUMNS FROM `caregiver_baby` [ RunTime:0.0633s ]
SQL: SELECT `id`,`caregiver_name`,`baby_name` FROM `caregiver_baby` WHERE `trainer_id` = 2  [ RunTime:0.0621s ]

[ 2018-07-06T18:19:46+08:00 ] 127.0.0.1 /Train/index.html?trainer_id=2&caregiver_id=&add_time=&page=1&limit=10
INFO: [ app_init ] --START--
INFO: Run Behavior\BuildLiteBehavior [ RunTime:0.000019s ]
INFO: [ app_init ] --END-- [ RunTime:0.000785s ]
INFO: [ app_begin ] --START--
INFO: Run Behavior\ReadHtmlCacheBehavior [ RunTime:0.001354s ]
INFO: [ app_begin ] --END-- [ RunTime:0.001432s ]
SQL: SHOW COLUMNS FROM `train` [ RunTime:0.0708s ]
SQL: SELECT COUNT(id) AS tp_count FROM train t WHERE t.trainer_id = 2 LIMIT 1   [ RunTime:0.0632s ]
SQL: SELECT t.*,t_n.real_name,t_n.mobile,c_b.caregiver_name,c_b.baby_name,c.course FROM train t left join trainer t_n ON t_n.id=t.trainer_id left join caregiver_baby c_b ON c_b.id=t.caregiver_baby_id left join course c ON c.id=t.course_id  WHERE t.trainer_id = 2 ORDER BY id desc LIMIT 0,10   [ RunTime:0.0670s ]

[ 2018-07-06T18:19:48+08:00 ] 127.0.0.1 /CaregiverBaby/index.html?page=1&limit=10
INFO: [ app_init ] --START--
INFO: Run Behavior\BuildLiteBehavior [ RunTime:0.000035s ]
INFO: [ app_init ] --END-- [ RunTime:0.001173s ]
INFO: [ app_begin ] --START--
INFO: Run Behavior\ReadHtmlCacheBehavior [ RunTime:0.001529s ]
INFO: [ app_begin ] --END-- [ RunTime:0.001639s ]
SQL: SHOW COLUMNS FROM `caregiver_baby` [ RunTime:0.0632s ]
SQL: SELECT COUNT(id) AS tp_count FROM caregiver_baby c LIMIT 1   [ RunTime:0.0641s ]
SQL: SELECT c.*,t.real_name,t.mobile FROM caregiver_baby c left join trainer t ON t.id=c.trainer_id  ORDER BY id desc LIMIT 0,10   [ RunTime:0.0637s ]

[ 2018-07-06T18:19:49+08:00 ] 127.0.0.1 /CaregiverBaby/index.html?page=1&limit=10
INFO: [ app_init ] --START--
INFO: Run Behavior\BuildLiteBehavior [ RunTime:0.000013s ]
INFO: [ app_init ] --END-- [ RunTime:0.000582s ]
INFO: [ app_begin ] --START--
INFO: Run Behavior\ReadHtmlCacheBehavior [ RunTime:0.000873s ]
INFO: [ app_begin ] --END-- [ RunTime:0.000917s ]
SQL: SHOW COLUMNS FROM `caregiver_baby` [ RunTime:0.0628s ]
SQL: SELECT COUNT(id) AS tp_count FROM caregiver_baby c LIMIT 1   [ RunTime:0.0631s ]
SQL: SELECT c.*,t.real_name,t.mobile FROM caregiver_baby c left join trainer t ON t.id=c.trainer_id  ORDER BY id desc LIMIT 0,10   [ RunTime:0.0627s ]

[ 2018-07-06T18:19:51+08:00 ] 127.0.0.1 /CaregiverBaby/index.html
INFO: [ app_init ] --START--
INFO: Run Behavior\BuildLiteBehavior [ RunTime:0.000020s ]
INFO: [ app_init ] --END-- [ RunTime:0.000681s ]
INFO: [ app_begin ] --START--
INFO: Run Behavior\ReadHtmlCacheBehavior [ RunTime:0.000814s ]
INFO: [ app_begin ] --END-- [ RunTime:0.000866s ]
SQL: SHOW COLUMNS FROM `trainer` [ RunTime:0.0629s ]
SQL: SELECT `id`,`real_name`,`mobile` FROM `trainer` WHERE `status` = 1  [ RunTime:0.0620s ]
INFO: [ view_parse ] --START--
INFO: [ template_filter ] --START--
INFO: Run Behavior\ContentReplaceBehavior [ RunTime:0.000282s ]
INFO: [ template_filter ] --END-- [ RunTime:0.000393s ]
INFO: Run Behavior\ParseTemplateBehavior [ RunTime:0.040539s ]
INFO: [ view_parse ] --END-- [ RunTime:0.040929s ]
INFO: [ view_filter ] --START--
INFO: Run Behavior\WriteHtmlCacheBehavior [ RunTime:0.001941s ]
INFO: [ view_filter ] --END-- [ RunTime:0.002067s ]
INFO: [ app_end ] --START--
INFO: Run Behavior\ShowPageTraceBehavior [ RunTime:0.002039s ]
INFO: [ app_end ] --END-- [ RunTime:0.002135s ]

[ 2018-07-06T18:19:52+08:00 ] 127.0.0.1 /CaregiverBaby/index.html?page=1&limit=10
INFO: [ app_init ] --START--
INFO: Run Behavior\BuildLiteBehavior [ RunTime:0.000021s ]
INFO: [ app_init ] --END-- [ RunTime:0.000936s ]
INFO: [ app_begin ] --START--
INFO: Run Behavior\ReadHtmlCacheBehavior [ RunTime:0.001675s ]
INFO: [ app_begin ] --END-- [ RunTime:0.001773s ]
SQL: SHOW COLUMNS FROM `caregiver_baby` [ RunTime:0.0629s ]
SQL: SELECT COUNT(id) AS tp_count FROM caregiver_baby c LIMIT 1   [ RunTime:0.0619s ]
SQL: SELECT c.*,t.real_name,t.mobile FROM caregiver_baby c left join trainer t ON t.id=c.trainer_id  ORDER BY id desc LIMIT 0,10   [ RunTime:0.0640s ]

[ 2018-07-06T18:19:52+08:00 ] 127.0.0.1 /favicon.ico
INFO: [ app_init ] --START--
INFO: Run Behavior\BuildLiteBehavior [ RunTime:0.000021s ]
INFO: [ app_init ] --END-- [ RunTime:0.000935s ]

[ 2018-07-06T18:19:54+08:00 ] 127.0.0.1 /Train/index.html?trainer_id=2&caregiver_baby_id=4
INFO: [ app_init ] --START--
INFO: Run Behavior\BuildLiteBehavior [ RunTime:0.000015s ]
INFO: [ app_init ] --END-- [ RunTime:0.000633s ]
INFO: [ app_begin ] --START--
INFO: Run Behavior\ReadHtmlCacheBehavior [ RunTime:0.000817s ]
INFO: [ app_begin ] --END-- [ RunTime:0.000863s ]
SQL: SHOW COLUMNS FROM `trainer` [ RunTime:0.0888s ]
SQL: SELECT `id`,`real_name`,`mobile` FROM `trainer` WHERE `status` = 1  [ RunTime:0.0697s ]
INFO: [ view_parse ] --START--
INFO: [ template_filter ] --START--
INFO: Run Behavior\ContentReplaceBehavior [ RunTime:0.000130s ]
INFO: [ template_filter ] --END-- [ RunTime:0.000175s ]
INFO: Run Behavior\ParseTemplateBehavior [ RunTime:0.012254s ]
INFO: [ view_parse ] --END-- [ RunTime:0.012331s ]
INFO: [ view_filter ] --START--
INFO: Run Behavior\WriteHtmlCacheBehavior [ RunTime:0.000626s ]
INFO: [ view_filter ] --END-- [ RunTime:0.000660s ]
INFO: [ app_end ] --START--
INFO: Run Behavior\ShowPageTraceBehavior [ RunTime:0.001037s ]
INFO: [ app_end ] --END-- [ RunTime:0.001090s ]

[ 2018-07-06T18:19:54+08:00 ] 127.0.0.1 /Train/getCaregiverData.html?trainer_id=2
INFO: [ app_init ] --START--
INFO: Run Behavior\BuildLiteBehavior [ RunTime:0.000020s ]
INFO: [ app_init ] --END-- [ RunTime:0.000717s ]
INFO: [ app_begin ] --START--
INFO: Run Behavior\ReadHtmlCacheBehavior [ RunTime:0.001105s ]
INFO: [ app_begin ] --END-- [ RunTime:0.001167s ]
SQL: SHOW COLUMNS FROM `caregiver_baby` [ RunTime:0.0637s ]
SQL: SELECT `id`,`caregiver_name`,`baby_name` FROM `caregiver_baby` WHERE `trainer_id` = 2  [ RunTime:0.0621s ]

[ 2018-07-06T18:19:55+08:00 ] 127.0.0.1 /Train/index.html?trainer_id=2&caregiver_id=&add_time=&page=1&limit=10
INFO: [ app_init ] --START--
INFO: Run Behavior\BuildLiteBehavior [ RunTime:0.000015s ]
INFO: [ app_init ] --END-- [ RunTime:0.000702s ]
INFO: [ app_begin ] --START--
INFO: Run Behavior\ReadHtmlCacheBehavior [ RunTime:0.000869s ]
INFO: [ app_begin ] --END-- [ RunTime:0.000920s ]
SQL: SHOW COLUMNS FROM `train` [ RunTime:0.0630s ]
SQL: SELECT COUNT(id) AS tp_count FROM train t WHERE t.trainer_id = 2 LIMIT 1   [ RunTime:0.0623s ]
SQL: SELECT t.*,t_n.real_name,t_n.mobile,c_b.caregiver_name,c_b.baby_name,c.course FROM train t left join trainer t_n ON t_n.id=t.trainer_id left join caregiver_baby c_b ON c_b.id=t.caregiver_baby_id left join course c ON c.id=t.course_id  WHERE t.trainer_id = 2 ORDER BY id desc LIMIT 0,10   [ RunTime:0.0662s ]

[ 2018-07-06T18:20:30+08:00 ] 127.0.0.1 /Train/index.html?trainer_id=2&caregiver_baby_id=4
INFO: [ app_init ] --START--
INFO: Run Behavior\BuildLiteBehavior [ RunTime:0.000014s ]
INFO: [ app_init ] --END-- [ RunTime:0.000726s ]
INFO: [ app_begin ] --START--
INFO: Run Behavior\ReadHtmlCacheBehavior [ RunTime:0.000862s ]
INFO: [ app_begin ] --END-- [ RunTime:0.000910s ]
SQL: SHOW COLUMNS FROM `trainer` [ RunTime:0.0634s ]
SQL: SELECT `id`,`real_name`,`mobile` FROM `trainer` WHERE `status` = 1  [ RunTime:0.0687s ]
INFO: [ view_parse ] --START--
INFO: [ template_filter ] --START--
INFO: Run Behavior\ContentReplaceBehavior [ RunTime:0.000318s ]
INFO: [ template_filter ] --END-- [ RunTime:0.000420s ]
INFO: Run Behavior\ParseTemplateBehavior [ RunTime:0.036681s ]
INFO: [ view_parse ] --END-- [ RunTime:0.036825s ]
INFO: [ view_filter ] --START--
INFO: Run Behavior\WriteHtmlCacheBehavior [ RunTime:0.001584s ]
INFO: [ view_filter ] --END-- [ RunTime:0.001665s ]
INFO: [ app_end ] --START--
INFO: Run Behavior\ShowPageTraceBehavior [ RunTime:0.002220s ]
INFO: [ app_end ] --END-- [ RunTime:0.002352s ]

[ 2018-07-06T18:20:30+08:00 ] 127.0.0.1 /Train/getCaregiverData.html?trainer_id=2
INFO: [ app_init ] --START--
INFO: Run Behavior\BuildLiteBehavior [ RunTime:0.000020s ]
INFO: [ app_init ] --END-- [ RunTime:0.000759s ]
INFO: [ app_begin ] --START--
INFO: Run Behavior\ReadHtmlCacheBehavior [ RunTime:0.000872s ]
INFO: [ app_begin ] --END-- [ RunTime:0.000926s ]
SQL: SHOW COLUMNS FROM `caregiver_baby` [ RunTime:0.0671s ]
SQL: SELECT `id`,`caregiver_name`,`baby_name` FROM `caregiver_baby` WHERE `trainer_id` = 2  [ RunTime:0.0799s ]

[ 2018-07-06T18:20:31+08:00 ] 127.0.0.1 /Train/index.html?trainer_id=2&caregiver_id=&add_time=&page=1&limit=10
INFO: [ app_init ] --START--
INFO: Run Behavior\BuildLiteBehavior [ RunTime:0.000024s ]
INFO: [ app_init ] --END-- [ RunTime:0.001375s ]
INFO: [ app_begin ] --START--
INFO: Run Behavior\ReadHtmlCacheBehavior [ RunTime:0.001011s ]
INFO: [ app_begin ] --END-- [ RunTime:0.001064s ]
SQL: SHOW COLUMNS FROM `train` [ RunTime:0.0622s ]
SQL: SELECT COUNT(id) AS tp_count FROM train t WHERE t.trainer_id = 2 LIMIT 1   [ RunTime:0.0611s ]
SQL: SELECT t.*,t_n.real_name,t_n.mobile,c_b.caregiver_name,c_b.baby_name,c.course FROM train t left join trainer t_n ON t_n.id=t.trainer_id left join caregiver_baby c_b ON c_b.id=t.caregiver_baby_id left join course c ON c.id=t.course_id  WHERE t.trainer_id = 2 ORDER BY id desc LIMIT 0,10   [ RunTime:0.0632s ]

[ 2018-07-06T18:21:31+08:00 ] 127.0.0.1 /Train/index.html?trainer_id=2&caregiver_baby_id=4
INFO: [ app_init ] --START--
INFO: Run Behavior\BuildLiteBehavior [ RunTime:0.000019s ]
INFO: [ app_init ] --END-- [ RunTime:0.000636s ]
INFO: [ app_begin ] --START--
INFO: Run Behavior\ReadHtmlCacheBehavior [ RunTime:0.001148s ]
INFO: [ app_begin ] --END-- [ RunTime:0.001227s ]
SQL: SHOW COLUMNS FROM `trainer` [ RunTime:0.0677s ]
SQL: SELECT `id`,`real_name`,`mobile` FROM `trainer` WHERE `status` = 1  [ RunTime:0.0614s ]
INFO: [ view_parse ] --START--
INFO: [ template_filter ] --START--
INFO: Run Behavior\ContentReplaceBehavior [ RunTime:0.000241s ]
INFO: [ template_filter ] --END-- [ RunTime:0.000311s ]
INFO: Run Behavior\ParseTemplateBehavior [ RunTime:0.024437s ]
INFO: [ view_parse ] --END-- [ RunTime:0.024533s ]
INFO: [ view_filter ] --START--
INFO: Run Behavior\WriteHtmlCacheBehavior [ RunTime:0.000943s ]
INFO: [ view_filter ] --END-- [ RunTime:0.000982s ]
INFO: [ app_end ] --START--
INFO: Run Behavior\ShowPageTraceBehavior [ RunTime:0.001332s ]
INFO: [ app_end ] --END-- [ RunTime:0.001410s ]

[ 2018-07-06T18:21:33+08:00 ] 127.0.0.1 /Train/getCaregiverData.html?trainer_id=2
INFO: [ app_init ] --START--
INFO: Run Behavior\BuildLiteBehavior [ RunTime:0.000102s ]
INFO: [ app_init ] --END-- [ RunTime:0.000853s ]
INFO: [ app_begin ] --START--
INFO: Run Behavior\ReadHtmlCacheBehavior [ RunTime:0.000910s ]
INFO: [ app_begin ] --END-- [ RunTime:0.000963s ]
SQL: SHOW COLUMNS FROM `caregiver_baby` [ RunTime:0.3077s ]
SQL: SELECT `id`,`caregiver_name`,`baby_name` FROM `caregiver_baby` WHERE `trainer_id` = 2  [ RunTime:0.3042s ]

[ 2018-07-06T18:21:35+08:00 ] 127.0.0.1 /Train/index.html?trainer_id=2&caregiver_id=&add_time=&page=1&limit=10
INFO: [ app_init ] --START--
INFO: Run Behavior\BuildLiteBehavior [ RunTime:0.000056s ]
INFO: [ app_init ] --END-- [ RunTime:0.001186s ]
INFO: [ app_begin ] --START--
INFO: Run Behavior\ReadHtmlCacheBehavior [ RunTime:0.001271s ]
INFO: [ app_begin ] --END-- [ RunTime:0.001336s ]
SQL: SHOW COLUMNS FROM `train` [ RunTime:0.0662s ]
SQL: SELECT COUNT(id) AS tp_count FROM train t WHERE t.trainer_id = 2 LIMIT 1   [ RunTime:0.0667s ]
SQL: SELECT t.*,t_n.real_name,t_n.mobile,c_b.caregiver_name,c_b.baby_name,c.course FROM train t left join trainer t_n ON t_n.id=t.trainer_id left join caregiver_baby c_b ON c_b.id=t.caregiver_baby_id left join course c ON c.id=t.course_id  WHERE t.trainer_id = 2 ORDER BY id desc LIMIT 0,10   [ RunTime:0.0665s ]

[ 2018-07-06T18:21:53+08:00 ] 127.0.0.1 /Train/index.html?trainer_id=2&caregiver_baby_id=4
INFO: [ app_init ] --START--
INFO: Run Behavior\BuildLiteBehavior [ RunTime:0.000026s ]
INFO: [ app_init ] --END-- [ RunTime:0.001017s ]
INFO: [ app_begin ] --START--
INFO: Run Behavior\ReadHtmlCacheBehavior [ RunTime:0.000868s ]
INFO: [ app_begin ] --END-- [ RunTime:0.000919s ]
SQL: SHOW COLUMNS FROM `trainer` [ RunTime:0.0615s ]
SQL: SELECT `id`,`real_name`,`mobile` FROM `trainer` WHERE `status` = 1  [ RunTime:0.0618s ]
INFO: [ view_parse ] --START--
INFO: [ template_filter ] --START--
INFO: Run Behavior\ContentReplaceBehavior [ RunTime:0.000215s ]
INFO: [ template_filter ] --END-- [ RunTime:0.000292s ]
INFO: Run Behavior\ParseTemplateBehavior [ RunTime:0.045490s ]
INFO: [ view_parse ] --END-- [ RunTime:0.045639s ]
INFO: [ view_filter ] --START--
INFO: Run Behavior\WriteHtmlCacheBehavior [ RunTime:0.001620s ]
INFO: [ view_filter ] --END-- [ RunTime:0.001698s ]
INFO: [ app_end ] --START--
INFO: Run Behavior\ShowPageTraceBehavior [ RunTime:0.001463s ]
INFO: [ app_end ] --END-- [ RunTime:0.001538s ]

[ 2018-07-06T18:21:53+08:00 ] 127.0.0.1 /Train/getCaregiverData.html?trainer_id=2
INFO: [ app_init ] --START--
INFO: Run Behavior\BuildLiteBehavior [ RunTime:0.000014s ]
INFO: [ app_init ] --END-- [ RunTime:0.000629s ]
INFO: [ app_begin ] --START--
INFO: Run Behavior\ReadHtmlCacheBehavior [ RunTime:0.000898s ]
INFO: [ app_begin ] --END-- [ RunTime:0.000952s ]
SQL: SHOW COLUMNS FROM `caregiver_baby` [ RunTime:0.0631s ]
SQL: SELECT `id`,`caregiver_name`,`baby_name` FROM `caregiver_baby` WHERE `trainer_id` = 2  [ RunTime:0.0622s ]

[ 2018-07-06T18:21:54+08:00 ] 127.0.0.1 /Train/index.html?trainer_id=2&caregiver_id=&add_time=&page=1&limit=10
INFO: [ app_init ] --START--
INFO: Run Behavior\BuildLiteBehavior [ RunTime:0.000031s ]
INFO: [ app_init ] --END-- [ RunTime:0.001342s ]
INFO: [ app_begin ] --START--
INFO: Run Behavior\ReadHtmlCacheBehavior [ RunTime:0.000810s ]
INFO: [ app_begin ] --END-- [ RunTime:0.000858s ]
SQL: SHOW COLUMNS FROM `train` [ RunTime:0.0629s ]
SQL: SELECT COUNT(id) AS tp_count FROM train t WHERE t.trainer_id = 2 LIMIT 1   [ RunTime:0.0613s ]
SQL: SELECT t.*,t_n.real_name,t_n.mobile,c_b.caregiver_name,c_b.baby_name,c.course FROM train t left join trainer t_n ON t_n.id=t.trainer_id left join caregiver_baby c_b ON c_b.id=t.caregiver_baby_id left join course c ON c.id=t.course_id  WHERE t.trainer_id = 2 ORDER BY id desc LIMIT 0,10   [ RunTime:0.0632s ]

[ 2018-07-06T18:22:04+08:00 ] 127.0.0.1 /Train/index.html?trainer_id=2&caregiver_id=4&add_time=2018-07-01+~+2018-07-31&page=1&limit=10
INFO: [ app_init ] --START--
INFO: Run Behavior\BuildLiteBehavior [ RunTime:0.000014s ]
INFO: [ app_init ] --END-- [ RunTime:0.000690s ]
INFO: [ app_begin ] --START--
INFO: Run Behavior\ReadHtmlCacheBehavior [ RunTime:0.001037s ]
INFO: [ app_begin ] --END-- [ RunTime:0.001107s ]
SQL: SHOW COLUMNS FROM `train` [ RunTime:0.0659s ]
SQL: SELECT COUNT(id) AS tp_count FROM train t WHERE t.trainer_id = 2 AND `add_time` BETWEEN 1530374400 AND 1533052799 LIMIT 1   [ RunTime:0.0652s ]
ERR: 1052:Column 'add_time' in where clause is ambiguous
 [ SQLËØ≠Âè• ] : SELECT t.*,t_n.real_name,t_n.mobile,c_b.caregiver_name,c_b.baby_name,c.course FROM train t left join trainer t_n ON t_n.id=t.trainer_id left join caregiver_baby c_b ON c_b.id=t.caregiver_baby_id left join course c ON c.id=t.course_id  WHERE t.trainer_id = 2 AND `add_time` BETWEEN 1530374400 AND 1533052799 ORDER BY id desc LIMIT 0,10  
ERR: 1052:Column 'add_time' in where clause is ambiguous
 [ SQLËØ≠Âè• ] : SELECT t.*,t_n.real_name,t_n.mobile,c_b.caregiver_name,c_b.baby_name,c.course FROM train t left join trainer t_n ON t_n.id=t.trainer_id left join caregiver_baby c_b ON c_b.id=t.caregiver_baby_id left join course c ON c.id=t.course_id  WHERE t.trainer_id = 2 AND `add_time` BETWEEN 1530374400 AND 1533052799 ORDER BY id desc LIMIT 0,10  

[ 2018-07-06T18:22:10+08:00 ] 127.0.0.1 /Train/index.html?trainer_id=2&caregiver_id=4&add_time=2018-07-01+~+2018-07-31&page=1&limit=10
INFO: [ app_init ] --START--
INFO: Run Behavior\BuildLiteBehavior [ RunTime:0.000019s ]
INFO: [ app_init ] --END-- [ RunTime:0.000595s ]
INFO: [ app_begin ] --START--
INFO: Run Behavior\ReadHtmlCacheBehavior [ RunTime:0.001250s ]
INFO: [ app_begin ] --END-- [ RunTime:0.001323s ]
SQL: SHOW COLUMNS FROM `train` [ RunTime:0.0629s ]
SQL: SELECT COUNT(id) AS tp_count FROM train t WHERE t.trainer_id = 2 AND `add_time` BETWEEN 1530374400 AND 1533052799 LIMIT 1   [ RunTime:0.0618s ]
ERR: 1052:Column 'add_time' in where clause is ambiguous
 [ SQLËØ≠Âè• ] : SELECT t.*,t_n.real_name,t_n.mobile,c_b.caregiver_name,c_b.baby_name,c.course FROM train t left join trainer t_n ON t_n.id=t.trainer_id left join caregiver_baby c_b ON c_b.id=t.caregiver_baby_id left join course c ON c.id=t.course_id  WHERE t.trainer_id = 2 AND `add_time` BETWEEN 1530374400 AND 1533052799 ORDER BY id desc LIMIT 0,10  
ERR: 1052:Column 'add_time' in where clause is ambiguous
 [ SQLËØ≠Âè• ] : SELECT t.*,t_n.real_name,t_n.mobile,c_b.caregiver_name,c_b.baby_name,c.course FROM train t left join trainer t_n ON t_n.id=t.trainer_id left join caregiver_baby c_b ON c_b.id=t.caregiver_baby_id left join course c ON c.id=t.course_id  WHERE t.trainer_id = 2 AND `add_time` BETWEEN 1530374400 AND 1533052799 ORDER BY id desc LIMIT 0,10  

[ 2018-07-06T18:23:17+08:00 ] 127.0.0.1 /Train/index.html?trainer_id=2&caregiver_id=4&add_time=2018-07-01+~+2018-07-31&page=1&limit=10
INFO: [ app_init ] --START--
INFO: Run Behavior\BuildLiteBehavior [ RunTime:0.000029s ]
INFO: [ app_init ] --END-- [ RunTime:0.001316s ]
INFO: [ app_begin ] --START--
INFO: Run Behavior\ReadHtmlCacheBehavior [ RunTime:0.001374s ]
INFO: [ app_begin ] --END-- [ RunTime:0.001465s ]
SQL: SHOW COLUMNS FROM `train` [ RunTime:0.0992s ]
SQL: SELECT COUNT(id) AS tp_count FROM train t WHERE t.trainer_id = 2 AND UNIX_TIMESTAMP(add_time) BETWEEN 1530374400 AND 1533052799 LIMIT 1   [ RunTime:0.0698s ]
ERR: 1052:Column 'add_time' in where clause is ambiguous
 [ SQLËØ≠Âè• ] : SELECT t.*,t_n.real_name,t_n.mobile,c_b.caregiver_name,c_b.baby_name,c.course FROM train t left join trainer t_n ON t_n.id=t.trainer_id left join caregiver_baby c_b ON c_b.id=t.caregiver_baby_id left join course c ON c.id=t.course_id  WHERE t.trainer_id = 2 AND UNIX_TIMESTAMP(add_time) BETWEEN 1530374400 AND 1533052799 ORDER BY id desc LIMIT 0,10  
ERR: 1052:Column 'add_time' in where clause is ambiguous
 [ SQLËØ≠Âè• ] : SELECT t.*,t_n.real_name,t_n.mobile,c_b.caregiver_name,c_b.baby_name,c.course FROM train t left join trainer t_n ON t_n.id=t.trainer_id left join caregiver_baby c_b ON c_b.id=t.caregiver_baby_id left join course c ON c.id=t.course_id  WHERE t.trainer_id = 2 AND UNIX_TIMESTAMP(add_time) BETWEEN 1530374400 AND 1533052799 ORDER BY id desc LIMIT 0,10  

[ 2018-07-06T18:23:36+08:00 ] 127.0.0.1 /Train/index.html?trainer_id=2&caregiver_baby_id=4
INFO: [ app_init ] --START--
INFO: Run Behavior\BuildLiteBehavior [ RunTime:0.000015s ]
INFO: [ app_init ] --END-- [ RunTime:0.000945s ]
INFO: [ app_begin ] --START--
INFO: Run Behavior\ReadHtmlCacheBehavior [ RunTime:0.000919s ]
INFO: [ app_begin ] --END-- [ RunTime:0.000990s ]
SQL: SHOW COLUMNS FROM `trainer` [ RunTime:0.0663s ]
SQL: SELECT `id`,`real_name`,`mobile` FROM `trainer` WHERE `status` = 1  [ RunTime:0.0657s ]
INFO: [ view_parse ] --START--
INFO: [ template_filter ] --START--
INFO: Run Behavior\ContentReplaceBehavior [ RunTime:0.000292s ]
INFO: [ template_filter ] --END-- [ RunTime:0.000388s ]
INFO: Run Behavior\ParseTemplateBehavior [ RunTime:0.035659s ]
INFO: [ view_parse ] --END-- [ RunTime:0.035826s ]
INFO: [ view_filter ] --START--
INFO: Run Behavior\WriteHtmlCacheBehavior [ RunTime:0.001625s ]
INFO: [ view_filter ] --END-- [ RunTime:0.001707s ]
INFO: [ app_end ] --START--
INFO: Run Behavior\ShowPageTraceBehavior [ RunTime:0.002030s ]
INFO: [ app_end ] --END-- [ RunTime:0.002124s ]

[ 2018-07-06T18:23:36+08:00 ] 127.0.0.1 /Train/getCaregiverData.html?trainer_id=2
INFO: [ app_init ] --START--
INFO: Run Behavior\BuildLiteBehavior [ RunTime:0.000017s ]
INFO: [ app_init ] --END-- [ RunTime:0.000659s ]
INFO: [ app_begin ] --START--
INFO: Run Behavior\ReadHtmlCacheBehavior [ RunTime:0.001242s ]
INFO: [ app_begin ] --END-- [ RunTime:0.001348s ]
SQL: SHOW COLUMNS FROM `caregiver_baby` [ RunTime:0.0786s ]
SQL: SELECT `id`,`caregiver_name`,`baby_name` FROM `caregiver_baby` WHERE `trainer_id` = 2  [ RunTime:0.0946s ]

[ 2018-07-06T18:23:37+08:00 ] 127.0.0.1 /Train/index.html?trainer_id=2&caregiver_id=&add_time=&page=1&limit=10
INFO: [ app_init ] --START--
INFO: Run Behavior\BuildLiteBehavior [ RunTime:0.000027s ]
INFO: [ app_init ] --END-- [ RunTime:0.000952s ]
INFO: [ app_begin ] --START--
INFO: Run Behavior\ReadHtmlCacheBehavior [ RunTime:0.001463s ]
INFO: [ app_begin ] --END-- [ RunTime:0.001547s ]
SQL: SHOW COLUMNS FROM `train` [ RunTime:0.0626s ]
SQL: SELECT COUNT(id) AS tp_count FROM train t WHERE t.trainer_id = 2 LIMIT 1   [ RunTime:0.0627s ]
SQL: SELECT t.*,t_n.real_name,t_n.mobile,c_b.caregiver_name,c_b.baby_name,c.course FROM train t left join trainer t_n ON t_n.id=t.trainer_id left join caregiver_baby c_b ON c_b.id=t.caregiver_baby_id left join course c ON c.id=t.course_id  WHERE t.trainer_id = 2 ORDER BY id desc LIMIT 0,10   [ RunTime:0.0635s ]

