[ 2018-11-13T10:10:40+08:00 ] 127.0.0.1 /
INFO: [ app_init ] --START--
INFO: Run Behavior\BuildLiteBehavior [ RunTime:0.000014s ]
INFO: [ app_init ] --END-- [ RunTime:0.004894s ]
INFO: [ app_begin ] --START--
INFO: Run Behavior\ReadHtmlCacheBehavior [ RunTime:0.001335s ]
INFO: [ app_begin ] --END-- [ RunTime:0.001390s ]

[ 2018-11-13T10:10:40+08:00 ] 127.0.0.1 /Login/index.html
INFO: [ app_init ] --START--
INFO: Run Behavior\BuildLiteBehavior [ RunTime:0.000024s ]
INFO: [ app_init ] --END-- [ RunTime:0.000741s ]
INFO: [ app_begin ] --START--
INFO: Run Behavior\ReadHtmlCacheBehavior [ RunTime:0.000720s ]
INFO: [ app_begin ] --END-- [ RunTime:0.000772s ]
INFO: [ view_parse ] --START--
INFO: [ template_filter ] --START--
INFO: Run Behavior\ContentReplaceBehavior [ RunTime:0.001310s ]
INFO: [ template_filter ] --END-- [ RunTime:0.001375s ]
INFO: Run Behavior\ParseTemplateBehavior [ RunTime:0.022796s ]
INFO: [ view_parse ] --END-- [ RunTime:0.022867s ]
INFO: [ view_filter ] --START--
INFO: Run Behavior\WriteHtmlCacheBehavior [ RunTime:0.001820s ]
INFO: [ view_filter ] --END-- [ RunTime:0.001880s ]
INFO: [ app_end ] --START--
INFO: Run Behavior\ShowPageTraceBehavior [ RunTime:0.001366s ]
INFO: [ app_end ] --END-- [ RunTime:0.001406s ]

[ 2018-11-13T10:10:41+08:00 ] 127.0.0.1 /favicon.ico
INFO: [ app_init ] --START--
INFO: Run Behavior\BuildLiteBehavior [ RunTime:0.000024s ]
INFO: [ app_init ] --END-- [ RunTime:0.001116s ]

[ 2018-11-13T10:10:42+08:00 ] 127.0.0.1 /Login/doLogin.html
INFO: [ app_init ] --START--
INFO: Run Behavior\BuildLiteBehavior [ RunTime:0.000015s ]
INFO: [ app_init ] --END-- [ RunTime:0.000641s ]
INFO: [ app_begin ] --START--
INFO: Run Behavior\ReadHtmlCacheBehavior [ RunTime:0.000659s ]
INFO: [ app_begin ] --END-- [ RunTime:0.000701s ]
SQL: SHOW COLUMNS FROM `admin` [ RunTime:0.0601s ]
SQL: SELECT * FROM `admin` WHERE `username` = 'admin' AND `password` = '3f47c8a76a2af609c466ed3b6214aa31' LIMIT 1   [ RunTime:0.0597s ]

[ 2018-11-13T10:10:46+08:00 ] 127.0.0.1 /Index/index.html
INFO: [ app_init ] --START--
INFO: Run Behavior\BuildLiteBehavior [ RunTime:0.000020s ]
INFO: [ app_init ] --END-- [ RunTime:0.000806s ]
INFO: [ app_begin ] --START--
INFO: Run Behavior\ReadHtmlCacheBehavior [ RunTime:0.000675s ]
INFO: [ app_begin ] --END-- [ RunTime:0.000726s ]
INFO: [ view_parse ] --START--
INFO: [ template_filter ] --START--
INFO: Run Behavior\ContentReplaceBehavior [ RunTime:0.000125s ]
INFO: [ template_filter ] --END-- [ RunTime:0.000180s ]
INFO: Run Behavior\ParseTemplateBehavior [ RunTime:0.017460s ]
INFO: [ view_parse ] --END-- [ RunTime:0.017524s ]
INFO: [ view_filter ] --START--
INFO: Run Behavior\WriteHtmlCacheBehavior [ RunTime:0.000567s ]
INFO: [ view_filter ] --END-- [ RunTime:0.000605s ]
INFO: [ app_end ] --START--
INFO: Run Behavior\ShowPageTraceBehavior [ RunTime:0.000861s ]
INFO: [ app_end ] --END-- [ RunTime:0.000915s ]

[ 2018-11-13T10:10:51+08:00 ] 127.0.0.1 /CaregiverBaby/index.html
INFO: [ app_init ] --START--
INFO: Run Behavior\BuildLiteBehavior [ RunTime:0.000013s ]
INFO: [ app_init ] --END-- [ RunTime:0.000571s ]
INFO: [ app_begin ] --START--
INFO: Run Behavior\ReadHtmlCacheBehavior [ RunTime:0.000692s ]
INFO: [ app_begin ] --END-- [ RunTime:0.000748s ]
SQL: SHOW COLUMNS FROM `trainer` [ RunTime:0.0643s ]
SQL: SELECT `id`,`real_name`,`mobile` FROM `trainer` WHERE `status` = 1  [ RunTime:0.0637s ]
INFO: [ view_parse ] --START--
INFO: [ template_filter ] --START--
INFO: Run Behavior\ContentReplaceBehavior [ RunTime:0.000142s ]
INFO: [ template_filter ] --END-- [ RunTime:0.000185s ]
INFO: Run Behavior\ParseTemplateBehavior [ RunTime:0.014993s ]
INFO: [ view_parse ] --END-- [ RunTime:0.015046s ]
INFO: [ view_filter ] --START--
INFO: Run Behavior\WriteHtmlCacheBehavior [ RunTime:0.000501s ]
INFO: [ view_filter ] --END-- [ RunTime:0.000530s ]
INFO: [ app_end ] --START--
INFO: Run Behavior\ShowPageTraceBehavior [ RunTime:0.000722s ]
INFO: [ app_end ] --END-- [ RunTime:0.000770s ]

[ 2018-11-13T10:10:51+08:00 ] 127.0.0.1 /CaregiverBaby/index.html?page=1&limit=10
INFO: [ app_init ] --START--
INFO: Run Behavior\BuildLiteBehavior [ RunTime:0.000012s ]
INFO: [ app_init ] --END-- [ RunTime:0.000527s ]
INFO: [ app_begin ] --START--
INFO: Run Behavior\ReadHtmlCacheBehavior [ RunTime:0.001184s ]
INFO: [ app_begin ] --END-- [ RunTime:0.001281s ]
SQL: SHOW COLUMNS FROM `caregiver_baby` [ RunTime:0.0645s ]
SQL: SELECT COUNT(id) AS tp_count FROM caregiver_baby c LIMIT 1   [ RunTime:0.0635s ]
SQL: SELECT c.*,t.real_name,t.mobile FROM caregiver_baby c left join trainer t ON t.id=c.trainer_id  ORDER BY id desc LIMIT 0,10   [ RunTime:0.0651s ]

[ 2018-11-13T10:11:08+08:00 ] 127.0.0.1 /Trainer/index.html
INFO: [ app_init ] --START--
INFO: Run Behavior\BuildLiteBehavior [ RunTime:0.000014s ]
INFO: [ app_init ] --END-- [ RunTime:0.000637s ]
INFO: [ app_begin ] --START--
INFO: Run Behavior\ReadHtmlCacheBehavior [ RunTime:0.000729s ]
INFO: [ app_begin ] --END-- [ RunTime:0.000783s ]
INFO: [ view_parse ] --START--
INFO: [ template_filter ] --START--
INFO: Run Behavior\ContentReplaceBehavior [ RunTime:0.000125s ]
INFO: [ template_filter ] --END-- [ RunTime:0.000169s ]
INFO: Run Behavior\ParseTemplateBehavior [ RunTime:0.012936s ]
INFO: [ view_parse ] --END-- [ RunTime:0.013006s ]
INFO: [ view_filter ] --START--
INFO: Run Behavior\WriteHtmlCacheBehavior [ RunTime:0.000496s ]
INFO: [ view_filter ] --END-- [ RunTime:0.000529s ]
INFO: [ app_end ] --START--
INFO: Run Behavior\ShowPageTraceBehavior [ RunTime:0.000747s ]
INFO: [ app_end ] --END-- [ RunTime:0.000788s ]

[ 2018-11-13T10:11:08+08:00 ] 127.0.0.1 /Trainer/index.html?page=1&limit=10
INFO: [ app_init ] --START--
INFO: Run Behavior\BuildLiteBehavior [ RunTime:0.000023s ]
INFO: [ app_init ] --END-- [ RunTime:0.000989s ]
INFO: [ app_begin ] --START--
INFO: Run Behavior\ReadHtmlCacheBehavior [ RunTime:0.001334s ]
INFO: [ app_begin ] --END-- [ RunTime:0.001433s ]
SQL: SHOW COLUMNS FROM `trainer` [ RunTime:0.0605s ]
SQL: SELECT COUNT(id) AS tp_count FROM `trainer` LIMIT 1   [ RunTime:0.0599s ]
SQL: SELECT * FROM `trainer` ORDER BY id desc LIMIT 0,10   [ RunTime:0.0608s ]

[ 2018-11-13T10:11:19+08:00 ] 127.0.0.1 /Trainer/index.html?page=2&limit=10
INFO: [ app_init ] --START--
INFO: Run Behavior\BuildLiteBehavior [ RunTime:0.000014s ]
INFO: [ app_init ] --END-- [ RunTime:0.000668s ]
INFO: [ app_begin ] --START--
INFO: Run Behavior\ReadHtmlCacheBehavior [ RunTime:0.000663s ]
INFO: [ app_begin ] --END-- [ RunTime:0.000707s ]
SQL: SHOW COLUMNS FROM `trainer` [ RunTime:0.0643s ]
SQL: SELECT COUNT(id) AS tp_count FROM `trainer` LIMIT 1   [ RunTime:0.0629s ]
SQL: SELECT * FROM `trainer` ORDER BY id desc LIMIT 0,10   [ RunTime:0.0640s ]

[ 2018-11-13T10:11:22+08:00 ] 127.0.0.1 /Trainer/index.html?page=1&limit=10
INFO: [ app_init ] --START--
INFO: Run Behavior\BuildLiteBehavior [ RunTime:0.000013s ]
INFO: [ app_init ] --END-- [ RunTime:0.000571s ]
INFO: [ app_begin ] --START--
INFO: Run Behavior\ReadHtmlCacheBehavior [ RunTime:0.000648s ]
INFO: [ app_begin ] --END-- [ RunTime:0.000687s ]
SQL: SHOW COLUMNS FROM `trainer` [ RunTime:0.0621s ]
SQL: SELECT COUNT(id) AS tp_count FROM `trainer` LIMIT 1   [ RunTime:0.0608s ]
SQL: SELECT * FROM `trainer` ORDER BY id desc LIMIT 0,10   [ RunTime:0.0619s ]

[ 2018-11-13T10:11:24+08:00 ] 127.0.0.1 /Trainer/index.html?page=2&limit=10
INFO: [ app_init ] --START--
INFO: Run Behavior\BuildLiteBehavior [ RunTime:0.000014s ]
INFO: [ app_init ] --END-- [ RunTime:0.000544s ]
INFO: [ app_begin ] --START--
INFO: Run Behavior\ReadHtmlCacheBehavior [ RunTime:0.000705s ]
INFO: [ app_begin ] --END-- [ RunTime:0.000753s ]
SQL: SHOW COLUMNS FROM `trainer` [ RunTime:0.0604s ]
SQL: SELECT COUNT(id) AS tp_count FROM `trainer` LIMIT 1   [ RunTime:0.0605s ]
SQL: SELECT * FROM `trainer` ORDER BY id desc LIMIT 0,10   [ RunTime:0.0606s ]

[ 2018-11-13T10:11:28+08:00 ] 127.0.0.1 /Trainer/index.html?page=1&limit=10
INFO: [ app_init ] --START--
INFO: Run Behavior\BuildLiteBehavior [ RunTime:0.000017s ]
INFO: [ app_init ] --END-- [ RunTime:0.000601s ]
INFO: [ app_begin ] --START--
INFO: Run Behavior\ReadHtmlCacheBehavior [ RunTime:0.000814s ]
INFO: [ app_begin ] --END-- [ RunTime:0.000862s ]
SQL: SHOW COLUMNS FROM `trainer` [ RunTime:0.0643s ]
SQL: SELECT COUNT(id) AS tp_count FROM `trainer` LIMIT 1   [ RunTime:0.0629s ]
SQL: SELECT * FROM `trainer` ORDER BY id desc LIMIT 0,10   [ RunTime:0.0636s ]

[ 2018-11-13T10:11:30+08:00 ] 127.0.0.1 /Trainer/index.html?page=2&limit=10
INFO: [ app_init ] --START--
INFO: Run Behavior\BuildLiteBehavior [ RunTime:0.000014s ]
INFO: [ app_init ] --END-- [ RunTime:0.000631s ]
INFO: [ app_begin ] --START--
INFO: Run Behavior\ReadHtmlCacheBehavior [ RunTime:0.000667s ]
INFO: [ app_begin ] --END-- [ RunTime:0.000709s ]
SQL: SHOW COLUMNS FROM `trainer` [ RunTime:0.0612s ]
SQL: SELECT COUNT(id) AS tp_count FROM `trainer` LIMIT 1   [ RunTime:0.0601s ]
SQL: SELECT * FROM `trainer` ORDER BY id desc LIMIT 0,10   [ RunTime:0.0606s ]

[ 2018-11-13T10:11:35+08:00 ] 127.0.0.1 /Trainer/index.html?page=1&limit=10
INFO: [ app_init ] --START--
INFO: Run Behavior\BuildLiteBehavior [ RunTime:0.000015s ]
INFO: [ app_init ] --END-- [ RunTime:0.000653s ]
INFO: [ app_begin ] --START--
INFO: Run Behavior\ReadHtmlCacheBehavior [ RunTime:0.000839s ]
INFO: [ app_begin ] --END-- [ RunTime:0.000901s ]
SQL: SHOW COLUMNS FROM `trainer` [ RunTime:0.0605s ]
SQL: SELECT COUNT(id) AS tp_count FROM `trainer` LIMIT 1   [ RunTime:0.0595s ]
SQL: SELECT * FROM `trainer` ORDER BY id desc LIMIT 0,10   [ RunTime:0.0602s ]

[ 2018-11-13T10:11:37+08:00 ] 127.0.0.1 /Trainer/index.html?page=2&limit=10
INFO: [ app_init ] --START--
INFO: Run Behavior\BuildLiteBehavior [ RunTime:0.000016s ]
INFO: [ app_init ] --END-- [ RunTime:0.000658s ]
INFO: [ app_begin ] --START--
INFO: Run Behavior\ReadHtmlCacheBehavior [ RunTime:0.000821s ]
INFO: [ app_begin ] --END-- [ RunTime:0.000879s ]
SQL: SHOW COLUMNS FROM `trainer` [ RunTime:0.0648s ]
SQL: SELECT COUNT(id) AS tp_count FROM `trainer` LIMIT 1   [ RunTime:0.0632s ]
SQL: SELECT * FROM `trainer` ORDER BY id desc LIMIT 0,10   [ RunTime:0.0646s ]

[ 2018-11-13T10:11:54+08:00 ] 127.0.0.1 /Trainer/add.html
INFO: [ app_init ] --START--
INFO: Run Behavior\BuildLiteBehavior [ RunTime:0.000017s ]
INFO: [ app_init ] --END-- [ RunTime:0.000893s ]
INFO: [ app_begin ] --START--
INFO: Run Behavior\ReadHtmlCacheBehavior [ RunTime:0.000902s ]
INFO: [ app_begin ] --END-- [ RunTime:0.000973s ]
INFO: [ view_parse ] --START--
INFO: [ template_filter ] --START--
INFO: Run Behavior\ContentReplaceBehavior [ RunTime:0.000111s ]
INFO: [ template_filter ] --END-- [ RunTime:0.000163s ]
INFO: Run Behavior\ParseTemplateBehavior [ RunTime:0.012278s ]
INFO: [ view_parse ] --END-- [ RunTime:0.012327s ]
INFO: [ view_filter ] --START--
INFO: Run Behavior\WriteHtmlCacheBehavior [ RunTime:0.000548s ]
INFO: [ view_filter ] --END-- [ RunTime:0.000586s ]
INFO: [ app_end ] --START--
INFO: Run Behavior\ShowPageTraceBehavior [ RunTime:0.000962s ]
INFO: [ app_end ] --END-- [ RunTime:0.001021s ]

[ 2018-11-13T10:11:57+08:00 ] 127.0.0.1 /CaregiverBaby/index.html
INFO: [ app_init ] --START--
INFO: Run Behavior\BuildLiteBehavior [ RunTime:0.000014s ]
INFO: [ app_init ] --END-- [ RunTime:0.000619s ]
INFO: [ app_begin ] --START--
INFO: Run Behavior\ReadHtmlCacheBehavior [ RunTime:0.000824s ]
INFO: [ app_begin ] --END-- [ RunTime:0.000886s ]
SQL: SHOW COLUMNS FROM `trainer` [ RunTime:0.0613s ]
SQL: SELECT `id`,`real_name`,`mobile` FROM `trainer` WHERE `status` = 1  [ RunTime:0.0599s ]
INFO: [ view_parse ] --START--
INFO: [ template_filter ] --START--
INFO: Run Behavior\ContentReplaceBehavior [ RunTime:0.000214s ]
INFO: [ template_filter ] --END-- [ RunTime:0.000280s ]
INFO: Run Behavior\ParseTemplateBehavior [ RunTime:0.032159s ]
INFO: [ view_parse ] --END-- [ RunTime:0.032257s ]
INFO: [ view_filter ] --START--
INFO: Run Behavior\WriteHtmlCacheBehavior [ RunTime:0.000751s ]
INFO: [ view_filter ] --END-- [ RunTime:0.000799s ]
INFO: [ app_end ] --START--
INFO: Run Behavior\ShowPageTraceBehavior [ RunTime:0.001026s ]
INFO: [ app_end ] --END-- [ RunTime:0.001087s ]

[ 2018-11-13T10:11:57+08:00 ] 127.0.0.1 /CaregiverBaby/index.html?page=1&limit=10
INFO: [ app_init ] --START--
INFO: Run Behavior\BuildLiteBehavior [ RunTime:0.000015s ]
INFO: [ app_init ] --END-- [ RunTime:0.000760s ]
INFO: [ app_begin ] --START--
INFO: Run Behavior\ReadHtmlCacheBehavior [ RunTime:0.001233s ]
INFO: [ app_begin ] --END-- [ RunTime:0.001326s ]
SQL: SHOW COLUMNS FROM `caregiver_baby` [ RunTime:0.0614s ]
SQL: SELECT COUNT(id) AS tp_count FROM caregiver_baby c LIMIT 1   [ RunTime:0.0606s ]
SQL: SELECT c.*,t.real_name,t.mobile FROM caregiver_baby c left join trainer t ON t.id=c.trainer_id  ORDER BY id desc LIMIT 0,10   [ RunTime:0.0618s ]

[ 2018-11-13T10:12:00+08:00 ] 127.0.0.1 /CaregiverBaby/index.html?page=2&limit=10
INFO: [ app_init ] --START--
INFO: Run Behavior\BuildLiteBehavior [ RunTime:0.000015s ]
INFO: [ app_init ] --END-- [ RunTime:0.000710s ]
INFO: [ app_begin ] --START--
INFO: Run Behavior\ReadHtmlCacheBehavior [ RunTime:0.001248s ]
INFO: [ app_begin ] --END-- [ RunTime:0.001339s ]
SQL: SHOW COLUMNS FROM `caregiver_baby` [ RunTime:0.0606s ]
SQL: SELECT COUNT(id) AS tp_count FROM caregiver_baby c LIMIT 1   [ RunTime:0.0604s ]
SQL: SELECT c.*,t.real_name,t.mobile FROM caregiver_baby c left join trainer t ON t.id=c.trainer_id  ORDER BY id desc LIMIT 0,10   [ RunTime:0.0610s ]

[ 2018-11-13T10:12:02+08:00 ] 127.0.0.1 /CaregiverBaby/index.html?page=3&limit=10
INFO: [ app_init ] --START--
INFO: Run Behavior\BuildLiteBehavior [ RunTime:0.000016s ]
INFO: [ app_init ] --END-- [ RunTime:0.000760s ]
INFO: [ app_begin ] --START--
INFO: Run Behavior\ReadHtmlCacheBehavior [ RunTime:0.000770s ]
INFO: [ app_begin ] --END-- [ RunTime:0.000819s ]
SQL: SHOW COLUMNS FROM `caregiver_baby` [ RunTime:0.0609s ]
SQL: SELECT COUNT(id) AS tp_count FROM caregiver_baby c LIMIT 1   [ RunTime:0.0595s ]
SQL: SELECT c.*,t.real_name,t.mobile FROM caregiver_baby c left join trainer t ON t.id=c.trainer_id  ORDER BY id desc LIMIT 10,10   [ RunTime:0.0609s ]

[ 2018-11-13T10:12:04+08:00 ] 127.0.0.1 /CaregiverBaby/index.html?page=4&limit=10
INFO: [ app_init ] --START--
INFO: Run Behavior\BuildLiteBehavior [ RunTime:0.000015s ]
INFO: [ app_init ] --END-- [ RunTime:0.000833s ]
INFO: [ app_begin ] --START--
INFO: Run Behavior\ReadHtmlCacheBehavior [ RunTime:0.000678s ]
INFO: [ app_begin ] --END-- [ RunTime:0.000728s ]
SQL: SHOW COLUMNS FROM `caregiver_baby` [ RunTime:0.0626s ]
SQL: SELECT COUNT(id) AS tp_count FROM caregiver_baby c LIMIT 1   [ RunTime:0.0603s ]
SQL: SELECT c.*,t.real_name,t.mobile FROM caregiver_baby c left join trainer t ON t.id=c.trainer_id  ORDER BY id desc LIMIT 20,10   [ RunTime:0.0612s ]

[ 2018-11-13T10:12:05+08:00 ] 127.0.0.1 /CaregiverBaby/index.html?page=5&limit=10
INFO: [ app_init ] --START--
INFO: Run Behavior\BuildLiteBehavior [ RunTime:0.000016s ]
INFO: [ app_init ] --END-- [ RunTime:0.000736s ]
INFO: [ app_begin ] --START--
INFO: Run Behavior\ReadHtmlCacheBehavior [ RunTime:0.000679s ]
INFO: [ app_begin ] --END-- [ RunTime:0.000726s ]
SQL: SHOW COLUMNS FROM `caregiver_baby` [ RunTime:0.0605s ]
SQL: SELECT COUNT(id) AS tp_count FROM caregiver_baby c LIMIT 1   [ RunTime:0.0596s ]
SQL: SELECT c.*,t.real_name,t.mobile FROM caregiver_baby c left join trainer t ON t.id=c.trainer_id  ORDER BY id desc LIMIT 30,10   [ RunTime:0.0608s ]

[ 2018-11-13T10:12:06+08:00 ] 127.0.0.1 /CaregiverBaby/index.html?page=6&limit=10
INFO: [ app_init ] --START--
INFO: Run Behavior\BuildLiteBehavior [ RunTime:0.000014s ]
INFO: [ app_init ] --END-- [ RunTime:0.000676s ]
INFO: [ app_begin ] --START--
INFO: Run Behavior\ReadHtmlCacheBehavior [ RunTime:0.000773s ]
INFO: [ app_begin ] --END-- [ RunTime:0.000819s ]
SQL: SHOW COLUMNS FROM `caregiver_baby` [ RunTime:0.0666s ]
SQL: SELECT COUNT(id) AS tp_count FROM caregiver_baby c LIMIT 1   [ RunTime:0.0654s ]
SQL: SELECT c.*,t.real_name,t.mobile FROM caregiver_baby c left join trainer t ON t.id=c.trainer_id  ORDER BY id desc LIMIT 40,10   [ RunTime:0.0665s ]

[ 2018-11-13T10:12:17+08:00 ] 127.0.0.1 /CaregiverBaby/add.html
INFO: [ app_init ] --START--
INFO: Run Behavior\BuildLiteBehavior [ RunTime:0.000015s ]
INFO: [ app_init ] --END-- [ RunTime:0.000648s ]
INFO: [ app_begin ] --START--
INFO: Run Behavior\ReadHtmlCacheBehavior [ RunTime:0.001035s ]
INFO: [ app_begin ] --END-- [ RunTime:0.001112s ]
SQL: SHOW COLUMNS FROM `trainer` [ RunTime:0.0611s ]
SQL: SELECT `id`,`real_name`,`mobile` FROM `trainer` WHERE `status` = 1  [ RunTime:0.0610s ]
INFO: [ view_parse ] --START--
INFO: [ template_filter ] --START--
INFO: Run Behavior\ContentReplaceBehavior [ RunTime:0.000350s ]
INFO: [ template_filter ] --END-- [ RunTime:0.000437s ]
INFO: Run Behavior\ParseTemplateBehavior [ RunTime:0.047855s ]
INFO: [ view_parse ] --END-- [ RunTime:0.047969s ]
INFO: [ view_filter ] --START--
INFO: Run Behavior\WriteHtmlCacheBehavior [ RunTime:0.000950s ]
INFO: [ view_filter ] --END-- [ RunTime:0.001013s ]
INFO: [ app_end ] --START--
INFO: Run Behavior\ShowPageTraceBehavior [ RunTime:0.001377s ]
INFO: [ app_end ] --END-- [ RunTime:0.001450s ]

[ 2018-11-13T10:12:19+08:00 ] 127.0.0.1 /CaregiverBaby/index.html
INFO: [ app_init ] --START--
INFO: Run Behavior\BuildLiteBehavior [ RunTime:0.000015s ]
INFO: [ app_init ] --END-- [ RunTime:0.000699s ]
INFO: [ app_begin ] --START--
INFO: Run Behavior\ReadHtmlCacheBehavior [ RunTime:0.000991s ]
INFO: [ app_begin ] --END-- [ RunTime:0.001068s ]
SQL: SHOW COLUMNS FROM `trainer` [ RunTime:0.0669s ]
SQL: SELECT `id`,`real_name`,`mobile` FROM `trainer` WHERE `status` = 1  [ RunTime:0.0637s ]
INFO: [ view_parse ] --START--
INFO: [ template_filter ] --START--
INFO: Run Behavior\ContentReplaceBehavior [ RunTime:0.000149s ]
INFO: [ template_filter ] --END-- [ RunTime:0.000197s ]
INFO: Run Behavior\ParseTemplateBehavior [ RunTime:0.013019s ]
INFO: [ view_parse ] --END-- [ RunTime:0.013065s ]
INFO: [ view_filter ] --START--
INFO: Run Behavior\WriteHtmlCacheBehavior [ RunTime:0.000495s ]
INFO: [ view_filter ] --END-- [ RunTime:0.000528s ]
INFO: [ app_end ] --START--
INFO: Run Behavior\ShowPageTraceBehavior [ RunTime:0.000654s ]
INFO: [ app_end ] --END-- [ RunTime:0.000692s ]

[ 2018-11-13T10:12:19+08:00 ] 127.0.0.1 /CaregiverBaby/index.html?page=1&limit=10
INFO: [ app_init ] --START--
INFO: Run Behavior\BuildLiteBehavior [ RunTime:0.000023s ]
INFO: [ app_init ] --END-- [ RunTime:0.000999s ]
INFO: [ app_begin ] --START--
INFO: Run Behavior\ReadHtmlCacheBehavior [ RunTime:0.001023s ]
INFO: [ app_begin ] --END-- [ RunTime:0.001108s ]
SQL: SHOW COLUMNS FROM `caregiver_baby` [ RunTime:0.0654s ]
SQL: SELECT COUNT(id) AS tp_count FROM caregiver_baby c LIMIT 1   [ RunTime:0.0643s ]
SQL: SELECT c.*,t.real_name,t.mobile FROM caregiver_baby c left join trainer t ON t.id=c.trainer_id  ORDER BY id desc LIMIT 0,10   [ RunTime:0.0652s ]

[ 2018-11-13T10:12:31+08:00 ] 127.0.0.1 /CaregiverBaby/update.html?id=52
INFO: [ app_init ] --START--
INFO: Run Behavior\BuildLiteBehavior [ RunTime:0.000013s ]
INFO: [ app_init ] --END-- [ RunTime:0.000609s ]
INFO: [ app_begin ] --START--
INFO: Run Behavior\ReadHtmlCacheBehavior [ RunTime:0.000733s ]
INFO: [ app_begin ] --END-- [ RunTime:0.000781s ]
SQL: SHOW COLUMNS FROM `caregiver_baby` [ RunTime:0.0613s ]
SQL: SELECT * FROM `caregiver_baby` WHERE `id` = 52 LIMIT 1   [ RunTime:0.0609s ]
SQL: SHOW COLUMNS FROM `trainer` [ RunTime:0.0605s ]
SQL: SELECT `id`,`real_name`,`mobile` FROM `trainer` WHERE `status` = 1  [ RunTime:0.0605s ]
INFO: [ view_parse ] --START--
INFO: [ template_filter ] --START--
INFO: Run Behavior\ContentReplaceBehavior [ RunTime:0.000332s ]
INFO: [ template_filter ] --END-- [ RunTime:0.000421s ]
INFO: Run Behavior\ParseTemplateBehavior [ RunTime:0.040143s ]
INFO: [ view_parse ] --END-- [ RunTime:0.040244s ]
INFO: [ view_filter ] --START--
INFO: Run Behavior\WriteHtmlCacheBehavior [ RunTime:0.000854s ]
INFO: [ view_filter ] --END-- [ RunTime:0.000915s ]
INFO: [ app_end ] --START--
INFO: Run Behavior\ShowPageTraceBehavior [ RunTime:0.001344s ]
INFO: [ app_end ] --END-- [ RunTime:0.001433s ]

[ 2018-11-13T10:12:36+08:00 ] 127.0.0.1 /CaregiverBaby/index.html?page=1&limit=10
INFO: [ app_init ] --START--
INFO: Run Behavior\BuildLiteBehavior [ RunTime:0.000029s ]
INFO: [ app_init ] --END-- [ RunTime:0.001227s ]
INFO: [ app_begin ] --START--
INFO: Run Behavior\ReadHtmlCacheBehavior [ RunTime:0.001179s ]
INFO: [ app_begin ] --END-- [ RunTime:0.001271s ]
SQL: SHOW COLUMNS FROM `caregiver_baby` [ RunTime:0.0647s ]
SQL: SELECT COUNT(id) AS tp_count FROM caregiver_baby c LIMIT 1   [ RunTime:0.0640s ]
SQL: SELECT c.*,t.real_name,t.mobile FROM caregiver_baby c left join trainer t ON t.id=c.trainer_id  ORDER BY id desc LIMIT 0,10   [ RunTime:0.0646s ]

[ 2018-11-13T10:12:45+08:00 ] 127.0.0.1 /CaregiverBaby/add.html
INFO: [ app_init ] --START--
INFO: Run Behavior\BuildLiteBehavior [ RunTime:0.000020s ]
INFO: [ app_init ] --END-- [ RunTime:0.000727s ]
INFO: [ app_begin ] --START--
INFO: Run Behavior\ReadHtmlCacheBehavior [ RunTime:0.000768s ]
INFO: [ app_begin ] --END-- [ RunTime:0.000824s ]
SQL: SHOW COLUMNS FROM `trainer` [ RunTime:0.0630s ]
SQL: SELECT `id`,`real_name`,`mobile` FROM `trainer` WHERE `status` = 1  [ RunTime:0.0628s ]
INFO: [ view_parse ] --START--
INFO: [ template_filter ] --START--
INFO: Run Behavior\ContentReplaceBehavior [ RunTime:0.000163s ]
INFO: [ template_filter ] --END-- [ RunTime:0.000206s ]
INFO: Run Behavior\ParseTemplateBehavior [ RunTime:0.014375s ]
INFO: [ view_parse ] --END-- [ RunTime:0.014446s ]
INFO: [ view_filter ] --START--
INFO: Run Behavior\WriteHtmlCacheBehavior [ RunTime:0.000860s ]
INFO: [ view_filter ] --END-- [ RunTime:0.000905s ]
INFO: [ app_end ] --START--
INFO: Run Behavior\ShowPageTraceBehavior [ RunTime:0.001103s ]
INFO: [ app_end ] --END-- [ RunTime:0.001157s ]

[ 2018-11-13T10:20:44+08:00 ] 127.0.0.1 /CaregiverBaby/add.html
INFO: [ app_init ] --START--
INFO: Run Behavior\BuildLiteBehavior [ RunTime:0.000023s ]
INFO: [ app_init ] --END-- [ RunTime:0.000864s ]
INFO: [ app_begin ] --START--
INFO: Run Behavior\ReadHtmlCacheBehavior [ RunTime:0.000919s ]
INFO: [ app_begin ] --END-- [ RunTime:0.000991s ]
SQL: SHOW COLUMNS FROM `trainer` [ RunTime:0.0615s ]
SQL: SELECT `id`,`real_name`,`mobile` FROM `trainer` WHERE `status` = 1  [ RunTime:0.0613s ]
INFO: [ view_parse ] --START--
INFO: [ template_filter ] --START--
INFO: Run Behavior\ContentReplaceBehavior [ RunTime:0.000493s ]
INFO: [ template_filter ] --END-- [ RunTime:0.000632s ]
INFO: Run Behavior\ParseTemplateBehavior [ RunTime:0.041686s ]
INFO: [ view_parse ] --END-- [ RunTime:0.041820s ]
INFO: [ view_filter ] --START--
INFO: Run Behavior\WriteHtmlCacheBehavior [ RunTime:0.001643s ]
INFO: [ view_filter ] --END-- [ RunTime:0.001716s ]
INFO: [ app_end ] --START--
INFO: Run Behavior\ShowPageTraceBehavior [ RunTime:0.001409s ]
INFO: [ app_end ] --END-- [ RunTime:0.001479s ]

[ 2018-11-13T10:20:48+08:00 ] 127.0.0.1 /CaregiverBaby/index.html
INFO: [ app_init ] --START--
INFO: Run Behavior\BuildLiteBehavior [ RunTime:0.000015s ]
INFO: [ app_init ] --END-- [ RunTime:0.000745s ]
INFO: [ app_begin ] --START--
INFO: Run Behavior\ReadHtmlCacheBehavior [ RunTime:0.001518s ]
INFO: [ app_begin ] --END-- [ RunTime:0.001635s ]
SQL: SHOW COLUMNS FROM `trainer` [ RunTime:0.0634s ]
SQL: SELECT `id`,`real_name`,`mobile` FROM `trainer` WHERE `status` = 1  [ RunTime:0.0629s ]
INFO: [ view_parse ] --START--
INFO: [ template_filter ] --START--
INFO: Run Behavior\ContentReplaceBehavior [ RunTime:0.000285s ]
INFO: [ template_filter ] --END-- [ RunTime:0.000368s ]
INFO: Run Behavior\ParseTemplateBehavior [ RunTime:0.041974s ]
INFO: [ view_parse ] --END-- [ RunTime:0.042097s ]
INFO: [ view_filter ] --START--
INFO: Run Behavior\WriteHtmlCacheBehavior [ RunTime:0.001115s ]
INFO: [ view_filter ] --END-- [ RunTime:0.001188s ]
INFO: [ app_end ] --START--
INFO: Run Behavior\ShowPageTraceBehavior [ RunTime:0.001559s ]
INFO: [ app_end ] --END-- [ RunTime:0.001641s ]

[ 2018-11-13T10:20:49+08:00 ] 127.0.0.1 /CaregiverBaby/index.html?page=1&limit=10
INFO: [ app_init ] --START--
INFO: Run Behavior\BuildLiteBehavior [ RunTime:0.000027s ]
INFO: [ app_init ] --END-- [ RunTime:0.001085s ]
INFO: [ app_begin ] --START--
INFO: Run Behavior\ReadHtmlCacheBehavior [ RunTime:0.001026s ]
INFO: [ app_begin ] --END-- [ RunTime:0.001117s ]
SQL: SHOW COLUMNS FROM `caregiver_baby` [ RunTime:0.0605s ]
SQL: SELECT COUNT(id) AS tp_count FROM caregiver_baby c LIMIT 1   [ RunTime:0.0599s ]
SQL: SELECT c.*,t.real_name,t.mobile FROM caregiver_baby c left join trainer t ON t.id=c.trainer_id  ORDER BY id desc LIMIT 0,10   [ RunTime:0.3975s ]

[ 2018-11-13T10:20:51+08:00 ] 127.0.0.1 /CaregiverBaby/index.html?page=2&limit=10
INFO: [ app_init ] --START--
INFO: Run Behavior\BuildLiteBehavior [ RunTime:0.000015s ]
INFO: [ app_init ] --END-- [ RunTime:0.000780s ]
INFO: [ app_begin ] --START--
INFO: Run Behavior\ReadHtmlCacheBehavior [ RunTime:0.000663s ]
INFO: [ app_begin ] --END-- [ RunTime:0.000709s ]
SQL: SHOW COLUMNS FROM `caregiver_baby` [ RunTime:0.0606s ]
SQL: SELECT COUNT(id) AS tp_count FROM caregiver_baby c LIMIT 1   [ RunTime:0.0595s ]
SQL: SELECT c.*,t.real_name,t.mobile FROM caregiver_baby c left join trainer t ON t.id=c.trainer_id  ORDER BY id desc LIMIT 10,10   [ RunTime:0.0609s ]

[ 2018-11-13T10:20:53+08:00 ] 127.0.0.1 /CaregiverBaby/index.html?page=3&limit=10
INFO: [ app_init ] --START--
INFO: Run Behavior\BuildLiteBehavior [ RunTime:0.000016s ]
INFO: [ app_init ] --END-- [ RunTime:0.000828s ]
INFO: [ app_begin ] --START--
INFO: Run Behavior\ReadHtmlCacheBehavior [ RunTime:0.000763s ]
INFO: [ app_begin ] --END-- [ RunTime:0.000820s ]
SQL: SHOW COLUMNS FROM `caregiver_baby` [ RunTime:0.0614s ]
SQL: SELECT COUNT(id) AS tp_count FROM caregiver_baby c LIMIT 1   [ RunTime:0.0600s ]
SQL: SELECT c.*,t.real_name,t.mobile FROM caregiver_baby c left join trainer t ON t.id=c.trainer_id  ORDER BY id desc LIMIT 20,10   [ RunTime:0.4351s ]

[ 2018-11-13T10:20:54+08:00 ] 127.0.0.1 /CaregiverBaby/index.html?page=6&limit=10
INFO: [ app_init ] --START--
INFO: Run Behavior\BuildLiteBehavior [ RunTime:0.000012s ]
INFO: [ app_init ] --END-- [ RunTime:0.000548s ]
INFO: [ app_begin ] --START--
INFO: Run Behavior\ReadHtmlCacheBehavior [ RunTime:0.000667s ]
INFO: [ app_begin ] --END-- [ RunTime:0.000709s ]
SQL: SHOW COLUMNS FROM `caregiver_baby` [ RunTime:0.0594s ]
SQL: SELECT COUNT(id) AS tp_count FROM caregiver_baby c LIMIT 1   [ RunTime:0.0589s ]
SQL: SELECT c.*,t.real_name,t.mobile FROM caregiver_baby c left join trainer t ON t.id=c.trainer_id  ORDER BY id desc LIMIT 50,10   [ RunTime:0.0599s ]

